Log file open, 10/25/18 15:24:34
LogWindows: Failed to load 'aqProf.dll' (GetLastError=126)
LogWindows: File 'aqProf.dll' does not exist
LogWindows: Failed to load 'VtuneApi.dll' (GetLastError=126)
LogWindows: File 'VtuneApi.dll' does not exist
LogWindows: Failed to load 'VtuneApi32e.dll' (GetLastError=126)
LogWindows: File 'VtuneApi32e.dll' does not exist
LogInit: Display: Running engine for game: SGAUnreal
LogPlatformFile: Not using cached read wrapper
LogTaskGraph: Started task graph with 5 named threads and 23 total threads with 3 sets of task threads.
LogStats: Stats thread started at 0.274550
LogD3D11RHI: Loaded GFSDK_Aftermath_Lib.x64.dll
LogICUInternationalization: Display: ICU TimeZone Detection - Raw Offset: +9:00, Platform Override: ''
LogPluginManager: Mounting plugin Paper2D
LogPluginManager: Mounting plugin AISupport
LogPluginManager: Mounting plugin LightPropagationVolume
LogPluginManager: Mounting plugin CLionSourceCodeAccess
LogPluginManager: Mounting plugin CodeLiteSourceCodeAccess
LogPluginManager: Mounting plugin GitSourceControl
LogPluginManager: Mounting plugin KDevelopSourceCodeAccess
LogPluginManager: Mounting plugin NullSourceCodeAccess
LogPluginManager: Mounting plugin PerforceSourceControl
LogPluginManager: Mounting plugin SubversionSourceControl
LogPluginManager: Mounting plugin UObjectPlugin
LogPluginManager: Mounting plugin VisualStudioCodeSourceCodeAccess
LogPluginManager: Mounting plugin VisualStudioSourceCodeAccess
LogPluginManager: Mounting plugin XCodeSourceCodeAccess
LogPluginManager: Mounting plugin AssetManagerEditor
LogPluginManager: Mounting plugin CryptoKeys
LogPluginManager: Mounting plugin DataValidation
LogPluginManager: Mounting plugin FacialAnimation
LogPluginManager: Mounting plugin GameplayTagsEditor
LogPluginManager: Mounting plugin MacGraphicsSwitching
LogPluginManager: Mounting plugin MeshEditor
LogPluginManager: Mounting plugin MobileLauncherProfileWizard
LogPluginManager: Mounting plugin PluginBrowser
LogPluginManager: Mounting plugin SpeedTreeImporter
LogPluginManager: Mounting plugin DatasmithContent
LogPluginManager: Mounting plugin AlembicImporter
LogPluginManager: Mounting plugin AppleImageUtils
LogPluginManager: Mounting plugin AppleVision
LogPluginManager: Mounting plugin BackChannel
LogPluginManager: Mounting plugin CharacterAI
LogPluginManager: Mounting plugin GeometryCache
LogPluginManager: Mounting plugin HTML5Networking
LogPluginManager: Mounting plugin ProxyLODPlugin
LogPluginManager: Mounting plugin MagicLeap
LogPluginManager: Mounting plugin MagicLeapEmulator
LogPluginManager: Mounting plugin MagicLeapMedia
LogPluginManager: Mounting plugin AndroidMedia
LogPluginManager: Mounting plugin AvfMedia
LogPluginManager: Mounting plugin ImgMedia
LogPluginManager: Mounting plugin LinearTimecode
LogPluginManager: Mounting plugin MediaCompositing
LogPluginManager: Mounting plugin MediaPlayerEditor
LogPluginManager: Mounting plugin WmfMedia
LogPluginManager: Mounting plugin TcpMessaging
LogPluginManager: Mounting plugin UdpMessaging
LogPluginManager: Mounting plugin ActorSequence
LogPluginManager: Mounting plugin LevelSequenceEditor
LogPluginManager: Mounting plugin MatineeToLevelSequence
LogPluginManager: Mounting plugin NetcodeUnitTest
LogPluginManager: Mounting plugin NUTUnrealEngine4
LogPluginManager: Mounting plugin OnlineSubsystemGooglePlay
LogPluginManager: Mounting plugin OnlineSubsystemIOS
LogPluginManager: Mounting plugin OnlineSubsystem
LogPluginManager: Mounting plugin OnlineSubsystemNull
LogPluginManager: Mounting plugin OnlineSubsystemUtils
LogPluginManager: Mounting plugin LauncherChunkInstaller
LogPluginManager: Mounting plugin AndroidDeviceProfileSelector
LogPluginManager: Mounting plugin AndroidMoviePlayer
LogPluginManager: Mounting plugin AndroidPermission
LogPluginManager: Mounting plugin AppleMoviePlayer
LogPluginManager: Mounting plugin ArchVisCharacter
LogPluginManager: Mounting plugin AudioCapture
LogPluginManager: Mounting plugin CableComponent
LogPluginManager: Mounting plugin CustomMeshComponent
LogPluginManager: Mounting plugin EditableMesh
LogPluginManager: Mounting plugin ExampleDeviceProfileSelector
LogPluginManager: Mounting plugin GoogleCloudMessaging
LogPluginManager: Mounting plugin ImmediatePhysics
LogPluginManager: Mounting plugin IOSDeviceProfileSelector
LogPluginManager: Mounting plugin LinuxDeviceProfileSelector
LogPluginManager: Mounting plugin LocationServicesBPLibrary
LogPluginManager: Mounting plugin MobilePatchingUtils
LogPluginManager: Mounting plugin OculusVR
LogPluginManager: Plugin shader directory ../../../Engine/Plugins/Runtime/Oculus/OculusVR/Shaders found
LogPluginManager: Mapping shader source directory ../../../Engine/Plugins/Runtime/Oculus/OculusVR/Shaders to virtual directory /Plugin/OculusVR
LogPluginManager: Mounting plugin PhysXVehicles
LogPluginManager: Mounting plugin ProceduralMeshComponent
LogPluginManager: Mounting plugin RuntimePhysXCooking
LogPluginManager: Mounting plugin SteamVR
LogPluginManager: Mounting plugin WindowsMoviePlayer
LogStreaming: Display: Took  0.067s to configure plugins.
LogInit: Using libcurl 7.55.1-DEV
LogInit:  - built for x86_64-pc-win32
LogInit:  - supports SSL with OpenSSL/1.0.2h
LogInit:  - supports HTTP deflate (compression) using libz 1.2.8
LogInit:  - other features:
LogInit:      CURL_VERSION_SSL
LogInit:      CURL_VERSION_LIBZ
LogInit:      CURL_VERSION_IPV6
LogInit:      CURL_VERSION_ASYNCHDNS
LogInit:      CURL_VERSION_LARGEFILE
LogInit:      CURL_VERSION_IDN
LogInit:  CurlRequestOptions (configurable via config and command line):
LogInit:  - bVerifyPeer = false  - Libcurl will NOT verify peer certificate
LogInit:  - bUseHttpProxy = false  - Libcurl will NOT use HTTP proxy
LogInit:  - bDontReuseConnections = false  - Libcurl will reuse connections
LogInit:  - CertBundlePath = nullptr  - Libcurl will use whatever was configured at build time.
LogInit:  - MaxHostConnections = 16  - Libcurl will limit the number of connections to a host
LogInit:  - LocalHostAddr = Default
LogInit:  - BufferSize = 65536
LogInit: WinSock: version 1.1 (2.2), MaxSocks=32767, MaxUdp=65467
LogInit: Build: ++UE4+Release-4.20-CL-4369336
LogInit: Engine Version: 4.20.3-4369336+++UE4+Release-4.20
LogInit: Compatible Engine Version: 4.20.0-4212847+++UE4+Release-4.20
LogInit: Net CL: 4212847
LogInit: OS: Windows 10 (), CPU: Intel(R) Core(TM) i7-6700 CPU @ 3.40GHz, GPU: NVIDIA GeForce GTX 1080 Ti
LogInit: Compiled (64-bit): Sep 17 2018 12:26:19
LogInit: Compiled with Visual C++: 19.13.26129.00
LogInit: Build Configuration: Development
LogInit: Branch Name: ++UE4+Release-4.20
LogInit: Command Line:  
LogInit: Base Directory: E:/Program Files/Epic Games/UE_4.20/Engine/Binaries/Win64/
LogInit: Installed Engine Build: 1
LogDevObjectVersion: Number of dev versions registered: 20
LogDevObjectVersion:   Dev-Blueprints (B0D832E4-1F89-4F0D-ACCF-7EB736FD4AA2): 10
LogDevObjectVersion:   Dev-Build (E1C64328-A22C-4D53-A36C-8E866417BD8C): 0
LogDevObjectVersion:   Dev-Core (375EC13C-06E4-48FB-B500-84F0262A717E): 2
LogDevObjectVersion:   Dev-Editor (E4B068ED-F494-42E9-A231-DA0B2E46BB41): 24
LogDevObjectVersion:   Dev-Framework (CFFC743F-43B0-4480-9391-14DF171D2073): 34
LogDevObjectVersion:   Dev-Mobile (B02B49B5-BB20-44E9-A304-32B752E40360): 2
LogDevObjectVersion:   Dev-Networking (A4E4105C-59A1-49B5-A7C5-40C4547EDFEE): 0
LogDevObjectVersion:   Dev-Online (39C831C9-5AE6-47DC-9A44-9C173E1C8E7C): 0
LogDevObjectVersion:   Dev-Physics (78F01B33-EBEA-4F98-B9B4-84EACCB95AA2): 0
LogDevObjectVersion:   Dev-Platform (6631380F-2D4D-43E0-8009-CF276956A95A): 0
LogDevObjectVersion:   Dev-Rendering (12F88B9F-8875-4AFC-A67C-D90C383ABD29): 26
LogDevObjectVersion:   Dev-Sequencer (7B5AE74C-D270-4C10-A958-57980B212A5A): 9
LogDevObjectVersion:   Dev-VR (D7296918-1DD6-4BDD-9DE2-64A83CC13884): 2
LogDevObjectVersion:   Dev-LoadTimes (C2A15278-BFE7-4AFE-6C17-90FF531DF755): 1
LogDevObjectVersion:   Private-Geometry (6EACA3D4-40EC-4CC1-B786-8BED09428FC5): 3
LogDevObjectVersion:   Dev-AnimPhys (29E575DD-E0A3-4627-9D10-D276232CDCEA): 17
LogDevObjectVersion:   Dev-ReflectionCapture (6B266CEC-1EC7-4B8F-A30B-E4D90942FC07): 1
LogDevObjectVersion:   Dev-Automation (0DF73D61-A23F-47EA-B727-89E90C41499A): 1
LogDevObjectVersion:   FortniteMain (601D1886-AC64-4F84-AA16-D3DE0DEAC7D6): 12
LogDevObjectVersion:   Dev-Enterprise (9DFFBCD6-494F-0158-E221-12823C92A888): 1
LogStreaming: Display: Took  0.000s to delete old logs.
LogInit: Presizing for max 8388607 objects, including 0 objects not considered by GC, pre-allocating 0 bytes for permanent pool.
LogInit: Object subsystem initialized
[2018.10.25-06.24.34:550][  0]LogInit: Selected Device Profile: [Windows]
[2018.10.25-06.24.34:550][  0]LogInit: Applying CVar settings loaded from the selected device profile: [Windows]
[2018.10.25-06.24.34:562][  0]LogHAL: Display: Platform has ~ 16 GB [17062834176 / 17179869184 / 16], which maps to Larger [LargestMinGB=32, LargerMinGB=12, DefaultMinGB=8, SmallerMinGB=6, SmallestMinGB=0)
[2018.10.25-06.24.34:562][  0]LogInit: Setting Device Profile CVar: [[r.Vulkan.UseRealUBs:1]]
[2018.10.25-06.24.34:562][  0]LogInit: Going up to parent DeviceProfile []
[2018.10.25-06.24.34:562][  0]LogInit: Computer: DESKTOP-9NE7PLN
[2018.10.25-06.24.34:562][  0]LogInit: User: ine07
[2018.10.25-06.24.34:562][  0]LogInit: CPU Page size=4096, Cores=4
[2018.10.25-06.24.34:562][  0]LogInit: High frequency timer resolution =3.328125 MHz
[2018.10.25-06.24.34:563][  0]LogMemory: Memory total: Physical=15.9GB (16GB approx)
[2018.10.25-06.24.34:563][  0]LogMemory: Platform Memory Stats for Windows
[2018.10.25-06.24.34:563][  0]LogMemory: Process Physical Memory: 100.06 MB used, 100.06 MB peak
[2018.10.25-06.24.34:563][  0]LogMemory: Process Virtual Memory: 91.14 MB used, 91.14 MB peak
[2018.10.25-06.24.34:563][  0]LogMemory: Physical Memory: 5177.91 MB used,  11094.48 MB free, 16272.39 MB total
[2018.10.25-06.24.34:563][  0]LogMemory: Virtual Memory: 4640.38 MB used,  11094.48 MB free, 134217728.00 MB total
[2018.10.25-06.24.34:576][  0]LogInit: Using OS detected language (ko-KR).
[2018.10.25-06.24.34:576][  0]LogInit: Using OS detected locale (ko-KR).
[2018.10.25-06.24.34:576][  0]LogTextLocalizationManager: No specific localization for 'ko-KR' exists, so the 'ko' localization will be used.
[2018.10.25-06.24.34:927][  0]LogStreaming: Display: Took  0.352s to InitEngineTextLocalization.
[2018.10.25-06.24.34:927][  0]LogInit: Setting process to per monitor DPI aware
[2018.10.25-06.24.34:958][  0]LogSlate: New Slate User Created.  User Index 0, Is Virtual User: 0
[2018.10.25-06.24.34:958][  0]LogSlate: Slate User Registered.  User Index 0, Is Virtual User: 0
[2018.10.25-06.24.35:140][  0]LogHMD: Failed to initialize OpenVR with code 110
[2018.10.25-06.24.35:140][  0]LogD3D11RHI: D3D11 adapters:
[2018.10.25-06.24.35:190][  0]LogD3D11RHI:    0. 'NVIDIA GeForce GTX 1080 Ti' (Feature Level 11_0)
[2018.10.25-06.24.35:190][  0]LogD3D11RHI:       11127/0/8136 MB DedicatedVideo/DedicatedSystem/SharedSystem, Outputs:1, VendorId:0x10de
[2018.10.25-06.24.35:200][  0]LogD3D11RHI:    1. 'Intel(R) HD Graphics 530' (Feature Level 11_0)
[2018.10.25-06.24.35:200][  0]LogD3D11RHI:       128/0/8136 MB DedicatedVideo/DedicatedSystem/SharedSystem, Outputs:0, VendorId:0x8086
[2018.10.25-06.24.35:201][  0]LogD3D11RHI:    2. 'Microsoft Basic Render Driver' (Feature Level 11_0)
[2018.10.25-06.24.35:202][  0]LogD3D11RHI:       0/0/8136 MB DedicatedVideo/DedicatedSystem/SharedSystem, Outputs:0, VendorId:0x1414
[2018.10.25-06.24.35:202][  0]LogD3D11RHI: Chosen D3D11 Adapter: 0
[2018.10.25-06.24.35:208][  0]LogD3D11RHI: Creating new Direct3DDevice
[2018.10.25-06.24.35:208][  0]LogD3D11RHI:     GPU DeviceId: 0x1b06 (for the marketing name, search the web for "GPU Device Id")
[2018.10.25-06.24.35:208][  0]LogWindows: EnumDisplayDevices:
[2018.10.25-06.24.35:208][  0]LogWindows:    0. 'NVIDIA GeForce GTX 1080 Ti' (P:1 D:1)
[2018.10.25-06.24.35:208][  0]LogWindows:    1. 'NVIDIA GeForce GTX 1080 Ti' (P:0 D:0)
[2018.10.25-06.24.35:208][  0]LogWindows:    2. 'NVIDIA GeForce GTX 1080 Ti' (P:0 D:0)
[2018.10.25-06.24.35:208][  0]LogWindows:    3. 'NVIDIA GeForce GTX 1080 Ti' (P:0 D:0)
[2018.10.25-06.24.35:209][  0]LogWindows:    4. 'Intel(R) HD Graphics 530' (P:0 D:0)
[2018.10.25-06.24.35:209][  0]LogWindows:    5. 'Intel(R) HD Graphics 530' (P:0 D:0)
[2018.10.25-06.24.35:209][  0]LogWindows:    6. 'Intel(R) HD Graphics 530' (P:0 D:0)
[2018.10.25-06.24.35:209][  0]LogWindows: DebugString: PrimaryIsNotTheChoosenAdapter PrimaryIsNotTheChoosenAdapter PrimaryIsNotTheChoosenAdapter FoundDriverCount:4 
[2018.10.25-06.24.35:209][  0]LogD3D11RHI:     Adapter Name: NVIDIA GeForce GTX 1080 Ti
[2018.10.25-06.24.35:209][  0]LogD3D11RHI:   Driver Version: 391.35 (internal:23.21.13.9135, unified:391.35)
[2018.10.25-06.24.35:209][  0]LogD3D11RHI:      Driver Date: 3-23-2018
[2018.10.25-06.24.35:209][  0]LogRHI: Texture pool is 7788 MB (70% of 11127 MB)
[2018.10.25-06.24.35:243][  0]LogD3D11RHI: Async texture creation enabled
[2018.10.25-06.24.35:261][  0]LogD3D11RHI: GPU Timing Frequency: 1000.000000 (Debug: 2 2)
[2018.10.25-06.24.35:309][  0]LogShaderCompilers: Guid format shader working directory is -7 characters bigger than the processId version (D:/L.Programs/Programming/Unreal/SGA_unreal/SGAUnreal/Intermediate/Shaders/WorkingDirectory/6216/).
[2018.10.25-06.24.35:309][  0]LogShaderCompilers: Cleaned the shader compiler working directory 'C:/Users/ine07/AppData/Local/Temp/UnrealShaderWorkingDir/B91CC7274164FB997305978B734947EC/'.
[2018.10.25-06.24.35:548][  0]LogTemp: Display: Loaded TP AllDesktopTargetPlatform
[2018.10.25-06.24.35:559][  0]LogTemp: Display: Loaded TP MacClientTargetPlatform
[2018.10.25-06.24.35:572][  0]LogTemp: Display: Loaded TP MacNoEditorTargetPlatform
[2018.10.25-06.24.35:587][  0]LogTemp: Display: Loaded TP MacServerTargetPlatform
[2018.10.25-06.24.35:601][  0]LogTemp: Display: Loaded TP MacTargetPlatform
[2018.10.25-06.24.35:613][  0]LogTemp: Display: Loaded TP WindowsClientTargetPlatform
[2018.10.25-06.24.35:625][  0]LogTemp: Display: Loaded TP WindowsNoEditorTargetPlatform
[2018.10.25-06.24.35:638][  0]LogTemp: Display: Loaded TP WindowsServerTargetPlatform
[2018.10.25-06.24.35:643][  0]LogTemp: Display: Loaded TP WindowsTargetPlatform
[2018.10.25-06.24.35:711][  0]LogTemp: Display: Loaded TP AndroidTargetPlatform
[2018.10.25-06.24.35:711][  0]LogTemp: Display: Loaded TP AndroidTargetPlatform
[2018.10.25-06.24.35:711][  0]LogTemp: Display: Loaded TP AndroidTargetPlatform
[2018.10.25-06.24.35:711][  0]LogTemp: Display: Loaded TP AndroidTargetPlatform
[2018.10.25-06.24.35:711][  0]LogTemp: Display: Loaded TP AndroidTargetPlatform
[2018.10.25-06.24.35:711][  0]LogTemp: Display: Loaded TP AndroidTargetPlatform
[2018.10.25-06.24.35:711][  0]LogTemp: Display: Loaded TP AndroidTargetPlatform
[2018.10.25-06.24.35:711][  0]LogTemp: Display: Loaded TP AndroidTargetPlatform
[2018.10.25-06.24.35:711][  0]LogTemp: Display: Loaded TP AndroidTargetPlatform
[2018.10.25-06.24.35:711][  0]LogTemp: Display: Loaded TP AndroidTargetPlatform
[2018.10.25-06.24.35:711][  0]LogTemp: Display: Loaded TP AndroidTargetPlatform
[2018.10.25-06.24.35:711][  0]LogTemp: Display: Loaded TP AndroidTargetPlatform
[2018.10.25-06.24.35:711][  0]LogTemp: Display: Loaded TP AndroidTargetPlatform
[2018.10.25-06.24.35:711][  0]LogTemp: Display: Loaded TP AndroidTargetPlatform
[2018.10.25-06.24.35:711][  0]LogTemp: Display: Loaded TP AndroidTargetPlatform
[2018.10.25-06.24.35:711][  0]LogTemp: Display: Loaded TP AndroidTargetPlatform
[2018.10.25-06.24.35:711][  0]LogTemp: Display: Loaded TP AndroidTargetPlatform
[2018.10.25-06.24.35:711][  0]LogTemp: Display: Loaded TP AndroidTargetPlatform
[2018.10.25-06.24.35:713][  0]LogTemp: Display: Loaded TP HTML5TargetPlatform
[2018.10.25-06.24.35:769][  0]LogTemp: Display: Loaded TP IOSTargetPlatform
[2018.10.25-06.24.35:769][  0]LogTemp: Display: Loaded TP IOSTargetPlatform
[2018.10.25-06.24.35:791][  0]LogTemp: Display: Loaded TP TVOSTargetPlatform
[2018.10.25-06.24.35:791][  0]LogTemp: Display: Loaded TP TVOSTargetPlatform
[2018.10.25-06.24.35:802][  0]LogTemp: Display: Loaded TP LinuxClientTargetPlatform
[2018.10.25-06.24.35:814][  0]LogTemp: Display: Loaded TP LinuxNoEditorTargetPlatform
[2018.10.25-06.24.35:825][  0]LogTemp: Display: Loaded TP LinuxServerTargetPlatform
[2018.10.25-06.24.35:838][  0]LogTemp: Display: Loaded TP LinuxTargetPlatform
[2018.10.25-06.24.35:846][  0]LogTemp: Display: Loaded TP LuminTargetPlatform
[2018.10.25-06.24.35:846][  0]LogTargetPlatformManager: Display: Building Assets For Windows
[2018.10.25-06.24.35:887][  0]LogXGEController: Cannot use XGE Controller as Incredibuild is not installed on this machine.
[2018.10.25-06.24.35:887][  0]LogShaderCompilers: Cannot use XGE Shader Compiler as Incredibuild is not installed on this machine.
[2018.10.25-06.24.35:887][  0]LogShaderCompilers: Display: Using Local Shader Compiler.
[2018.10.25-06.24.36:517][  0]LogDerivedDataCache: Display: Max Cache Size: 512 MB
[2018.10.25-06.24.36:579][  0]LogDerivedDataCache: Loaded boot cache 0.06s 71MB C:/Users/ine07/AppData/Local/UnrealEngine/4.20/DerivedDataCache/Boot.ddc.
[2018.10.25-06.24.36:581][  0]LogDerivedDataCache: Display: Loaded Boot cache: C:/Users/ine07/AppData/Local/UnrealEngine/4.20/DerivedDataCache/Boot.ddc
[2018.10.25-06.24.36:581][  0]LogDerivedDataCache: FDerivedDataBackendGraph:  Pak pak cache file D:/L.Programs/Programming/Unreal/SGA_unreal/SGAUnreal/DerivedDataCache/DDC.ddp not found, will not use a pak cache.
[2018.10.25-06.24.36:581][  0]LogDerivedDataCache: Unable to find inner node Pak for hierarchical cache Hierarchy.
[2018.10.25-06.24.36:581][  0]LogDerivedDataCache: FDerivedDataBackendGraph:  CompressedPak pak cache file D:/L.Programs/Programming/Unreal/SGA_unreal/SGAUnreal/DerivedDataCache/Compressed.ddp not found, will not use a pak cache.
[2018.10.25-06.24.36:581][  0]LogDerivedDataCache: Unable to find inner node CompressedPak for hierarchical cache Hierarchy.
[2018.10.25-06.24.36:593][  0]LogDerivedDataCache: Display: Pak cache opened for reading ../../../Engine/DerivedDataCache/Compressed.ddp.
[2018.10.25-06.24.36:605][  0]LogDerivedDataCache: Using Local data cache path C:/Users/ine07/AppData/Local/UnrealEngine/Common/DerivedDataCache: Writable
[2018.10.25-06.24.36:605][  0]LogDerivedDataCache: Shared data cache path not found in *engine.ini, will not use an Shared cache.
[2018.10.25-06.24.36:605][  0]LogDerivedDataCache: Unable to find inner node Shared for hierarchical cache Hierarchy.
[2018.10.25-06.24.36:621][  0]LogMaterial: Verifying Global Shaders for PCD3D_SM5
[2018.10.25-06.24.36:622][  0]LogSlate: Using FreeType 2.6.0
[2018.10.25-06.24.36:623][  0]LogSlate: SlateFontServices - WITH_FREETYPE: 1, WITH_HARFBUZZ: 1
[2018.10.25-06.24.36:693][  0]LogAssetRegistry: FAssetRegistry took 0.0259 seconds to start up
[2018.10.25-06.24.36:971][  0]LogInit: Selected Device Profile: [Windows]
[2018.10.25-06.24.37:086][  0]LogSimplygon: Simplygon DLL not present - disabling.
[2018.10.25-06.24.37:088][  0]LogMeshReduction: Using SimplygonSwarm for distributed automatic mesh merging
[2018.10.25-06.24.37:088][  0]LogMeshReduction: Using ProxyLODMeshReduction for automatic mesh merging
[2018.10.25-06.24.37:089][  0]LogMeshReduction: Using QuadricMeshReduction for automatic static mesh reduction
[2018.10.25-06.24.37:089][  0]LogMeshReduction: No automatic skeletal mesh reduction module available
[2018.10.25-06.24.37:101][  0]LogNetVersion: SGAUnreal 1.0.0, NetCL: 4212847, EngineNetVer: 5, GameNetVer: 0 (Checksum: 2779230690)
[2018.10.25-06.24.37:552][  0]LogPackageLocalizationCache: Processed 11 localized package path(s) for 2 prioritized culture(s) in 0.079595 seconds
[2018.10.25-06.24.37:558][  0]LogUObjectArray: 38425 objects as part of root set at end of initial load.
[2018.10.25-06.24.37:558][  0]LogUObjectAllocator: 6690872 out of 0 bytes used by permanent object pool.
[2018.10.25-06.24.37:558][  0]LogUObjectArray: CloseDisregardForGC: 0/0 objects in disregard for GC pool
[2018.10.25-06.24.38:319][  0]LogTcpMessaging: Initializing TcpMessaging bridge
[2018.10.25-06.24.38:332][  0]LogUdpMessaging: Initializing bridge on interface 0.0.0.0:0 to multicast group 230.0.0.1:6666.
[2018.10.25-06.24.38:517][  0]SourceControl: 소스 컨트롤이 꺼졌습니다.
[2018.10.25-06.24.38:517][  0]SourceControl: 소스 컨트롤이 꺼졌습니다.
[2018.10.25-06.24.38:518][  0]SourceControl: 소스 컨트롤이 꺼졌습니다.
[2018.10.25-06.24.38:519][  0]SourceControl: 소스 컨트롤이 꺼졌습니다.
[2018.10.25-06.24.38:664][  0]LogAndroidPermission: UAndroidPermissionCallbackProxy::GetInstance
[2018.10.25-06.24.38:839][  0]LogOcInput: OculusInput pre-init called
[2018.10.25-06.24.38:890][  0]LogEngine: Initializing Engine...
[2018.10.25-06.24.38:890][  0]LogHMD: Failed to initialize OpenVR with code 110
[2018.10.25-06.24.38:891][  0]LogStats: UGameplayTagsManager::ConstructGameplayTagTree: ImportINI prefixes -  0.000 s
[2018.10.25-06.24.38:891][  0]LogStats: UGameplayTagsManager::ConstructGameplayTagTree: Construct from data asset -  0.000 s
[2018.10.25-06.24.38:892][  0]LogStats: UGameplayTagsManager::ConstructGameplayTagTree: ImportINI -  0.000 s
[2018.10.25-06.24.38:892][  0]LogStats: UGameplayTagsManager::ConstructGameplayTagTree: GameplayTagTreeChangedEvent.Broadcast -  0.000 s
[2018.10.25-06.24.39:078][  0]LogInit: Initializing FReadOnlyCVARCache
[2018.10.25-06.24.39:088][  0]LogAIModule: Creating AISystem for world Untitled
[2018.10.25-06.24.39:178][  0]LogInit: XAudio2 using '헤드셋 이어폰(HyperX Virtual Surround Sound)' : 2 channels at 44.1 kHz using 16 bits per sample (channel mask 0x3)
[2018.10.25-06.24.39:191][  0]LogInit: FAudioDevice initialized.
[2018.10.25-06.24.39:192][  0]LogNetVersion: Set ProjectVersion to 1.0.0.0. Version Checksum will be recalculated on next use.
[2018.10.25-06.24.39:266][  0]LogDerivedDataCache: Saved boot cache 0.07s 71MB C:/Users/ine07/AppData/Local/UnrealEngine/4.20/DerivedDataCache/Boot.ddc.
[2018.10.25-06.24.39:269][  0]LogInit: Texture streaming: Enabled
[2018.10.25-06.24.39:281][  0]LogEngineSessionManager: EngineSessionManager initialized
[2018.10.25-06.24.39:282][  0]LogEngineSessionManager: EngineSessionManager sent abnormal shutdown report. Type=Crashed, SessionId={679E8CDD-4EBD-CE77-55BF-2F91C0DD8FAA}
[2018.10.25-06.24.39:292][  0]LogInit: Transaction tracking system initialized
[2018.10.25-06.24.39:306][  0]BlueprintLog: New page: 에디터 로드
[2018.10.25-06.24.39:368][  0]LocalizationService: 현지화 서비스가 비활성화되었습니다.
[2018.10.25-06.24.39:641][  0]LogCook: Display: Max memory allowance for cook 16384mb min free memory 0mb
[2018.10.25-06.24.39:641][  0]LogCook: Display: Mobile HDR setting 1
[2018.10.25-06.24.39:641][  0]LogGameplayTags: Display: UGameplayTagsManager::DoneAddingNativeTags. DelegateIsBound: 0
[2018.10.25-06.24.39:641][  0]LogStats: UGameplayTagsManager::ConstructGameplayTagTree: ImportINI prefixes -  0.000 s
[2018.10.25-06.24.39:641][  0]LogStats: UGameplayTagsManager::ConstructGameplayTagTree: Construct from data asset -  0.000 s
[2018.10.25-06.24.39:641][  0]LogStats: UGameplayTagsManager::ConstructGameplayTagTree: ImportINI -  0.000 s
[2018.10.25-06.24.39:641][  0]LogStats: UGameplayTagsManager::ConstructGameplayTagTree: GameplayTagTreeChangedEvent.Broadcast -  0.000 s
[2018.10.25-06.24.39:692][  0]LogFileCache: Scanning file cache for directory 'D:/L.Programs/Programming/Unreal/SGA_unreal/SGAUnreal/Content/' took 0.01s
[2018.10.25-06.24.39:730][  0]SourceControl: 소스 컨트롤이 꺼졌습니다.
[2018.10.25-06.24.39:731][  0]Cmd: MAP LOAD FILE="../../../Engine/Content/Maps/Templates/Template_Default.umap" TEMPLATE=1 SHOWPROGRESS=1 FEATURELEVEL=3
[2018.10.25-06.24.39:731][  0]LightingResults: New page: 라이팅 빌드
[2018.10.25-06.24.39:732][  0]MapCheck: New page: 맵 체크
[2018.10.25-06.24.39:732][  0]LightingResults: New page: 라이팅 빌드
[2018.10.25-06.24.39:913][  0]LogAIModule: Creating AISystem for world Untitled_1
[2018.10.25-06.24.39:920][  0]LogEditorServer: Finished looking for orphan Actors (0.000 secs)
[2018.10.25-06.24.39:940][  0]Cmd: MAP CHECKDEP NOCLEARLOG
[2018.10.25-06.24.39:984][  0]MapCheck: 맵 체크 완료: 오류 0 회, 경고 0 회, 소요 시간 43.748ms.
[2018.10.25-06.24.39:984][  0]LogFileHelpers: Loading map 'Template_Default' took 0.254
[2018.10.25-06.24.40:086][  0]LogSlate: Updating window title bar state: overlay mode, drag disabled, window buttons hidden, title bar hidden
[2018.10.25-06.24.40:093][  0]LogSlate: Updating window title bar state: overlay mode, drag disabled, window buttons hidden, title bar hidden
[2018.10.25-06.24.40:100][  0]LogSlate: Updating window title bar state: overlay mode, drag disabled, window buttons hidden, title bar hidden
[2018.10.25-06.24.40:106][  0]LogSlate: Updating window title bar state: overlay mode, drag disabled, window buttons hidden, title bar hidden
[2018.10.25-06.24.40:111][  0]LogCollectionManager: Loaded 0 collections in 0.000983 seconds
[2018.10.25-06.24.40:151][  0]LogFileCache: Scanning file cache for directory 'D:/L.Programs/Programming/Unreal/SGA_unreal/SGAUnreal/Saved/Collections/' took 0.01s
[2018.10.25-06.24.40:151][  0]LogFileCache: Scanning file cache for directory 'D:/L.Programs/Programming/Unreal/SGA_unreal/SGAUnreal/Content/Developers/ine07/Collections/' took 0.01s
[2018.10.25-06.24.40:151][  0]LogFileCache: Scanning file cache for directory 'D:/L.Programs/Programming/Unreal/SGA_unreal/SGAUnreal/Content/Collections/' took 0.01s
[2018.10.25-06.24.40:151][  0]LogCollectionManager: Rebuilt the GUID cache for 0 collections in 0.000001 seconds
[2018.10.25-06.24.40:161][  0]LogContentBrowser: Native class hierarchy populated in 0.0095 seconds. Added 2576 classes and 605 folders.
[2018.10.25-06.24.40:167][  0]LogContentBrowser: Native class hierarchy updated for 'WidgetCarousel' in 0.0003 seconds. Added 0 classes and 0 folders.
[2018.10.25-06.24.40:201][  0]LogContentBrowser: Native class hierarchy updated for 'AddContentDialog' in 0.0003 seconds. Added 0 classes and 0 folders.
[2018.10.25-06.24.40:212][  0]LogContentBrowser: Native class hierarchy updated for 'SceneOutliner' in 0.0003 seconds. Added 1 classes and 2 folders.
[2018.10.25-06.24.40:292][  0]LogContentBrowser: Native class hierarchy updated for 'HierarchicalLODOutliner' in 0.0003 seconds. Added 0 classes and 0 folders.
[2018.10.25-06.24.40:293][  0]LogLoad: (Engine Initialization) Total time: 7.07 seconds
[2018.10.25-06.24.40:293][  0]LogLoad: (Engine Initialization) Total Blueprint compile time: 0.00 seconds
[2018.10.25-06.24.40:304][  0]LogWindowsTextInputMethodSystem: Display: IME system now activated using TSF (Microsoft 입력기).
[2018.10.25-06.24.40:330][  0]LogContentStreaming: Texture pool size now 1000 MB
[2018.10.25-06.24.40:331][  0]LogSlate: Took 0.000162 seconds to synchronously load lazily loaded font '../../../Engine/Content/Slate/Fonts/Roboto-Regular.ttf' (155K)
[2018.10.25-06.24.40:333][  0]LogSlate: Took 0.001773 seconds to synchronously load lazily loaded font '../../../Engine/Content/Editor/Slate/Fonts/NanumGothic.ttf' (4243K)
[2018.10.25-06.24.40:336][  0]LogSlate: Took 0.002574 seconds to synchronously load lazily loaded font '../../../Engine/Content/Editor/Slate/Fonts/NanumGothicBold.ttf' (4188K)
[2018.10.25-06.24.40:336][  0]LogSlate: Took 0.000132 seconds to synchronously load lazily loaded font '../../../Engine/Content/Slate/Fonts/Roboto-Bold.ttf' (160K)
[2018.10.25-06.24.40:341][  0]LogSlate: Took 0.000249 seconds to synchronously load lazily loaded font '../../../Engine/Content/Editor/Slate/Fonts/FontAwesome.ttf' (139K)
[2018.10.25-06.24.40:417][  0]LogSlate: Took 0.000228 seconds to synchronously load lazily loaded font '../../../Engine/Content/Slate/Fonts/Roboto-Light.ttf' (167K)
[2018.10.25-06.24.40:442][  1]LogRenderer: Reallocating scene render targets to support 804x360 Format 10 NumSamples 1 (Frame:1).
[2018.10.25-06.24.40:549][  1]LogAssetRegistry: Asset discovery search completed in 3.8776 seconds
[2018.10.25-06.24.40:551][  1]LogCollectionManager: Rebuilt the object cache for 0 collections in 0.000000 seconds (found 0 objects)
[2018.10.25-06.24.40:551][  1]LogCollectionManager: Fixed up redirectors for 0 collections in 0.000060 seconds (updated 0 objects)
[2018.10.25-06.24.41:322][ 86]LogSlate: Took 0.000164 seconds to synchronously load lazily loaded font '../../../Engine/Content/Slate/Fonts/Roboto-Light.ttf' (167K)
[2018.10.25-06.24.43:431][328]LogRenderer: Reallocating scene render targets to support 1208x576 Format 10 NumSamples 1 (Frame:330).
[2018.10.25-06.24.44:965][509]LogSlate: FSceneViewport::OnFocusLost() reason 0
[2018.10.25-06.24.48:197][895]LogSlate: FSceneViewport::OnFocusLost() reason 2
[2018.10.25-06.25.29:579][330]LogHotReload: New module detected: UE4Editor-SGAUnreal-1956.dll
[2018.10.25-06.25.30:595][334]LogHotReload: Starting Hot-Reload from IDE
[2018.10.25-06.25.30:653][334]LogContentBrowser: Native class hierarchy updated for 'SGAUnreal' in 0.0004 seconds. Added 4 classes and 2 folders.
[2018.10.25-06.25.30:655][334]Display: HotReload successful (2 functions remapped  0 scriptstructs remapped)
[2018.10.25-06.25.30:773][334]LogContentBrowser: Native class hierarchy populated in 0.0092 seconds. Added 2577 classes and 607 folders.
[2018.10.25-06.25.30:776][334]Display: HotReload took  0.2s.
[2018.10.25-06.26.26:232][789]LogSlate: FSceneViewport::OnFocusLost() reason 0
[2018.10.25-06.26.27:996][996]LogAIModule: Creating AISystem for world Level1
[2018.10.25-06.26.28:002][996]LogAssetEditorManager: Opening Asset editor for World /Game/Levels/Level1.Level1
[2018.10.25-06.26.28:023][996]Cmd: MAP LOAD FILE="D:/L.Programs/Programming/Unreal/SGA_unreal/SGAUnreal/Content/Levels/Level1.umap" TEMPLATE=0 SHOWPROGRESS=1 FEATURELEVEL=3
[2018.10.25-06.26.28:023][996]LightingResults: New page: 라이팅 빌드
[2018.10.25-06.26.28:024][996]LoadErrors: New page: 맵 로드중: Level1.umap
[2018.10.25-06.26.28:024][996]MapCheck: New page: 맵 체크
[2018.10.25-06.26.28:024][996]LightingResults: New page: 라이팅 빌드
[2018.10.25-06.26.28:092][996]LogEditorServer: Finished looking for orphan Actors (0.000 secs)
[2018.10.25-06.26.28:137][996]Cmd: MAP CHECKDEP NOCLEARLOG
[2018.10.25-06.26.28:184][996]MapCheck: 맵 체크 완료: 오류 0 회, 경고 0 회, 소요 시간 46.312ms.
[2018.10.25-06.26.28:184][996]LogFileHelpers: Loading map 'Level1' took 0.161
[2018.10.25-06.26.29:995][208]LogSlate: FSceneViewport::OnFocusLost() reason 0
[2018.10.25-06.29.35:140][341]LogHotReload: New module detected: UE4Editor-SGAUnreal-8925.dll
[2018.10.25-06.29.36:161][345]LogHotReload: Starting Hot-Reload from IDE
[2018.10.25-06.29.36:220][345]LogContentBrowser: Native class hierarchy updated for 'SGAUnreal' in 0.0004 seconds. Added 4 classes and 2 folders.
[2018.10.25-06.29.36:222][345]Display: HotReload successful (2 functions remapped  0 scriptstructs remapped)
[2018.10.25-06.29.36:274][345]LogContentBrowser: Native class hierarchy populated in 0.0085 seconds. Added 2577 classes and 607 folders.
[2018.10.25-06.29.36:278][345]Display: HotReload took  0.1s.
[2018.10.25-06.30.07:650][438]LogHotReload: New module detected: UE4Editor-SGAUnreal-4400.dll
[2018.10.25-06.30.08:662][442]LogHotReload: Starting Hot-Reload from IDE
[2018.10.25-06.30.08:714][442]LogContentBrowser: Native class hierarchy updated for 'SGAUnreal' in 0.0003 seconds. Added 4 classes and 2 folders.
[2018.10.25-06.30.08:716][442]Display: HotReload successful (2 functions remapped  0 scriptstructs remapped)
[2018.10.25-06.30.08:764][442]LogContentBrowser: Native class hierarchy populated in 0.0083 seconds. Added 2577 classes and 607 folders.
[2018.10.25-06.30.08:768][442]Display: HotReload took  0.1s.
[2018.10.25-06.30.28:731][501]LogHotReload: New module detected: UE4Editor-SGAUnreal-8672.dll
[2018.10.25-06.30.30:081][506]LogHotReload: Starting Hot-Reload from IDE
[2018.10.25-06.30.30:131][506]LogContentBrowser: Native class hierarchy updated for 'SGAUnreal' in 0.0003 seconds. Added 4 classes and 2 folders.
[2018.10.25-06.30.30:133][506]Display: HotReload successful (2 functions remapped  0 scriptstructs remapped)
[2018.10.25-06.30.30:178][506]LogContentBrowser: Native class hierarchy populated in 0.0087 seconds. Added 2577 classes and 607 folders.
[2018.10.25-06.30.30:183][506]Display: HotReload took  0.1s.
[2018.10.25-06.30.33:730][614]LogTemp: Repeating last play command: 독립형 게임
[2018.10.25-06.32.24:318][190]LogHotReload: New module detected: UE4Editor-SGAUnreal-6070.dll
[2018.10.25-06.32.25:672][195]LogHotReload: Starting Hot-Reload from IDE
[2018.10.25-06.32.25:718][195]LogHotReload: Re-instancing CPlayer after hot-reload.
[2018.10.25-06.32.25:815][195]LogContentBrowser: Native class hierarchy updated for 'SGAUnreal' in 0.0003 seconds. Added 4 classes and 2 folders.
[2018.10.25-06.32.25:817][195]Display: HotReload successful (2 functions remapped  0 scriptstructs remapped)
[2018.10.25-06.32.25:868][195]LogContentBrowser: Native class hierarchy populated in 0.0087 seconds. Added 2577 classes and 607 folders.
[2018.10.25-06.32.25:872][195]Display: HotReload took  0.2s.
[2018.10.25-06.32.38:398][317]LogTemp: Repeating last play command: 독립형 게임
[2018.10.25-06.33.02:069][611]LogHotReload: New module detected: UE4Editor-SGAUnreal-5322.dll
[2018.10.25-06.33.02:899][648]LogHotReload: Starting Hot-Reload from IDE
[2018.10.25-06.33.02:954][648]LogHotReload: Re-instancing CPlayer after hot-reload.
[2018.10.25-06.33.03:039][648]LogContentBrowser: Native class hierarchy updated for 'SGAUnreal' in 0.0003 seconds. Added 4 classes and 2 folders.
[2018.10.25-06.33.03:042][648]Display: HotReload successful (2 functions remapped  0 scriptstructs remapped)
[2018.10.25-06.33.03:092][648]LogContentBrowser: Native class hierarchy populated in 0.0085 seconds. Added 2577 classes and 607 folders.
[2018.10.25-06.33.03:097][648]Display: HotReload took  0.2s.
[2018.10.25-06.33.09:030][353]LogAssetEditorManager: Opening Asset editor for Blueprint /Game/Blueprints/BpCGameManager.BpCGameManager
[2018.10.25-06.33.09:446][353]LogContentBrowser: Native class hierarchy updated for 'BlueprintGraph' in 0.0007 seconds. Added 116 classes and 0 folders.
[2018.10.25-06.33.13:400][728]LogSlate: Window 'BpCGameManager' being destroyed
[2018.10.25-06.33.15:102][924]LogAssetEditorManager: Opening Asset editor for Blueprint /Game/Blueprints/BpCGameManager.BpCGameManager
[2018.10.25-06.33.15:386][924]LogSlate: Took 0.000183 seconds to synchronously load lazily loaded font '../../../Engine/Content/Slate/Fonts/Roboto-BoldCondensed.ttf' (158K)
[2018.10.25-06.33.17:496][157]LogClass: Warning: In asset 'None', there is an enum property of type 'EAutoReceiveInput' with an invalid value of ''
[2018.10.25-06.43.07:140][164]LogHotReload: New module detected: UE4Editor-SGAUnreal-7223.dll
[2018.10.25-06.43.08:161][168]LogHotReload: Starting Hot-Reload from IDE
[2018.10.25-06.43.08:234][168]LogHotReload: Re-instancing CPlayer after hot-reload.
[2018.10.25-06.43.08:411][168]LogContentBrowser: Native class hierarchy updated for 'SGAUnreal' in 0.0003 seconds. Added 4 classes and 2 folders.
[2018.10.25-06.43.08:415][168]Display: HotReload successful (2 functions remapped  0 scriptstructs remapped)
[2018.10.25-06.43.08:723][168]LogContentBrowser: Native class hierarchy populated in 0.0090 seconds. Added 2577 classes and 607 folders.
[2018.10.25-06.43.08:728][168]Display: HotReload took  0.6s.
[2018.10.25-06.43.46:401][280]LogHotReload: New module detected: UE4Editor-SGAUnreal-5129.dll
[2018.10.25-06.43.47:424][284]LogHotReload: Starting Hot-Reload from IDE
[2018.10.25-06.43.47:500][284]LogContentBrowser: Native class hierarchy updated for 'SGAUnreal' in 0.0004 seconds. Added 4 classes and 2 folders.
[2018.10.25-06.43.47:503][284]Display: HotReload successful (2 functions remapped  0 scriptstructs remapped)
[2018.10.25-06.43.47:793][284]LogContentBrowser: Native class hierarchy populated in 0.0086 seconds. Added 2577 classes and 607 folders.
[2018.10.25-06.43.47:797][284]Display: HotReload took  0.4s.
[2018.10.25-06.43.53:380][541]LogSlate: Window 'BpCGameManager' being destroyed
[2018.10.25-06.43.53:385][541]LogSlate: Window 'BpCGameManager' being destroyed
[2018.10.25-06.43.54:422][657]LogTemp: Repeating last play command: 독립형 게임
[2018.10.25-06.45.05:409][ 77]LogHotReload: New module detected: UE4Editor-SGAUnreal-7093.dll
[2018.10.25-06.45.06:428][ 81]LogHotReload: Starting Hot-Reload from IDE
[2018.10.25-06.45.06:500][ 81]LogContentBrowser: Native class hierarchy updated for 'SGAUnreal' in 0.0003 seconds. Added 4 classes and 2 folders.
[2018.10.25-06.45.06:502][ 81]Display: HotReload successful (2 functions remapped  0 scriptstructs remapped)
[2018.10.25-06.45.06:779][ 81]LogContentBrowser: Native class hierarchy populated in 0.0086 seconds. Added 2577 classes and 607 folders.
[2018.10.25-06.45.06:784][ 81]Display: HotReload took  0.4s.
[2018.10.25-06.45.09:296][186]LogTemp: Repeating last play command: 독립형 게임
[2018.10.25-06.45.26:834][660]LogSlate: Only BGRA pngs, bmps or icos are supported in by External Image Picker
[2018.10.25-06.45.26:894][661]LogTemp: Executing iPhonePackager certificates Engine -bundlename com.YourCompany.SGAUnreal
[2018.10.25-06.45.26:894][661]LogTemp: CWD: E:\Program Files\Epic Games\UE_4.20\Engine\Binaries\DotNET\IOS
[2018.10.25-06.45.26:894][661]LogTemp: Initial Dir: E:\Program Files\Epic Games\UE_4.20
[2018.10.25-06.45.26:894][661]LogTemp: Env CWD: E:\Program Files\Epic Games\UE_4.20\Engine\Binaries\DotNET\IOS
[2018.10.25-06.45.26:894][661]LogTemp: BranchPath = DESKTOP-9NE7PLN/E/Program Files/Epic Games/UE_4.20/Engine/Binaries --- GameBranchPath = DESKTOP-9NE7PLN/E/Program Files/Epic Games/UE_4.20/Engine/Binaries
[2018.10.25-06.45.26:902][661]LogTemp: IPP ERROR: Could not find provision directory 'C:\Users\ine07\AppData\Local/Apple Computer/MobileDevice/Provisioning Profiles/'.
[2018.10.25-06.45.31:329][179]LogSlate: Window '프로젝트 세팅' being destroyed
[2018.10.25-06.45.31:333][179]LogSlate: Window '프로젝트 세팅' being destroyed
[2018.10.25-06.47.23:331][666]LogHotReload: New module detected: UE4Editor-SGAUnreal-7534.dll
[2018.10.25-06.47.24:348][670]LogHotReload: Starting Hot-Reload from IDE
[2018.10.25-06.47.24:423][670]LogContentBrowser: Native class hierarchy updated for 'SGAUnreal' in 0.0003 seconds. Added 4 classes and 2 folders.
[2018.10.25-06.47.24:426][670]Display: HotReload successful (2 functions remapped  0 scriptstructs remapped)
[2018.10.25-06.47.24:707][670]LogContentBrowser: Native class hierarchy populated in 0.0082 seconds. Added 2577 classes and 607 folders.
[2018.10.25-06.47.24:712][670]Display: HotReload took  0.4s.
[2018.10.25-06.47.44:807][730]LogHotReload: New module detected: UE4Editor-SGAUnreal-6735.dll
[2018.10.25-06.47.45:829][734]LogHotReload: Starting Hot-Reload from IDE
[2018.10.25-06.47.45:912][734]LogContentBrowser: Native class hierarchy updated for 'SGAUnreal' in 0.0003 seconds. Added 4 classes and 2 folders.
[2018.10.25-06.47.45:916][734]Display: HotReload successful (2 functions remapped  0 scriptstructs remapped)
[2018.10.25-06.47.46:208][734]LogContentBrowser: Native class hierarchy populated in 0.0088 seconds. Added 2577 classes and 607 folders.
[2018.10.25-06.47.46:212][734]Display: HotReload took  0.4s.
[2018.10.25-06.47.49:302][820]LogTemp: Repeating last play command: 독립형 게임
[2018.10.25-06.49.09:605][270]LogHotReload: New module detected: UE4Editor-SGAUnreal-4805.dll
[2018.10.25-06.49.10:956][275]LogHotReload: Starting Hot-Reload from IDE
[2018.10.25-06.49.11:010][275]LogContentBrowser: Native class hierarchy updated for 'SGAUnreal' in 0.0006 seconds. Added 4 classes and 2 folders.
[2018.10.25-06.49.11:012][275]Display: HotReload successful (2 functions remapped  0 scriptstructs remapped)
[2018.10.25-06.49.11:291][275]LogContentBrowser: Native class hierarchy populated in 0.0091 seconds. Added 2577 classes and 607 folders.
[2018.10.25-06.49.11:295][275]Display: HotReload took  0.3s.
[2018.10.25-06.49.17:153][429]LogTemp: Repeating last play command: 독립형 게임
[2018.10.25-06.49.47:462][731]LogHotReload: New module detected: UE4Editor-SGAUnreal-34.dll
[2018.10.25-06.49.48:472][735]LogHotReload: Starting Hot-Reload from IDE
[2018.10.25-06.49.48:534][735]LogContentBrowser: Native class hierarchy updated for 'SGAUnreal' in 0.0003 seconds. Added 4 classes and 2 folders.
[2018.10.25-06.49.48:537][735]Display: HotReload successful (2 functions remapped  0 scriptstructs remapped)
[2018.10.25-06.49.48:809][735]LogContentBrowser: Native class hierarchy populated in 0.0084 seconds. Added 2577 classes and 607 folders.
[2018.10.25-06.49.48:814][735]Display: HotReload took  0.3s.
[2018.10.25-06.50.03:931][849]LogTemp: Repeating last play command: 독립형 게임
[2018.10.25-06.50.10:831][122]LogEditorViewport: Clicking on Actor (LMB): StaticMeshActor (Floor)
[2018.10.25-06.50.14:038][293]LogSlate: FSceneViewport::OnFocusLost() reason 2
[2018.10.25-06.50.45:678][443]LogHotReload: New module detected: UE4Editor-SGAUnreal-4044.dll
[2018.10.25-06.50.46:696][447]LogHotReload: Starting Hot-Reload from IDE
[2018.10.25-06.50.46:753][447]LogHotReload: Re-instancing CPlayer after hot-reload.
[2018.10.25-06.50.46:930][447]LogContentBrowser: Native class hierarchy updated for 'SGAUnreal' in 0.0003 seconds. Added 4 classes and 2 folders.
[2018.10.25-06.50.46:933][447]Display: HotReload successful (2 functions remapped  0 scriptstructs remapped)
[2018.10.25-06.50.47:240][447]LogContentBrowser: Native class hierarchy populated in 0.0105 seconds. Added 2577 classes and 607 folders.
[2018.10.25-06.50.47:244][447]Display: HotReload took  0.5s.
[2018.10.25-06.51.21:023][679]LogTemp: Repeating last play command: 독립형 게임
[2018.10.25-06.53.54:691][982]LogSlate: Window 'SGAUnreal - 언리얼 에디터' being destroyed
[2018.10.25-06.53.54:882][983]Cmd: QUIT_EDITOR
[2018.10.25-06.53.54:902][983]LogExit: Preparing to exit.
[2018.10.25-06.53.55:263][983]LogExit: Editor shut down
[2018.10.25-06.53.55:263][983]LogExit: Transaction tracking system shut down
[2018.10.25-06.53.55:514][983]LogExit: Object subsystem successfully closed.
[2018.10.25-06.53.55:532][983]LogShaderCompilers: Display: Shaders left to compile 0
[2018.10.25-06.53.55:534][983]LogD3D11RHI: Shutdown
[2018.10.25-06.53.55:535][983]LogD3D11RHI: CleanupD3DDevice
[2018.10.25-06.53.55:536][983]LogD3D11RHI: ~FD3D11DynamicRHI
[2018.10.25-06.53.55:546][983]LogModuleManager: Shutting down and abandoning module SGAUnreal (632)
[2018.10.25-06.53.55:546][983]LogModuleManager: Shutting down and abandoning module ExternalImagePicker (627)
[2018.10.25-06.53.55:546][983]LogModuleManager: Shutting down and abandoning module BlueprintGraph (622)
[2018.10.25-06.53.55:546][983]LogModuleManager: Shutting down and abandoning module HierarchicalLODOutliner (614)
[2018.10.25-06.53.55:546][983]LogModuleManager: Shutting down and abandoning module SceneOutliner (612)
[2018.10.25-06.53.55:546][983]LogModuleManager: Shutting down and abandoning module AddContentDialog (610)
[2018.10.25-06.53.55:547][983]LogModuleManager: Shutting down and abandoning module WidgetCarousel (609)
[2018.10.25-06.53.55:547][983]LogModuleManager: Shutting down and abandoning module EditorWidgets (606)
[2018.10.25-06.53.55:547][983]LogModuleManager: Shutting down and abandoning module CollectionManager (604)
[2018.10.25-06.53.55:547][983]LogModuleManager: Shutting down and abandoning module HierarchicalLODUtilities (602)
[2018.10.25-06.53.55:547][983]LogModuleManager: Shutting down and abandoning module StatsViewer (600)
[2018.10.25-06.53.55:547][983]LogModuleManager: Shutting down and abandoning module FoliageEdit (598)
[2018.10.25-06.53.55:547][983]LogModuleManager: Shutting down and abandoning module LandscapeEditor (596)
[2018.10.25-06.53.55:547][983]LogModuleManager: Shutting down and abandoning module MeshPaintMode (594)
[2018.10.25-06.53.55:547][983]LogModuleManager: Shutting down and abandoning module SceneDepthPickerMode (592)
[2018.10.25-06.53.55:547][983]LogModuleManager: Shutting down and abandoning module ActorPickerMode (590)
[2018.10.25-06.53.55:547][983]LogModuleManager: Shutting down and abandoning module GeometryMode (588)
[2018.10.25-06.53.55:547][983]LogModuleManager: Shutting down and abandoning module TextureAlignMode (586)
[2018.10.25-06.53.55:547][983]LogModuleManager: Shutting down and abandoning module BspMode (584)
[2018.10.25-06.53.55:547][983]LogModuleManager: Shutting down and abandoning module PIEPreviewDeviceProfileSelector (582)
[2018.10.25-06.53.55:547][983]LogModuleManager: Shutting down and abandoning module SequenceRecorderSections (580)
[2018.10.25-06.53.55:547][983]LogModuleManager: Shutting down and abandoning module AutomationWorker (578)
[2018.10.25-06.53.55:547][983]LogModuleManager: Shutting down and abandoning module AudioCaptureEditor (576)
[2018.10.25-06.53.55:547][983]LogModuleManager: Shutting down and abandoning module SequenceRecorder (575)
[2018.10.25-06.53.55:547][983]LogModuleManager: Shutting down and abandoning module MatineeToLevelSequence (572)
[2018.10.25-06.53.55:547][983]LogModuleManager: Shutting down and abandoning module LevelSequenceEditor (570)
[2018.10.25-06.53.55:547][983]LogModuleManager: Shutting down and abandoning module PlacementMode (569)
[2018.10.25-06.53.55:547][983]LogModuleManager: Shutting down and abandoning module MaterialEditor (568)
[2018.10.25-06.53.55:547][983]LogModuleManager: Shutting down and abandoning module WmfMediaFactory (564)
[2018.10.25-06.53.55:547][983]LogModuleManager: Shutting down and abandoning module WmfMediaEditor (562)
[2018.10.25-06.53.55:547][983]LogModuleManager: Shutting down and abandoning module MediaPlayerEditor (560)
[2018.10.25-06.53.55:547][983]LogModuleManager: Shutting down and abandoning module OpenExrWrapper (558)
[2018.10.25-06.53.55:547][983]LogModuleManager: Shutting down and abandoning module ImgMediaFactory (556)
[2018.10.25-06.53.55:547][983]LogModuleManager: Shutting down and abandoning module ImgMediaEditor (554)
[2018.10.25-06.53.55:547][983]LogModuleManager: Shutting down and abandoning module AvfMediaFactory (552)
[2018.10.25-06.53.55:548][983]LogModuleManager: Shutting down and abandoning module AvfMediaEditor (550)
[2018.10.25-06.53.55:548][983]LogModuleManager: Shutting down and abandoning module AndroidMediaFactory (548)
[2018.10.25-06.53.55:548][983]LogModuleManager: Shutting down and abandoning module AndroidMediaEditor (546)
[2018.10.25-06.53.55:548][983]LogModuleManager: Shutting down and abandoning module MagicLeapCameraPreviewFactory (544)
[2018.10.25-06.53.55:548][983]LogModuleManager: Shutting down and abandoning module MagicLeapMediaFactory (542)
[2018.10.25-06.53.55:548][983]LogModuleManager: Shutting down and abandoning module MagicLeapMediaEditor (540)
[2018.10.25-06.53.55:548][983]LogModuleManager: Shutting down and abandoning module CharacterAI (538)
[2018.10.25-06.53.55:548][983]LogModuleManager: Shutting down and abandoning module SmartSnapping (536)
[2018.10.25-06.53.55:548][983]LogModuleManager: Shutting down and abandoning module SessionServices (534)
[2018.10.25-06.53.55:548][983]LogModuleManager: Shutting down and abandoning module ViewportSnapping (532)
[2018.10.25-06.53.55:548][983]LogModuleManager: Shutting down and abandoning module ViewportInteraction (530)
[2018.10.25-06.53.55:548][983]LogModuleManager: Shutting down and abandoning module ClothPainter (528)
[2018.10.25-06.53.55:548][983]LogModuleManager: Shutting down and abandoning module SkeletalMeshEditor (527)
[2018.10.25-06.53.55:548][983]LogModuleManager: Shutting down and abandoning module LogVisualizer (524)
[2018.10.25-06.53.55:548][983]LogModuleManager: Shutting down and abandoning module IntroTutorials (522)
[2018.10.25-06.53.55:548][983]LogModuleManager: Shutting down and abandoning module GameProjectGeneration (521)
[2018.10.25-06.53.55:548][983]LogModuleManager: Shutting down and abandoning module LuminPlatformEditor (518)
[2018.10.25-06.53.55:548][983]LogModuleManager: Shutting down and abandoning module IOSPlatformEditor (516)
[2018.10.25-06.53.55:548][983]LogModuleManager: Shutting down and abandoning module HTML5PlatformEditor (514)
[2018.10.25-06.53.55:548][983]LogModuleManager: Shutting down and abandoning module AndroidPlatformEditor (512)
[2018.10.25-06.53.55:548][983]LogModuleManager: Shutting down and abandoning module AndroidDeviceDetection (511)
[2018.10.25-06.53.56:357][983]LogModuleManager: Shutting down and abandoning module WindowsPlatformEditor (508)
[2018.10.25-06.53.56:357][983]LogModuleManager: Shutting down and abandoning module LuminRuntimeSettings (506)
[2018.10.25-06.53.56:357][983]LogModuleManager: Shutting down and abandoning module IOSRuntimeSettings (504)
[2018.10.25-06.53.56:357][983]LogModuleManager: Shutting down and abandoning module AndroidRuntimeSettings (502)
[2018.10.25-06.53.56:357][983]LogModuleManager: Shutting down and abandoning module InputBindingEditor (500)
[2018.10.25-06.53.56:357][983]LogModuleManager: Shutting down and abandoning module MergeActors (498)
[2018.10.25-06.53.56:357][983]LogModuleManager: Shutting down and abandoning module LocalizationDashboard (496)
[2018.10.25-06.53.56:357][983]LogModuleManager: Shutting down and abandoning module LocalizationService (495)
[2018.10.25-06.53.56:357][983]LogModuleManager: Shutting down and abandoning module HardwareTargeting (492)
[2018.10.25-06.53.56:357][983]LogModuleManager: Shutting down and abandoning module DeviceProfileEditor (490)
[2018.10.25-06.53.56:357][983]LogModuleManager: Shutting down and abandoning module UndoHistory (488)
[2018.10.25-06.53.56:357][983]LogModuleManager: Shutting down and abandoning module XmlParser (486)
[2018.10.25-06.53.56:357][983]LogModuleManager: Shutting down and abandoning module Blutility (484)
[2018.10.25-06.53.56:357][983]LogModuleManager: Shutting down and abandoning module ProjectSettingsViewer (482)
[2018.10.25-06.53.56:357][983]LogModuleManager: Shutting down and abandoning module ProjectTargetPlatformEditor (481)
[2018.10.25-06.53.56:358][983]LogModuleManager: Shutting down and abandoning module EditorSettingsViewer (478)
[2018.10.25-06.53.56:358][983]LogModuleManager: Shutting down and abandoning module SettingsEditor (476)
[2018.10.25-06.53.56:358][983]LogModuleManager: Shutting down and abandoning module ProjectLauncher (474)
[2018.10.25-06.53.56:358][983]LogModuleManager: Shutting down and abandoning module SessionFrontend (472)
[2018.10.25-06.53.56:358][983]LogModuleManager: Shutting down and abandoning module ProfilerClient (470)
[2018.10.25-06.53.56:358][983]LogModuleManager: Shutting down and abandoning module DeviceManager (468)
[2018.10.25-06.53.56:358][983]LogModuleManager: Shutting down and abandoning module TargetDeviceServices (467)
[2018.10.25-06.53.56:412][983]LogModuleManager: Shutting down and abandoning module AutomationController (464)
[2018.10.25-06.53.56:412][983]LogModuleManager: Shutting down and abandoning module AutomationWindow (462)
[2018.10.25-06.53.56:412][983]LogModuleManager: Shutting down and abandoning module Layers (460)
[2018.10.25-06.53.56:412][983]LogModuleManager: Shutting down and abandoning module ComponentVisualizers (458)
[2018.10.25-06.53.56:412][983]LogModuleManager: Shutting down and abandoning module DetailCustomizations (456)
[2018.10.25-06.53.56:412][983]LogModuleManager: Shutting down and abandoning module PackagesDialog (454)
[2018.10.25-06.53.56:412][983]LogModuleManager: Shutting down and abandoning module Persona (452)
[2018.10.25-06.53.56:412][983]LogModuleManager: Shutting down and abandoning module AdvancedPreviewScene (451)
[2018.10.25-06.53.56:412][983]LogModuleManager: Shutting down and abandoning module AnimGraph (449)
[2018.10.25-06.53.56:412][983]LogModuleManager: Shutting down and abandoning module Kismet (446)
[2018.10.25-06.53.56:417][983]LogModuleManager: Shutting down and abandoning module GraphEditor (444)
[2018.10.25-06.53.56:417][983]LogModuleManager: Shutting down and abandoning module ClassViewer (442)
[2018.10.25-06.53.56:417][983]LogModuleManager: Shutting down and abandoning module Toolbox (440)
[2018.10.25-06.53.56:417][983]LogModuleManager: Shutting down and abandoning module DesktopPlatform (439)
[2018.10.25-06.53.56:417][983]LogModuleManager: Shutting down and abandoning module ModuleUI (436)
[2018.10.25-06.53.56:417][983]LogModuleManager: Shutting down and abandoning module MovieSceneTools (434)
[2018.10.25-06.53.56:417][983]LogModuleManager: Shutting down and abandoning module OutputLog (432)
[2018.10.25-06.53.56:417][983]LogModuleManager: Shutting down and abandoning module GammaUI (430)
[2018.10.25-06.53.56:417][983]LogModuleManager: Shutting down and abandoning module Documentation (428)
[2018.10.25-06.53.56:417][983]LogModuleManager: Shutting down and abandoning module MovieSceneTracks (426)
[2018.10.25-06.53.56:417][983]LogModuleManager: Shutting down and abandoning module MovieScene (424)
[2018.10.25-06.53.56:417][983]LogModuleManager: Shutting down and abandoning module StreamingPauseRendering (422)
[2018.10.25-06.53.56:417][983]LogModuleManager: Shutting down and abandoning module LauncherPlatform (420)
[2018.10.25-06.53.56:417][983]LogModuleManager: Shutting down and abandoning module AnalyticsET (418)
[2018.10.25-06.53.56:417][983]LogModuleManager: Shutting down and abandoning module PortalServices (416)
[2018.10.25-06.53.56:417][983]LogModuleManager: Shutting down and abandoning module PortalRpc (414)
[2018.10.25-06.53.56:417][983]LogModuleManager: Shutting down and abandoning module MessagingRpc (412)
[2018.10.25-06.53.56:417][983]LogModuleManager: Shutting down and abandoning module AIModule (410)
[2018.10.25-06.53.56:417][983]LogModuleManager: Shutting down and abandoning module GameplayDebugger (409)
[2018.10.25-06.53.56:417][983]LogModuleManager: Shutting down and abandoning module AITestSuite (407)
[2018.10.25-06.53.56:417][983]LogModuleManager: Shutting down and abandoning module NavigationSystem (405)
[2018.10.25-06.53.56:417][983]LogModuleManager: Shutting down and abandoning module ProfilerService (402)
[2018.10.25-06.53.56:473][983]LogModuleManager: Shutting down and abandoning module TaskGraph (400)
[2018.10.25-06.53.56:473][983]LogModuleManager: Shutting down and abandoning module SteamVRController (398)
[2018.10.25-06.53.56:473][983]LogModuleManager: Shutting down and abandoning module ProceduralMeshComponentEditor (396)
[2018.10.25-06.53.56:473][983]LogModuleManager: Shutting down and abandoning module ProceduralMeshComponent (394)
[2018.10.25-06.53.56:473][983]LogModuleManager: Shutting down and abandoning module OculusInput (392)
[2018.10.25-06.53.56:473][983]LogModuleManager: Shutting down and abandoning module MobilePatchingUtils (390)
[2018.10.25-06.53.56:473][983]LogModuleManager: Shutting down and abandoning module EditableMesh (388)
[2018.10.25-06.53.56:473][983]LogModuleManager: Shutting down and abandoning module CustomMeshComponent (386)
[2018.10.25-06.53.56:473][983]LogModuleManager: Shutting down and abandoning module CableComponent (384)
[2018.10.25-06.53.56:473][983]LogModuleManager: Shutting down and abandoning module AudioCapture (382)
[2018.10.25-06.53.56:474][983]LogModuleManager: Shutting down and abandoning module ArchVisCharacter (380)
[2018.10.25-06.53.56:474][983]LogModuleManager: Shutting down and abandoning module AndroidPermission (378)
[2018.10.25-06.53.56:474][983]LogModuleManager: Shutting down and abandoning module NUTUnrealEngine4 (376)
[2018.10.25-06.53.56:474][983]LogModuleManager: Shutting down and abandoning module NetcodeUnitTest (374)
[2018.10.25-06.53.56:474][983]LogModuleManager: Shutting down and abandoning module MediaCompositingEditor (372)
[2018.10.25-06.53.56:474][983]LogModuleManager: Shutting down and abandoning module MediaCompositing (370)
[2018.10.25-06.53.56:474][983]LogModuleManager: Shutting down and abandoning module LinearTimecode (368)
[2018.10.25-06.53.56:474][983]LogModuleManager: Shutting down and abandoning module ImgMedia (366)
[2018.10.25-06.53.56:477][983]LogModuleManager: Shutting down and abandoning module HTML5Networking (364)
[2018.10.25-06.53.56:477][983]LogModuleManager: Shutting down and abandoning module GeometryCacheTracks (362)
[2018.10.25-06.53.56:477][983]LogModuleManager: Shutting down and abandoning module GeometryCacheSequencer (360)
[2018.10.25-06.53.56:477][983]LogModuleManager: Shutting down and abandoning module BackChannel (358)
[2018.10.25-06.53.56:477][983]LogModuleManager: Shutting down and abandoning module AppleVision (356)
[2018.10.25-06.53.56:477][983]LogModuleManager: Shutting down and abandoning module AppleImageUtils (354)
[2018.10.25-06.53.56:477][983]LogModuleManager: Shutting down and abandoning module AlembicImporter (352)
[2018.10.25-06.53.56:477][983]LogModuleManager: Shutting down and abandoning module AlembicLibrary (351)
[2018.10.25-06.53.56:477][983]LogModuleManager: Shutting down and abandoning module GeometryCache (350)
[2018.10.25-06.53.56:477][983]LogModuleManager: Shutting down and abandoning module GeometryCacheEd (349)
[2018.10.25-06.53.56:477][983]LogModuleManager: Shutting down and abandoning module DatasmithContentEditor (344)
[2018.10.25-06.53.56:477][983]LogModuleManager: Shutting down and abandoning module DatasmithContent (342)
[2018.10.25-06.53.56:478][983]LogModuleManager: Shutting down and abandoning module SpeedTreeImporter (340)
[2018.10.25-06.53.56:478][983]LogModuleManager: Shutting down and abandoning module PluginBrowser (338)
[2018.10.25-06.53.56:478][983]LogModuleManager: Shutting down and abandoning module MobileLauncherProfileWizard (336)
[2018.10.25-06.53.56:478][983]LogModuleManager: Shutting down and abandoning module PolygonModeling (334)
[2018.10.25-06.53.56:478][983]LogModuleManager: Shutting down and abandoning module MeshEditor (332)
[2018.10.25-06.53.56:478][983]LogModuleManager: Shutting down and abandoning module CryptoKeysOpenSSL (330)
[2018.10.25-06.53.56:478][983]LogModuleManager: Shutting down and abandoning module CryptoKeys (328)
[2018.10.25-06.53.56:478][983]LogModuleManager: Shutting down and abandoning module VisualStudioSourceCodeAccess (326)
[2018.10.25-06.53.56:478][983]LogModuleManager: Shutting down and abandoning module VisualStudioCodeSourceCodeAccess (324)
[2018.10.25-06.53.56:478][983]LogModuleManager: Shutting down and abandoning module UObjectPlugin (322)
[2018.10.25-06.53.56:478][983]LogModuleManager: Shutting down and abandoning module SubversionSourceControl (320)
[2018.10.25-06.53.56:478][983]LogModuleManager: Shutting down and abandoning module PerforceSourceControl (318)
[2018.10.25-06.53.56:478][983]LogModuleManager: Shutting down and abandoning module GitSourceControl (316)
[2018.10.25-06.53.56:478][983]LogModuleManager: Shutting down and abandoning module SourceControl (315)
[2018.10.25-06.53.56:478][983]LogModuleManager: Shutting down and abandoning module CLionSourceCodeAccess (312)
[2018.10.25-06.53.56:478][983]LogModuleManager: Shutting down and abandoning module LightPropagationVolumeEditor (310)
[2018.10.25-06.53.56:478][983]LogModuleManager: Shutting down and abandoning module PaperTiledImporter (308)
[2018.10.25-06.53.56:478][983]LogModuleManager: Shutting down and abandoning module PaperSpriteSheetImporter (306)
[2018.10.25-06.53.56:478][983]LogModuleManager: Shutting down and abandoning module Paper2DEditor (304)
[2018.10.25-06.53.56:478][983]LogModuleManager: Shutting down and abandoning module MeshPaint (303)
[2018.10.25-06.53.56:478][983]LogModuleManager: Shutting down and abandoning module RuntimePhysXCooking (298)
[2018.10.25-06.53.56:478][983]LogModuleManager: Shutting down and abandoning module PhysXVehiclesEditor (296)
[2018.10.25-06.53.56:478][983]LogModuleManager: Shutting down and abandoning module PhysXVehicles (294)
[2018.10.25-06.53.56:479][983]LogModuleManager: Shutting down and abandoning module OculusEditor (292)
[2018.10.25-06.53.56:479][983]LogModuleManager: Shutting down and abandoning module LocationServicesBPLibrary (290)
[2018.10.25-06.53.56:479][983]LogModuleManager: Shutting down and abandoning module ImmediatePhysicsEditor (288)
[2018.10.25-06.53.56:479][983]LogModuleManager: Shutting down and abandoning module ImmediatePhysics (286)
[2018.10.25-06.53.56:479][983]LogModuleManager: Shutting down and abandoning module ActorSequence (284)
[2018.10.25-06.53.56:479][983]LogModuleManager: Shutting down and abandoning module UdpMessaging (282)
[2018.10.25-06.53.56:579][983]LogModuleManager: Shutting down and abandoning module TcpMessaging (280)
[2018.10.25-06.53.56:680][983]LogModuleManager: Shutting down and abandoning module MagicLeapAudio (278)
[2018.10.25-06.53.56:680][983]LogModuleManager: Shutting down and abandoning module GameplayTagsEditor (276)
[2018.10.25-06.53.56:680][983]LogModuleManager: Shutting down and abandoning module FacialAnimationEditor (274)
[2018.10.25-06.53.56:680][983]LogModuleManager: Shutting down and abandoning module FacialAnimation (272)
[2018.10.25-06.53.56:680][983]LogModuleManager: Shutting down and abandoning module DataValidation (270)
[2018.10.25-06.53.56:680][983]LogModuleManager: Shutting down and abandoning module AssetManagerEditor (268)
[2018.10.25-06.53.56:680][983]LogModuleManager: Shutting down and abandoning module LevelEditor (267)
[2018.10.25-06.53.56:681][983]LogModuleManager: Shutting down and abandoning module PixelInspectorModule (266)
[2018.10.25-06.53.56:681][983]LogModuleManager: Shutting down and abandoning module CommonMenuExtensions (264)
[2018.10.25-06.53.56:681][983]LogModuleManager: Shutting down and abandoning module MainFrame (262)
[2018.10.25-06.53.56:681][983]LogModuleManager: Shutting down and abandoning module HotReload (261)
[2018.10.25-06.53.56:681][983]LogModuleManager: Shutting down and abandoning module ContentBrowser (257)
[2018.10.25-06.53.56:682][983]LogModuleManager: Shutting down and abandoning module TreeMap (255)
[2018.10.25-06.53.56:682][983]LogModuleManager: Shutting down and abandoning module LightPropagationVolumeRuntime (252)
[2018.10.25-06.53.56:682][983]LogModuleManager: Shutting down and abandoning module AISupportModule (250)
[2018.10.25-06.53.56:682][983]LogModuleManager: Shutting down and abandoning module Paper2D (248)
[2018.10.25-06.53.56:682][983]LogModuleManager: Shutting down and abandoning module WindowsMoviePlayer (246)
[2018.10.25-06.53.56:682][983]LogModuleManager: Shutting down and abandoning module WmfMedia (244)
[2018.10.25-06.53.56:684][983]LogModuleManager: Shutting down and abandoning module Media (243)
[2018.10.25-06.53.56:690][983]LogModuleManager: Shutting down and abandoning module PacketHandler (240)
[2018.10.25-06.53.56:690][983]LogModuleManager: Shutting down and abandoning module ClothingSystemEditor (238)
[2018.10.25-06.53.56:690][983]LogModuleManager: Shutting down and abandoning module ClothingSystemRuntime (236)
[2018.10.25-06.53.56:690][983]LogModuleManager: Shutting down and abandoning module MediaAssets (234)
[2018.10.25-06.53.56:690][983]LogModuleManager: Shutting down and abandoning module Overlay (232)
[2018.10.25-06.53.56:690][983]LogModuleManager: Shutting down and abandoning module OverlayEditor (231)
[2018.10.25-06.53.56:690][983]LogModuleManager: Shutting down and abandoning module VREditor (228)
[2018.10.25-06.53.56:690][983]LogModuleManager: Shutting down and abandoning module StringTableEditor (226)
[2018.10.25-06.53.56:690][983]LogModuleManager: Shutting down and abandoning module GameplayTasksEditor (224)
[2018.10.25-06.53.56:690][983]LogModuleManager: Shutting down and abandoning module BehaviorTreeEditor (222)
[2018.10.25-06.53.56:690][983]LogModuleManager: Shutting down and abandoning module FunctionalTesting (220)
[2018.10.25-06.53.56:690][983]LogModuleManager: Shutting down and abandoning module CollisionAnalyzer (218)
[2018.10.25-06.53.56:690][983]LogModuleManager: Shutting down and abandoning module WorkspaceMenuStructure (217)
[2018.10.25-06.53.56:690][983]LogModuleManager: Shutting down and abandoning module UMG (214)
[2018.10.25-06.53.56:690][983]LogModuleManager: Shutting down and abandoning module UMGEditor (213)
[2018.10.25-06.53.56:691][983]LogModuleManager: Shutting down and abandoning module Sequencer (212)
[2018.10.25-06.53.56:691][983]LogModuleManager: Shutting down and abandoning module MessageLog (209)
[2018.10.25-06.53.56:691][983]LogModuleManager: Shutting down and abandoning module SlateReflector (204)
[2018.10.25-06.53.56:691][983]LogModuleManager: Shutting down and abandoning module Slate (202)
[2018.10.25-06.53.56:691][983]LogModuleManager: Shutting down and abandoning module EditorStyle (200)
[2018.10.25-06.53.56:692][983]LogModuleManager: Shutting down and abandoning module MRMesh (198)
[2018.10.25-06.53.56:692][983]LogModuleManager: Shutting down and abandoning module SourceCodeAccess (196)
[2018.10.25-06.53.56:692][983]LogModuleManager: Shutting down and abandoning module HeadMountedDisplay (194)
[2018.10.25-06.53.56:692][983]LogModuleManager: Shutting down and abandoning module XAudio2 (192)
[2018.10.25-06.53.56:692][983]LogModuleManager: Shutting down and abandoning module Networking (190)
[2018.10.25-06.53.56:692][983]LogModuleManager: Shutting down and abandoning module Core (188)
[2018.10.25-06.53.56:692][983]LogModuleManager: Shutting down and abandoning module LevelSequence (186)
[2018.10.25-06.53.56:692][983]LogModuleManager: Shutting down and abandoning module KismetCompiler (184)
[2018.10.25-06.53.56:692][983]LogModuleManager: Shutting down and abandoning module MeshUtilities (182)
[2018.10.25-06.53.56:692][983]LogModuleManager: Shutting down and abandoning module MeshMergeUtilities (181)
[2018.10.25-06.53.56:692][983]LogModuleManager: Shutting down and abandoning module MeshReductionInterface (180)
[2018.10.25-06.53.56:692][983]LogModuleManager: Shutting down and abandoning module SimplygonSwarm (179)
[2018.10.25-06.53.56:692][983]LogModuleManager: Shutting down and abandoning module ProxyLODMeshReduction (177)
[2018.10.25-06.53.56:692][983]LogModuleManager: Shutting down and abandoning module SimplygonMeshReduction (175)
[2018.10.25-06.53.56:692][983]LogModuleManager: Shutting down and abandoning module QuadricMeshReduction (173)
[2018.10.25-06.53.56:692][983]LogModuleManager: Shutting down and abandoning module MaterialBaking (169)
[2018.10.25-06.53.56:692][983]LogModuleManager: Shutting down and abandoning module DirectoryWatcher (165)
[2018.10.25-06.53.56:692][983]LogModuleManager: Shutting down and abandoning module DerivedDataCache (162)
[2018.10.25-06.53.56:745][983]LogDerivedDataCache: Shutdown
[2018.10.25-06.53.56:745][983]LogModuleManager: Shutting down and abandoning module XGEController (160)
[2018.10.25-06.53.56:745][983]LogModuleManager: Shutting down and abandoning module TargetPlatform (158)
[2018.10.25-06.53.56:746][983]LogModuleManager: Shutting down and abandoning module VulkanShaderFormat (157)
[2018.10.25-06.53.56:746][983]LogModuleManager: Shutting down and abandoning module ShaderFormatVectorVM (155)
[2018.10.25-06.53.56:746][983]LogModuleManager: Shutting down and abandoning module ShaderFormatOpenGL (153)
[2018.10.25-06.53.56:746][983]LogModuleManager: Shutting down and abandoning module ShaderFormatD3D (151)
[2018.10.25-06.53.56:746][983]LogModuleManager: Shutting down and abandoning module MetalShaderFormat (149)
[2018.10.25-06.53.56:746][983]LogModuleManager: Shutting down and abandoning module TextureFormatUncompressed (147)
[2018.10.25-06.53.56:746][983]LogModuleManager: Shutting down and abandoning module TextureFormatPVR (145)
[2018.10.25-06.53.56:746][983]LogModuleManager: Shutting down and abandoning module TextureFormatDXT (143)
[2018.10.25-06.53.56:746][983]LogModuleManager: Shutting down and abandoning module TextureFormatIntelISPCTexComp (141)
[2018.10.25-06.53.56:746][983]LogModuleManager: Shutting down and abandoning module TextureFormatASTC (139)
[2018.10.25-06.53.56:746][983]LogModuleManager: Shutting down and abandoning module ImageWrapper (138)
[2018.10.25-06.53.56:746][983]LogModuleManager: Shutting down and abandoning module TextureFormatAndroid (135)
[2018.10.25-06.53.56:746][983]LogModuleManager: Shutting down and abandoning module AudioFormatOpus (133)
[2018.10.25-06.53.56:746][983]LogModuleManager: Shutting down and abandoning module AudioFormatOgg (131)
[2018.10.25-06.53.56:746][983]LogModuleManager: Shutting down and abandoning module AudioFormatADPCM (129)
[2018.10.25-06.53.56:746][983]LogModuleManager: Shutting down and abandoning module LuminTargetPlatform (127)
[2018.10.25-06.53.56:746][983]LogModuleManager: Shutting down and abandoning module LinuxTargetPlatform (125)
[2018.10.25-06.53.56:746][983]LogModuleManager: Shutting down and abandoning module LinuxServerTargetPlatform (123)
[2018.10.25-06.53.56:746][983]LogModuleManager: Shutting down and abandoning module LinuxNoEditorTargetPlatform (121)
[2018.10.25-06.53.56:746][983]LogModuleManager: Shutting down and abandoning module LinuxClientTargetPlatform (119)
[2018.10.25-06.53.56:746][983]LogModuleManager: Shutting down and abandoning module TVOSTargetPlatform (117)
[2018.10.25-06.53.56:747][983]LogModuleManager: Shutting down and abandoning module Messaging (115)
[2018.10.25-06.53.56:747][983]LogModuleManager: Shutting down and abandoning module IOSTargetPlatform (113)
[2018.10.25-06.53.56:749][983]LogModuleManager: Shutting down and abandoning module HTML5TargetPlatform (111)
[2018.10.25-06.53.56:749][983]LogModuleManager: Shutting down and abandoning module AndroidTargetPlatform (109)
[2018.10.25-06.53.56:760][983]LogModuleManager: Shutting down and abandoning module WindowsTargetPlatform (107)
[2018.10.25-06.53.56:760][983]LogModuleManager: Shutting down and abandoning module WindowsServerTargetPlatform (105)
[2018.10.25-06.53.56:760][983]LogModuleManager: Shutting down and abandoning module WindowsNoEditorTargetPlatform (103)
[2018.10.25-06.53.56:760][983]LogModuleManager: Shutting down and abandoning module WindowsClientTargetPlatform (101)
[2018.10.25-06.53.56:760][983]LogModuleManager: Shutting down and abandoning module MacTargetPlatform (99)
[2018.10.25-06.53.56:760][983]LogModuleManager: Shutting down and abandoning module MacServerTargetPlatform (97)
[2018.10.25-06.53.56:760][983]LogModuleManager: Shutting down and abandoning module MacNoEditorTargetPlatform (95)
[2018.10.25-06.53.56:760][983]LogModuleManager: Shutting down and abandoning module MacClientTargetPlatform (93)
[2018.10.25-06.53.56:760][983]LogModuleManager: Shutting down and abandoning module AllDesktopTargetPlatform (91)
[2018.10.25-06.53.56:760][983]LogModuleManager: Shutting down and abandoning module InputCore (88)
[2018.10.25-06.53.56:760][983]LogModuleManager: Shutting down and abandoning module Settings (86)
[2018.10.25-06.53.56:760][983]LogModuleManager: Shutting down and abandoning module PhysXCooking (84)
[2018.10.25-06.53.56:760][983]LogModuleManager: Shutting down and abandoning module SteamVR (82)
[2018.10.25-06.53.56:760][983]LogModuleManager: Shutting down and abandoning module OculusHMD (80)
[2018.10.25-06.53.56:760][983]LogModuleManager: Shutting down and abandoning module ExampleDeviceProfileSelector (78)
[2018.10.25-06.53.56:760][983]LogModuleManager: Shutting down and abandoning module LauncherChunkInstaller (76)
[2018.10.25-06.53.56:760][983]LogModuleManager: Shutting down and abandoning module OnlineBlueprintSupport (74)
[2018.10.25-06.53.56:760][983]LogModuleManager: Shutting down and abandoning module OnlineSubsystem (70)
[2018.10.25-06.53.56:761][983]LogModuleManager: Shutting down and abandoning module XMPP (65)
[2018.10.25-06.53.56:761][983]LogModuleManager: Shutting down and abandoning module WebSockets (64)
[2018.10.25-06.53.56:767][983]LogModuleManager: Shutting down and abandoning module HTTP (61)
[2018.10.25-06.53.56:767][983]LogHttp: Display: Http module shutting down, but needs to wait on 1 outstanding Http requests:
[2018.10.25-06.53.56:767][983]LogHttp: Display: 	verb=[POST] url=[https://datarouter.ol.epicgames.com/datarouter/api/v1/public/data?SessionID=%7B995063B0-4F27-9E1A-3A83-8B94BAA78864%7D&AppID=UEEditor.Rocket.Release&AppVersion=4.20.3-4369336%2B%2B%2BUE4%2BRelease-4.20&UserID=f91518df49e3a3d297491981083eb603%7C80aeae7e102b401bb11241b1c81afc58%7Cfdd5edc5-6ff5-4beb-8db3-d4ce78531e2c&AppEnvironment=datacollector-binary&UploadType=eteventstream] status=Processing
[2018.10.25-06.53.56:807][983]LogModuleManager: Shutting down and abandoning module SSL (60)
[2018.10.25-06.53.56:807][983]LogModuleManager: Shutting down and abandoning module MagicLeapEmulator (56)
[2018.10.25-06.53.56:807][983]LogModuleManager: Shutting down and abandoning module MagicLeapPrivileges (54)
[2018.10.25-06.53.56:808][983]LogModuleManager: Shutting down and abandoning module MagicLeapIdentity (52)
[2018.10.25-06.53.56:808][983]LogModuleManager: Shutting down and abandoning module MagicLeapHelperVulkan (50)
[2018.10.25-06.53.56:808][983]LogModuleManager: Shutting down and abandoning module MagicLeapHelperOpenGL (48)
[2018.10.25-06.53.56:808][983]LogModuleManager: Shutting down and abandoning module MagicLeapSecureStorage (46)
[2018.10.25-06.53.56:808][983]LogModuleManager: Shutting down and abandoning module MagicLeapGestures (44)
[2018.10.25-06.53.56:808][983]LogModuleManager: Shutting down and abandoning module MagicLeapEyeTracker (42)
[2018.10.25-06.53.56:808][983]LogModuleManager: Shutting down and abandoning module MagicLeapController (40)
[2018.10.25-06.53.56:808][983]LogSlate: Slate User Destroyed.  User Index 0, Is Virtual User: 0
[2018.10.25-06.53.56:808][983]LogModuleManager: Shutting down and abandoning module MagicLeap (38)
[2018.10.25-06.53.56:808][983]LogModuleManager: Shutting down and abandoning module AnimationModifiers (36)
[2018.10.25-06.53.56:808][983]LogModuleManager: Shutting down and abandoning module PropertyEditor (35)
[2018.10.25-06.53.56:808][983]LogModuleManager: Shutting down and abandoning module AudioEditor (32)
[2018.10.25-06.53.56:808][983]LogModuleManager: Shutting down and abandoning module TextureCompressor (30)
[2018.10.25-06.53.56:808][983]LogModuleManager: Shutting down and abandoning module ShaderCore (28)
[2018.10.25-06.53.56:808][983]LogModuleManager: Shutting down and abandoning module Landscape (26)
[2018.10.25-06.53.56:808][983]LogModuleManager: Shutting down and abandoning module SlateRHIRenderer (24)
[2018.10.25-06.53.56:809][983]LogModuleManager: Shutting down and abandoning module OpenGLDrv (22)
[2018.10.25-06.53.56:810][983]LogModuleManager: Shutting down and abandoning module D3D11RHI (20)
[2018.10.25-06.53.56:810][983]LogModuleManager: Shutting down and abandoning module AnimGraphRuntime (18)
[2018.10.25-06.53.56:810][983]LogModuleManager: Shutting down and abandoning module Renderer (16)
[2018.10.25-06.53.56:810][983]LogModuleManager: Shutting down and abandoning module Engine (14)
[2018.10.25-06.53.56:810][983]LogModuleManager: Shutting down and abandoning module CoreUObject (12)
[2018.10.25-06.53.56:810][983]LogModuleManager: Shutting down and abandoning module NetworkFile (10)
[2018.10.25-06.53.56:810][983]LogModuleManager: Shutting down and abandoning module CookedIterativeFile (8)
[2018.10.25-06.53.56:810][983]LogModuleManager: Shutting down and abandoning module StreamingFile (6)
[2018.10.25-06.53.56:810][983]LogModuleManager: Shutting down and abandoning module SandboxFile (4)
[2018.10.25-06.53.56:810][983]LogModuleManager: Shutting down and abandoning module PakFile (2)
[2018.10.25-06.53.56:817][983]LogExit: Exiting.
[2018.10.25-06.53.56:843][983]Log file closed, 10/25/18 15:53:56
