Log file open, 10/25/18 23:28:26
LogWindows: Failed to load 'aqProf.dll' (GetLastError=126)
LogWindows: File 'aqProf.dll' does not exist
LogWindows: Failed to load 'VtuneApi.dll' (GetLastError=126)
LogWindows: File 'VtuneApi.dll' does not exist
LogWindows: Failed to load 'VtuneApi32e.dll' (GetLastError=126)
LogWindows: File 'VtuneApi32e.dll' does not exist
LogInit: Display: Running engine for game: SGAUnreal
LogPlatformFile: Not using cached read wrapper
LogTaskGraph: Started task graph with 5 named threads and 23 total threads with 3 sets of task threads.
LogStats: Stats thread started at 0.272322
LogD3D11RHI: Loaded GFSDK_Aftermath_Lib.x64.dll
LogICUInternationalization: Display: ICU TimeZone Detection - Raw Offset: +9:00, Platform Override: ''
LogPluginManager: Mounting plugin Paper2D
LogPluginManager: Mounting plugin AISupport
LogPluginManager: Mounting plugin LightPropagationVolume
LogPluginManager: Mounting plugin CLionSourceCodeAccess
LogPluginManager: Mounting plugin CodeLiteSourceCodeAccess
LogPluginManager: Mounting plugin GitSourceControl
LogPluginManager: Mounting plugin KDevelopSourceCodeAccess
LogPluginManager: Mounting plugin NullSourceCodeAccess
LogPluginManager: Mounting plugin PerforceSourceControl
LogPluginManager: Mounting plugin SubversionSourceControl
LogPluginManager: Mounting plugin UObjectPlugin
LogPluginManager: Mounting plugin VisualStudioCodeSourceCodeAccess
LogPluginManager: Mounting plugin VisualStudioSourceCodeAccess
LogPluginManager: Mounting plugin XCodeSourceCodeAccess
LogPluginManager: Mounting plugin AssetManagerEditor
LogPluginManager: Mounting plugin CryptoKeys
LogPluginManager: Mounting plugin DataValidation
LogPluginManager: Mounting plugin FacialAnimation
LogPluginManager: Mounting plugin GameplayTagsEditor
LogPluginManager: Mounting plugin MacGraphicsSwitching
LogPluginManager: Mounting plugin MeshEditor
LogPluginManager: Mounting plugin MobileLauncherProfileWizard
LogPluginManager: Mounting plugin PluginBrowser
LogPluginManager: Mounting plugin SpeedTreeImporter
LogPluginManager: Mounting plugin DatasmithContent
LogPluginManager: Mounting plugin AlembicImporter
LogPluginManager: Mounting plugin AppleImageUtils
LogPluginManager: Mounting plugin AppleVision
LogPluginManager: Mounting plugin BackChannel
LogPluginManager: Mounting plugin CharacterAI
LogPluginManager: Mounting plugin GeometryCache
LogPluginManager: Mounting plugin HTML5Networking
LogPluginManager: Mounting plugin ProxyLODPlugin
LogPluginManager: Mounting plugin MagicLeap
LogPluginManager: Mounting plugin MagicLeapEmulator
LogPluginManager: Mounting plugin MagicLeapMedia
LogPluginManager: Mounting plugin AndroidMedia
LogPluginManager: Mounting plugin AvfMedia
LogPluginManager: Mounting plugin ImgMedia
LogPluginManager: Mounting plugin LinearTimecode
LogPluginManager: Mounting plugin MediaCompositing
LogPluginManager: Mounting plugin MediaPlayerEditor
LogPluginManager: Mounting plugin WmfMedia
LogPluginManager: Mounting plugin TcpMessaging
LogPluginManager: Mounting plugin UdpMessaging
LogPluginManager: Mounting plugin ActorSequence
LogPluginManager: Mounting plugin LevelSequenceEditor
LogPluginManager: Mounting plugin MatineeToLevelSequence
LogPluginManager: Mounting plugin NetcodeUnitTest
LogPluginManager: Mounting plugin NUTUnrealEngine4
LogPluginManager: Mounting plugin OnlineSubsystemGooglePlay
LogPluginManager: Mounting plugin OnlineSubsystemIOS
LogPluginManager: Mounting plugin OnlineSubsystem
LogPluginManager: Mounting plugin OnlineSubsystemNull
LogPluginManager: Mounting plugin OnlineSubsystemUtils
LogPluginManager: Mounting plugin LauncherChunkInstaller
LogPluginManager: Mounting plugin AndroidDeviceProfileSelector
LogPluginManager: Mounting plugin AndroidMoviePlayer
LogPluginManager: Mounting plugin AndroidPermission
LogPluginManager: Mounting plugin AppleMoviePlayer
LogPluginManager: Mounting plugin ArchVisCharacter
LogPluginManager: Mounting plugin AudioCapture
LogPluginManager: Mounting plugin CableComponent
LogPluginManager: Mounting plugin CustomMeshComponent
LogPluginManager: Mounting plugin EditableMesh
LogPluginManager: Mounting plugin ExampleDeviceProfileSelector
LogPluginManager: Mounting plugin GoogleCloudMessaging
LogPluginManager: Mounting plugin ImmediatePhysics
LogPluginManager: Mounting plugin IOSDeviceProfileSelector
LogPluginManager: Mounting plugin LinuxDeviceProfileSelector
LogPluginManager: Mounting plugin LocationServicesBPLibrary
LogPluginManager: Mounting plugin MobilePatchingUtils
LogPluginManager: Mounting plugin OculusVR
LogPluginManager: Plugin shader directory ../../../Engine/Plugins/Runtime/Oculus/OculusVR/Shaders found
LogPluginManager: Mapping shader source directory ../../../Engine/Plugins/Runtime/Oculus/OculusVR/Shaders to virtual directory /Plugin/OculusVR
LogPluginManager: Mounting plugin PhysXVehicles
LogPluginManager: Mounting plugin ProceduralMeshComponent
LogPluginManager: Mounting plugin RuntimePhysXCooking
LogPluginManager: Mounting plugin SteamVR
LogPluginManager: Mounting plugin WindowsMoviePlayer
LogStreaming: Display: Took  0.228s to configure plugins.
LogInit: Using libcurl 7.55.1-DEV
LogInit:  - built for x86_64-pc-win32
LogInit:  - supports SSL with OpenSSL/1.0.2h
LogInit:  - supports HTTP deflate (compression) using libz 1.2.8
LogInit:  - other features:
LogInit:      CURL_VERSION_SSL
LogInit:      CURL_VERSION_LIBZ
LogInit:      CURL_VERSION_IPV6
LogInit:      CURL_VERSION_ASYNCHDNS
LogInit:      CURL_VERSION_LARGEFILE
LogInit:      CURL_VERSION_IDN
LogInit:  CurlRequestOptions (configurable via config and command line):
LogInit:  - bVerifyPeer = false  - Libcurl will NOT verify peer certificate
LogInit:  - bUseHttpProxy = false  - Libcurl will NOT use HTTP proxy
LogInit:  - bDontReuseConnections = false  - Libcurl will reuse connections
LogInit:  - CertBundlePath = nullptr  - Libcurl will use whatever was configured at build time.
LogInit:  - MaxHostConnections = 16  - Libcurl will limit the number of connections to a host
LogInit:  - LocalHostAddr = Default
LogInit:  - BufferSize = 65536
LogInit: WinSock: version 1.1 (2.2), MaxSocks=32767, MaxUdp=65467
LogInit: Build: ++UE4+Release-4.20-CL-4369336
LogInit: Engine Version: 4.20.3-4369336+++UE4+Release-4.20
LogInit: Compatible Engine Version: 4.20.0-4212847+++UE4+Release-4.20
LogInit: Net CL: 4212847
LogInit: OS: Windows 10 (), CPU: Intel(R) Core(TM) i7-6700 CPU @ 3.40GHz, GPU: NVIDIA GeForce GTX 1080 Ti
LogInit: Compiled (64-bit): Sep 17 2018 12:26:19
LogInit: Compiled with Visual C++: 19.13.26129.00
LogInit: Build Configuration: Development
LogInit: Branch Name: ++UE4+Release-4.20
LogInit: Command Line: 
LogInit: Base Directory: E:/Program Files/Epic Games/UE_4.20/Engine/Binaries/Win64/
LogInit: Installed Engine Build: 1
LogDevObjectVersion: Number of dev versions registered: 20
LogDevObjectVersion:   Dev-Blueprints (B0D832E4-1F89-4F0D-ACCF-7EB736FD4AA2): 10
LogDevObjectVersion:   Dev-Build (E1C64328-A22C-4D53-A36C-8E866417BD8C): 0
LogDevObjectVersion:   Dev-Core (375EC13C-06E4-48FB-B500-84F0262A717E): 2
LogDevObjectVersion:   Dev-Editor (E4B068ED-F494-42E9-A231-DA0B2E46BB41): 24
LogDevObjectVersion:   Dev-Framework (CFFC743F-43B0-4480-9391-14DF171D2073): 34
LogDevObjectVersion:   Dev-Mobile (B02B49B5-BB20-44E9-A304-32B752E40360): 2
LogDevObjectVersion:   Dev-Networking (A4E4105C-59A1-49B5-A7C5-40C4547EDFEE): 0
LogDevObjectVersion:   Dev-Online (39C831C9-5AE6-47DC-9A44-9C173E1C8E7C): 0
LogDevObjectVersion:   Dev-Physics (78F01B33-EBEA-4F98-B9B4-84EACCB95AA2): 0
LogDevObjectVersion:   Dev-Platform (6631380F-2D4D-43E0-8009-CF276956A95A): 0
LogDevObjectVersion:   Dev-Rendering (12F88B9F-8875-4AFC-A67C-D90C383ABD29): 26
LogDevObjectVersion:   Dev-Sequencer (7B5AE74C-D270-4C10-A958-57980B212A5A): 9
LogDevObjectVersion:   Dev-VR (D7296918-1DD6-4BDD-9DE2-64A83CC13884): 2
LogDevObjectVersion:   Dev-LoadTimes (C2A15278-BFE7-4AFE-6C17-90FF531DF755): 1
LogDevObjectVersion:   Private-Geometry (6EACA3D4-40EC-4CC1-B786-8BED09428FC5): 3
LogDevObjectVersion:   Dev-AnimPhys (29E575DD-E0A3-4627-9D10-D276232CDCEA): 17
LogDevObjectVersion:   Dev-ReflectionCapture (6B266CEC-1EC7-4B8F-A30B-E4D90942FC07): 1
LogDevObjectVersion:   Dev-Automation (0DF73D61-A23F-47EA-B727-89E90C41499A): 1
LogDevObjectVersion:   FortniteMain (601D1886-AC64-4F84-AA16-D3DE0DEAC7D6): 12
LogDevObjectVersion:   Dev-Enterprise (9DFFBCD6-494F-0158-E221-12823C92A888): 1
LogStreaming: Display: Took  0.017s to delete old logs.
LogInit: Presizing for max 8388607 objects, including 0 objects not considered by GC, pre-allocating 0 bytes for permanent pool.
LogInit: Object subsystem initialized
[2018.10.25-14.28.26:426][  0]LogInit: Selected Device Profile: [Windows]
[2018.10.25-14.28.26:426][  0]LogInit: Applying CVar settings loaded from the selected device profile: [Windows]
[2018.10.25-14.28.26:454][  0]LogHAL: Display: Platform has ~ 16 GB [17062834176 / 17179869184 / 16], which maps to Larger [LargestMinGB=32, LargerMinGB=12, DefaultMinGB=8, SmallerMinGB=6, SmallestMinGB=0)
[2018.10.25-14.28.26:454][  0]LogInit: Setting Device Profile CVar: [[r.Vulkan.UseRealUBs:1]]
[2018.10.25-14.28.26:454][  0]LogInit: Going up to parent DeviceProfile []
[2018.10.25-14.28.26:454][  0]LogInit: Computer: DESKTOP-9NE7PLN
[2018.10.25-14.28.26:454][  0]LogInit: User: ine07
[2018.10.25-14.28.26:454][  0]LogInit: CPU Page size=4096, Cores=4
[2018.10.25-14.28.26:454][  0]LogInit: High frequency timer resolution =3.328125 MHz
[2018.10.25-14.28.26:454][  0]LogMemory: Memory total: Physical=15.9GB (16GB approx)
[2018.10.25-14.28.26:454][  0]LogMemory: Platform Memory Stats for Windows
[2018.10.25-14.28.26:454][  0]LogMemory: Process Physical Memory: 100.21 MB used, 100.21 MB peak
[2018.10.25-14.28.26:454][  0]LogMemory: Process Virtual Memory: 90.97 MB used, 90.97 MB peak
[2018.10.25-14.28.26:454][  0]LogMemory: Physical Memory: 5836.30 MB used,  10436.09 MB free, 16272.39 MB total
[2018.10.25-14.28.26:454][  0]LogMemory: Virtual Memory: 4640.38 MB used,  10436.09 MB free, 134217728.00 MB total
[2018.10.25-14.28.26:467][  0]LogInit: Using OS detected language (ko-KR).
[2018.10.25-14.28.26:467][  0]LogInit: Using OS detected locale (ko-KR).
[2018.10.25-14.28.26:467][  0]LogTextLocalizationManager: No specific localization for 'ko-KR' exists, so the 'ko' localization will be used.
[2018.10.25-14.28.26:810][  0]LogStreaming: Display: Took  0.343s to InitEngineTextLocalization.
[2018.10.25-14.28.26:810][  0]LogInit: Setting process to per monitor DPI aware
[2018.10.25-14.28.26:856][  0]LogSlate: New Slate User Created.  User Index 0, Is Virtual User: 0
[2018.10.25-14.28.26:856][  0]LogSlate: Slate User Registered.  User Index 0, Is Virtual User: 0
[2018.10.25-14.28.27:017][  0]LogHMD: Failed to initialize OpenVR with code 110
[2018.10.25-14.28.27:017][  0]LogD3D11RHI: D3D11 adapters:
[2018.10.25-14.28.27:093][  0]LogD3D11RHI:    0. 'NVIDIA GeForce GTX 1080 Ti' (Feature Level 11_0)
[2018.10.25-14.28.27:093][  0]LogD3D11RHI:       11127/0/8136 MB DedicatedVideo/DedicatedSystem/SharedSystem, Outputs:1, VendorId:0x10de
[2018.10.25-14.28.27:102][  0]LogD3D11RHI:    1. 'Intel(R) HD Graphics 530' (Feature Level 11_0)
[2018.10.25-14.28.27:102][  0]LogD3D11RHI:       128/0/8136 MB DedicatedVideo/DedicatedSystem/SharedSystem, Outputs:0, VendorId:0x8086
[2018.10.25-14.28.27:104][  0]LogD3D11RHI:    2. 'Microsoft Basic Render Driver' (Feature Level 11_0)
[2018.10.25-14.28.27:104][  0]LogD3D11RHI:       0/0/8136 MB DedicatedVideo/DedicatedSystem/SharedSystem, Outputs:0, VendorId:0x1414
[2018.10.25-14.28.27:104][  0]LogD3D11RHI: Chosen D3D11 Adapter: 0
[2018.10.25-14.28.27:112][  0]LogD3D11RHI: Creating new Direct3DDevice
[2018.10.25-14.28.27:112][  0]LogD3D11RHI:     GPU DeviceId: 0x1b06 (for the marketing name, search the web for "GPU Device Id")
[2018.10.25-14.28.27:112][  0]LogWindows: EnumDisplayDevices:
[2018.10.25-14.28.27:112][  0]LogWindows:    0. 'NVIDIA GeForce GTX 1080 Ti' (P:1 D:1)
[2018.10.25-14.28.27:112][  0]LogWindows:    1. 'NVIDIA GeForce GTX 1080 Ti' (P:0 D:0)
[2018.10.25-14.28.27:112][  0]LogWindows:    2. 'NVIDIA GeForce GTX 1080 Ti' (P:0 D:0)
[2018.10.25-14.28.27:112][  0]LogWindows:    3. 'NVIDIA GeForce GTX 1080 Ti' (P:0 D:0)
[2018.10.25-14.28.27:113][  0]LogWindows:    4. 'Intel(R) HD Graphics 530' (P:0 D:0)
[2018.10.25-14.28.27:113][  0]LogWindows:    5. 'Intel(R) HD Graphics 530' (P:0 D:0)
[2018.10.25-14.28.27:113][  0]LogWindows:    6. 'Intel(R) HD Graphics 530' (P:0 D:0)
[2018.10.25-14.28.27:113][  0]LogWindows: DebugString: PrimaryIsNotTheChoosenAdapter PrimaryIsNotTheChoosenAdapter PrimaryIsNotTheChoosenAdapter FoundDriverCount:4 
[2018.10.25-14.28.27:113][  0]LogD3D11RHI:     Adapter Name: NVIDIA GeForce GTX 1080 Ti
[2018.10.25-14.28.27:113][  0]LogD3D11RHI:   Driver Version: 391.35 (internal:23.21.13.9135, unified:391.35)
[2018.10.25-14.28.27:113][  0]LogD3D11RHI:      Driver Date: 3-23-2018
[2018.10.25-14.28.27:113][  0]LogRHI: Texture pool is 7788 MB (70% of 11127 MB)
[2018.10.25-14.28.27:149][  0]LogD3D11RHI: Async texture creation enabled
[2018.10.25-14.28.27:165][  0]LogD3D11RHI: GPU Timing Frequency: 1000.000000 (Debug: 2 2)
[2018.10.25-14.28.27:213][  0]LogShaderCompilers: Guid format shader working directory is -8 characters bigger than the processId version (D:/L.Programs/Programming/Unreal/SGA_unreal/SGAUnreal/Intermediate/Shaders/WorkingDirectory/12076/).
[2018.10.25-14.28.27:213][  0]LogShaderCompilers: Cleaned the shader compiler working directory 'C:/Users/ine07/AppData/Local/Temp/UnrealShaderWorkingDir/2EB68FEE406D92EFDD7DD9975B3541C5/'.
[2018.10.25-14.28.27:455][  0]LogTemp: Display: Loaded TP AllDesktopTargetPlatform
[2018.10.25-14.28.27:467][  0]LogTemp: Display: Loaded TP MacClientTargetPlatform
[2018.10.25-14.28.27:481][  0]LogTemp: Display: Loaded TP MacNoEditorTargetPlatform
[2018.10.25-14.28.27:492][  0]LogTemp: Display: Loaded TP MacServerTargetPlatform
[2018.10.25-14.28.27:503][  0]LogTemp: Display: Loaded TP MacTargetPlatform
[2018.10.25-14.28.27:515][  0]LogTemp: Display: Loaded TP WindowsClientTargetPlatform
[2018.10.25-14.28.27:526][  0]LogTemp: Display: Loaded TP WindowsNoEditorTargetPlatform
[2018.10.25-14.28.27:537][  0]LogTemp: Display: Loaded TP WindowsServerTargetPlatform
[2018.10.25-14.28.27:542][  0]LogTemp: Display: Loaded TP WindowsTargetPlatform
[2018.10.25-14.28.27:612][  0]LogTemp: Display: Loaded TP AndroidTargetPlatform
[2018.10.25-14.28.27:612][  0]LogTemp: Display: Loaded TP AndroidTargetPlatform
[2018.10.25-14.28.27:612][  0]LogTemp: Display: Loaded TP AndroidTargetPlatform
[2018.10.25-14.28.27:612][  0]LogTemp: Display: Loaded TP AndroidTargetPlatform
[2018.10.25-14.28.27:612][  0]LogTemp: Display: Loaded TP AndroidTargetPlatform
[2018.10.25-14.28.27:612][  0]LogTemp: Display: Loaded TP AndroidTargetPlatform
[2018.10.25-14.28.27:612][  0]LogTemp: Display: Loaded TP AndroidTargetPlatform
[2018.10.25-14.28.27:612][  0]LogTemp: Display: Loaded TP AndroidTargetPlatform
[2018.10.25-14.28.27:612][  0]LogTemp: Display: Loaded TP AndroidTargetPlatform
[2018.10.25-14.28.27:612][  0]LogTemp: Display: Loaded TP AndroidTargetPlatform
[2018.10.25-14.28.27:612][  0]LogTemp: Display: Loaded TP AndroidTargetPlatform
[2018.10.25-14.28.27:612][  0]LogTemp: Display: Loaded TP AndroidTargetPlatform
[2018.10.25-14.28.27:612][  0]LogTemp: Display: Loaded TP AndroidTargetPlatform
[2018.10.25-14.28.27:612][  0]LogTemp: Display: Loaded TP AndroidTargetPlatform
[2018.10.25-14.28.27:612][  0]LogTemp: Display: Loaded TP AndroidTargetPlatform
[2018.10.25-14.28.27:612][  0]LogTemp: Display: Loaded TP AndroidTargetPlatform
[2018.10.25-14.28.27:612][  0]LogTemp: Display: Loaded TP AndroidTargetPlatform
[2018.10.25-14.28.27:612][  0]LogTemp: Display: Loaded TP AndroidTargetPlatform
[2018.10.25-14.28.27:613][  0]LogTemp: Display: Loaded TP HTML5TargetPlatform
[2018.10.25-14.28.27:670][  0]LogTemp: Display: Loaded TP IOSTargetPlatform
[2018.10.25-14.28.27:670][  0]LogTemp: Display: Loaded TP IOSTargetPlatform
[2018.10.25-14.28.27:693][  0]LogTemp: Display: Loaded TP TVOSTargetPlatform
[2018.10.25-14.28.27:693][  0]LogTemp: Display: Loaded TP TVOSTargetPlatform
[2018.10.25-14.28.27:706][  0]LogTemp: Display: Loaded TP LinuxClientTargetPlatform
[2018.10.25-14.28.27:717][  0]LogTemp: Display: Loaded TP LinuxNoEditorTargetPlatform
[2018.10.25-14.28.27:728][  0]LogTemp: Display: Loaded TP LinuxServerTargetPlatform
[2018.10.25-14.28.27:739][  0]LogTemp: Display: Loaded TP LinuxTargetPlatform
[2018.10.25-14.28.27:747][  0]LogTemp: Display: Loaded TP LuminTargetPlatform
[2018.10.25-14.28.27:747][  0]LogTargetPlatformManager: Display: Building Assets For Windows
[2018.10.25-14.28.27:790][  0]LogXGEController: Cannot use XGE Controller as Incredibuild is not installed on this machine.
[2018.10.25-14.28.27:790][  0]LogShaderCompilers: Cannot use XGE Shader Compiler as Incredibuild is not installed on this machine.
[2018.10.25-14.28.27:790][  0]LogShaderCompilers: Display: Using Local Shader Compiler.
[2018.10.25-14.28.28:426][  0]LogDerivedDataCache: Display: Max Cache Size: 512 MB
[2018.10.25-14.28.28:484][  0]LogDerivedDataCache: Loaded boot cache 0.06s 71MB C:/Users/ine07/AppData/Local/UnrealEngine/4.20/DerivedDataCache/Boot.ddc.
[2018.10.25-14.28.28:485][  0]LogDerivedDataCache: Display: Loaded Boot cache: C:/Users/ine07/AppData/Local/UnrealEngine/4.20/DerivedDataCache/Boot.ddc
[2018.10.25-14.28.28:485][  0]LogDerivedDataCache: FDerivedDataBackendGraph:  Pak pak cache file D:/L.Programs/Programming/Unreal/SGA_unreal/SGAUnreal/DerivedDataCache/DDC.ddp not found, will not use a pak cache.
[2018.10.25-14.28.28:485][  0]LogDerivedDataCache: Unable to find inner node Pak for hierarchical cache Hierarchy.
[2018.10.25-14.28.28:485][  0]LogDerivedDataCache: FDerivedDataBackendGraph:  CompressedPak pak cache file D:/L.Programs/Programming/Unreal/SGA_unreal/SGAUnreal/DerivedDataCache/Compressed.ddp not found, will not use a pak cache.
[2018.10.25-14.28.28:485][  0]LogDerivedDataCache: Unable to find inner node CompressedPak for hierarchical cache Hierarchy.
[2018.10.25-14.28.28:496][  0]LogDerivedDataCache: Display: Pak cache opened for reading ../../../Engine/DerivedDataCache/Compressed.ddp.
[2018.10.25-14.28.28:508][  0]LogDerivedDataCache: Using Local data cache path C:/Users/ine07/AppData/Local/UnrealEngine/Common/DerivedDataCache: Writable
[2018.10.25-14.28.28:508][  0]LogDerivedDataCache: Shared data cache path not found in *engine.ini, will not use an Shared cache.
[2018.10.25-14.28.28:508][  0]LogDerivedDataCache: Unable to find inner node Shared for hierarchical cache Hierarchy.
[2018.10.25-14.28.28:525][  0]LogMaterial: Verifying Global Shaders for PCD3D_SM5
[2018.10.25-14.28.28:526][  0]LogSlate: Using FreeType 2.6.0
[2018.10.25-14.28.28:527][  0]LogSlate: SlateFontServices - WITH_FREETYPE: 1, WITH_HARFBUZZ: 1
[2018.10.25-14.28.28:601][  0]LogAssetRegistry: FAssetRegistry took 0.0261 seconds to start up
[2018.10.25-14.28.28:858][  0]LogInit: Selected Device Profile: [Windows]
[2018.10.25-14.28.28:968][  0]LogSimplygon: Simplygon DLL not present - disabling.
[2018.10.25-14.28.28:970][  0]LogMeshReduction: Using SimplygonSwarm for distributed automatic mesh merging
[2018.10.25-14.28.28:970][  0]LogMeshReduction: Using ProxyLODMeshReduction for automatic mesh merging
[2018.10.25-14.28.28:970][  0]LogMeshReduction: Using QuadricMeshReduction for automatic static mesh reduction
[2018.10.25-14.28.28:970][  0]LogMeshReduction: No automatic skeletal mesh reduction module available
[2018.10.25-14.28.28:986][  0]LogNetVersion: SGAUnreal 1.0.0, NetCL: 4212847, EngineNetVer: 5, GameNetVer: 0 (Checksum: 2779230690)
[2018.10.25-14.28.29:551][  0]LogPackageLocalizationCache: Processed 11 localized package path(s) for 2 prioritized culture(s) in 0.126018 seconds
[2018.10.25-14.28.29:557][  0]LogUObjectArray: 38425 objects as part of root set at end of initial load.
[2018.10.25-14.28.29:557][  0]LogUObjectAllocator: 6690864 out of 0 bytes used by permanent object pool.
[2018.10.25-14.28.29:557][  0]LogUObjectArray: CloseDisregardForGC: 0/0 objects in disregard for GC pool
[2018.10.25-14.28.30:394][  0]LogTcpMessaging: Initializing TcpMessaging bridge
[2018.10.25-14.28.30:408][  0]LogUdpMessaging: Initializing bridge on interface 0.0.0.0:0 to multicast group 230.0.0.1:6666.
[2018.10.25-14.28.32:482][  0]SourceControl: 소스 컨트롤이 꺼졌습니다.
[2018.10.25-14.28.32:482][  0]SourceControl: 소스 컨트롤이 꺼졌습니다.
[2018.10.25-14.28.32:483][  0]SourceControl: 소스 컨트롤이 꺼졌습니다.
[2018.10.25-14.28.32:483][  0]SourceControl: 소스 컨트롤이 꺼졌습니다.
[2018.10.25-14.28.32:626][  0]LogAndroidPermission: UAndroidPermissionCallbackProxy::GetInstance
[2018.10.25-14.28.32:791][  0]LogOcInput: OculusInput pre-init called
[2018.10.25-14.28.32:860][  0]LogEngine: Initializing Engine...
[2018.10.25-14.28.32:860][  0]LogHMD: Failed to initialize OpenVR with code 110
[2018.10.25-14.28.32:861][  0]LogStats: UGameplayTagsManager::ConstructGameplayTagTree: ImportINI prefixes -  0.000 s
[2018.10.25-14.28.32:861][  0]LogStats: UGameplayTagsManager::ConstructGameplayTagTree: Construct from data asset -  0.000 s
[2018.10.25-14.28.32:861][  0]LogStats: UGameplayTagsManager::ConstructGameplayTagTree: ImportINI -  0.000 s
[2018.10.25-14.28.32:861][  0]LogStats: UGameplayTagsManager::ConstructGameplayTagTree: GameplayTagTreeChangedEvent.Broadcast -  0.000 s
[2018.10.25-14.28.33:114][  0]LogInit: Initializing FReadOnlyCVARCache
[2018.10.25-14.28.33:123][  0]LogAIModule: Creating AISystem for world Untitled
[2018.10.25-14.28.33:152][  0]LogInit: XAudio2 using '헤드셋 이어폰(HyperX Virtual Surround Sound)' : 2 channels at 44.1 kHz using 16 bits per sample (channel mask 0x3)
[2018.10.25-14.28.33:184][  0]LogInit: FAudioDevice initialized.
[2018.10.25-14.28.33:184][  0]LogNetVersion: Set ProjectVersion to 1.0.0.0. Version Checksum will be recalculated on next use.
[2018.10.25-14.28.33:256][  0]LogDerivedDataCache: Saved boot cache 0.07s 71MB C:/Users/ine07/AppData/Local/UnrealEngine/4.20/DerivedDataCache/Boot.ddc.
[2018.10.25-14.28.33:260][  0]LogInit: Texture streaming: Enabled
[2018.10.25-14.28.33:270][  0]LogEngineSessionManager: EngineSessionManager initialized
[2018.10.25-14.28.33:355][  0]LogInit: Transaction tracking system initialized
[2018.10.25-14.28.33:369][  0]BlueprintLog: New page: 에디터 로드
[2018.10.25-14.28.33:542][  0]LocalizationService: 현지화 서비스가 비활성화되었습니다.
[2018.10.25-14.28.33:893][  0]LogCook: Display: Max memory allowance for cook 16384mb min free memory 0mb
[2018.10.25-14.28.33:893][  0]LogCook: Display: Mobile HDR setting 1
[2018.10.25-14.28.33:909][  0]LogFileCache: Scanning file cache for directory 'D:/L.Programs/Programming/Unreal/SGA_unreal/SGAUnreal/Content/' took 0.03s
[2018.10.25-14.28.33:909][  0]LogGameplayTags: Display: UGameplayTagsManager::DoneAddingNativeTags. DelegateIsBound: 0
[2018.10.25-14.28.33:909][  0]LogStats: UGameplayTagsManager::ConstructGameplayTagTree: ImportINI prefixes -  0.000 s
[2018.10.25-14.28.33:909][  0]LogStats: UGameplayTagsManager::ConstructGameplayTagTree: Construct from data asset -  0.000 s
[2018.10.25-14.28.33:909][  0]LogStats: UGameplayTagsManager::ConstructGameplayTagTree: ImportINI -  0.000 s
[2018.10.25-14.28.33:909][  0]LogStats: UGameplayTagsManager::ConstructGameplayTagTree: GameplayTagTreeChangedEvent.Broadcast -  0.000 s
[2018.10.25-14.28.33:992][  0]SourceControl: 소스 컨트롤이 꺼졌습니다.
[2018.10.25-14.28.33:992][  0]Cmd: MAP LOAD FILE="../../../Engine/Content/Maps/Templates/Template_Default.umap" TEMPLATE=1 SHOWPROGRESS=1 FEATURELEVEL=3
[2018.10.25-14.28.33:992][  0]LightingResults: New page: 라이팅 빌드
[2018.10.25-14.28.33:994][  0]MapCheck: New page: 맵 체크
[2018.10.25-14.28.33:994][  0]LightingResults: New page: 라이팅 빌드
[2018.10.25-14.28.34:191][  0]LogAIModule: Creating AISystem for world Untitled_1
[2018.10.25-14.28.34:199][  0]LogEditorServer: Finished looking for orphan Actors (0.000 secs)
[2018.10.25-14.28.34:220][  0]Cmd: MAP CHECKDEP NOCLEARLOG
[2018.10.25-14.28.34:265][  0]MapCheck: 맵 체크 완료: 오류 0 회, 경고 0 회, 소요 시간 44.285ms.
[2018.10.25-14.28.34:265][  0]LogFileHelpers: Loading map 'Template_Default' took 0.273
[2018.10.25-14.28.36:081][  0]LogSlate: Updating window title bar state: overlay mode, drag disabled, window buttons hidden, title bar hidden
[2018.10.25-14.28.36:116][  0]LogSlate: Updating window title bar state: overlay mode, drag disabled, window buttons hidden, title bar hidden
[2018.10.25-14.28.36:123][  0]LogSlate: Updating window title bar state: overlay mode, drag disabled, window buttons hidden, title bar hidden
[2018.10.25-14.28.36:130][  0]LogSlate: Updating window title bar state: overlay mode, drag disabled, window buttons hidden, title bar hidden
[2018.10.25-14.28.36:274][  0]LogCollectionManager: Loaded 0 collections in 0.000775 seconds
[2018.10.25-14.28.36:838][  0]LogFileCache: Scanning file cache for directory 'D:/L.Programs/Programming/Unreal/SGA_unreal/SGAUnreal/Saved/Collections/' took 0.01s
[2018.10.25-14.28.36:838][  0]LogFileCache: Scanning file cache for directory 'D:/L.Programs/Programming/Unreal/SGA_unreal/SGAUnreal/Content/Developers/ine07/Collections/' took 0.01s
[2018.10.25-14.28.36:838][  0]LogFileCache: Scanning file cache for directory 'D:/L.Programs/Programming/Unreal/SGA_unreal/SGAUnreal/Content/Collections/' took 0.01s
[2018.10.25-14.28.36:838][  0]LogCollectionManager: Rebuilt the GUID cache for 0 collections in 0.000000 seconds
[2018.10.25-14.28.36:861][  0]LogContentBrowser: Native class hierarchy populated in 0.0217 seconds. Added 2576 classes and 605 folders.
[2018.10.25-14.28.37:126][  0]LogContentBrowser: Native class hierarchy updated for 'WidgetCarousel' in 0.0003 seconds. Added 0 classes and 0 folders.
[2018.10.25-14.28.40:727][  0]LogContentBrowser: Native class hierarchy updated for 'AddContentDialog' in 0.0003 seconds. Added 0 classes and 0 folders.
[2018.10.25-14.28.40:801][  0]LogContentBrowser: Native class hierarchy updated for 'SceneOutliner' in 0.0003 seconds. Added 1 classes and 2 folders.
[2018.10.25-14.28.44:256][  0]LogSlate: Took 0.000223 seconds to synchronously load lazily loaded font '../../../Engine/Content/Slate/Fonts/Roboto-Regular.ttf' (155K)
[2018.10.25-14.28.44:258][  0]LogSlate: Took 0.001773 seconds to synchronously load lazily loaded font '../../../Engine/Content/Editor/Slate/Fonts/NanumGothic.ttf' (4243K)
[2018.10.25-14.28.44:261][  0]LogSlate: Took 0.001833 seconds to synchronously load lazily loaded font '../../../Engine/Content/Editor/Slate/Fonts/NanumGothicBold.ttf' (4188K)
[2018.10.25-14.28.44:261][  0]LogSlate: Took 0.000107 seconds to synchronously load lazily loaded font '../../../Engine/Content/Slate/Fonts/Roboto-Bold.ttf' (160K)
[2018.10.25-14.28.44:466][  0]LogSlate: Took 0.043865 seconds to synchronously load lazily loaded font '../../../Engine/Content/Editor/Slate/Fonts/FontAwesome.ttf' (139K)
[2018.10.25-14.28.45:772][  0]LogRenderer: Reallocating scene render targets to support 1208x576 Format 10 NumSamples 1 (Frame:1).
[2018.10.25-14.28.46:705][  0]LogSlate: Took 0.019395 seconds to synchronously load lazily loaded font '../../../Engine/Content/Slate/Fonts/Roboto-Light.ttf' (167K)
[2018.10.25-14.28.46:920][  0]LogContentBrowser: Native class hierarchy updated for 'HierarchicalLODOutliner' in 0.0003 seconds. Added 0 classes and 0 folders.
[2018.10.25-14.28.46:920][  0]LogLoad: (Engine Initialization) Total time: 22.41 seconds
[2018.10.25-14.28.46:920][  0]LogLoad: (Engine Initialization) Total Blueprint compile time: 0.00 seconds
[2018.10.25-14.28.47:050][  0]LogContentStreaming: Texture pool size now 1000 MB
[2018.10.25-14.28.47:411][  1]LogAssetRegistry: Asset discovery search completed in 18.8325 seconds
[2018.10.25-14.28.47:412][  1]LogCollectionManager: Rebuilt the object cache for 0 collections in 0.000000 seconds (found 0 objects)
[2018.10.25-14.28.47:412][  1]LogCollectionManager: Fixed up redirectors for 0 collections in 0.000042 seconds (updated 0 objects)
[2018.10.25-14.30.07:687][408]LogSlate: FSceneViewport::OnFocusLost() reason 0
[2018.10.25-14.30.07:848][422]LogSlate: Took 0.000182 seconds to synchronously load lazily loaded font '../../../Engine/Content/Slate/Fonts/Roboto-Light.ttf' (167K)
[2018.10.25-14.30.08:061][422]LogAIModule: Creating AISystem for world Level1
[2018.10.25-14.30.08:132][422]LogAssetEditorManager: Opening Asset editor for World /Game/Levels/Level1.Level1
[2018.10.25-14.30.08:167][422]Cmd: MAP LOAD FILE="D:/L.Programs/Programming/Unreal/SGA_unreal/SGAUnreal/Content/Levels/Level1.umap" TEMPLATE=0 SHOWPROGRESS=1 FEATURELEVEL=3
[2018.10.25-14.30.08:167][422]LightingResults: New page: 라이팅 빌드
[2018.10.25-14.30.08:167][422]LoadErrors: New page: 맵 로드중: Level1.umap
[2018.10.25-14.30.08:168][422]MapCheck: New page: 맵 체크
[2018.10.25-14.30.08:168][422]LightingResults: New page: 라이팅 빌드
[2018.10.25-14.30.08:314][422]LogEditorServer: Finished looking for orphan Actors (0.000 secs)
[2018.10.25-14.30.08:358][422]Cmd: MAP CHECKDEP NOCLEARLOG
[2018.10.25-14.30.08:405][422]MapCheck: 맵 체크 완료: 오류 0 회, 경고 0 회, 소요 시간 46.262ms.
[2018.10.25-14.30.08:405][422]LogFileHelpers: Loading map 'Level1' took 0.238
[2018.10.25-14.30.44:508][265]LogSlate: FSceneViewport::OnFocusLost() reason 0
[2018.10.25-14.31.16:315][488]LogAssetEditorManager: Opening Asset editor for Blueprint /Game/Blueprints/BpGameMode.BpGameMode
[2018.10.25-14.31.17:796][488]LogContentBrowser: Native class hierarchy updated for 'BlueprintGraph' in 0.0009 seconds. Added 116 classes and 0 folders.
[2018.10.25-14.31.21:389][679]LogSlate: Window 'BpGameMode' being destroyed
[2018.10.25-14.31.21:691][679]LogAssetEditorManager: Opening Asset editor for Blueprint /Game/Blueprints/BpGameMode.BpGameMode
[2018.10.25-14.31.22:268][679]LogSlate: Took 0.032309 seconds to synchronously load lazily loaded font '../../../Engine/Content/Slate/Fonts/Roboto-BoldCondensed.ttf' (158K)
[2018.10.25-14.31.33:403][839]Cmd: OBJ SAVEPACKAGE PACKAGE="/Game/Blueprints/BpGameMode" FILE="D:/L.Programs/Programming/Unreal/SGA_unreal/SGAUnreal/Content/Blueprints/BpGameMode.uasset" SILENT=true
[2018.10.25-14.31.33:586][839]LogSavePackage: Moving 'D:/L.Programs/Programming/Unreal/SGA_unreal/SGAUnreal/Saved/BpGameMode6A2DCCC14405C08A0C8C3BAC6A9D7F30.tmp' to 'D:/L.Programs/Programming/Unreal/SGA_unreal/SGAUnreal/Content/Blueprints/BpGameMode.uasset'
[2018.10.25-14.31.34:342][918]BlueprintLog: New page: BpGameMode 컴파일
[2018.10.25-14.31.38:766][339]LogSlate: Window 'BpGameMode' being destroyed
[2018.10.25-14.31.38:773][339]LogSlate: Window 'BpGameMode' being destroyed
[2018.10.25-14.31.45:560][116]LogSlate: Prevented a slow task dialog from being summoned while a context menu was open
[2018.10.25-14.31.57:410][511]Cmd: OBJ SAVEPACKAGE PACKAGE="/Game/Levels/Level1" FILE="D:/L.Programs/Programming/Unreal/SGA_unreal/SGAUnreal/Content/Levels/Level1.umap" SILENT=true AUTOSAVING=false KEEPDIRTY=false
[2018.10.25-14.31.57:502][511]LogSavePackage: Moving 'D:/L.Programs/Programming/Unreal/SGA_unreal/SGAUnreal/Saved/Level1FC0001584E2C68A9B21210944116116B.tmp' to 'D:/L.Programs/Programming/Unreal/SGA_unreal/SGAUnreal/Content/Levels/Level1.umap'
[2018.10.25-14.31.57:569][511]Cmd: OBJ SAVEPACKAGE PACKAGE="/Game/Levels/Level1_BuiltData" FILE="D:/L.Programs/Programming/Unreal/SGA_unreal/SGAUnreal/Content/Levels/Level1_BuiltData.uasset" SILENT=true
[2018.10.25-14.31.57:621][511]LogSavePackage: Moving 'D:/L.Programs/Programming/Unreal/SGA_unreal/SGAUnreal/Saved/Level1_BuiltData568B355C4CE9D2A503FC69AE7541202A.tmp' to 'D:/L.Programs/Programming/Unreal/SGA_unreal/SGAUnreal/Content/Levels/Level1_BuiltData.uasset'
[2018.10.25-14.31.59:665][754]LogTemp: Repeating last play command: 독립형 게임
[2018.10.25-14.32.21:436][237]LogTemp: Repeating last play command: 독립형 게임
[2018.10.25-14.37.20:833][ 15]Running E:/Program Files/Epic Games/UE_4.20/Engine/Binaries/DotNET/UnrealBuildTool.exe  -projectfiles -project="D:/L.Programs/Programming/Unreal/SGA_unreal/SGAUnreal/SGAUnreal.uproject" -game -rocket -progress
[2018.10.25-14.37.21:138][ 15]Discovering modules, targets and source code for project...
[2018.10.25-14.37.25:569][ 15]E:\Program Files\Epic Games\UE_4.20\Engine\Source\ThirdParty\Expat\Expat.Build.cs: warning: Referenced directory 'E:\Program Files\Epic Games\UE_4.20\Engine\Source\ThirdParty\Expat\expat-2.2.0\Win64\VS2015\Release' does not exist.
[2018.10.25-14.37.30:142][ 15]LogVSAccessor: Warning: Couldn't access Visual Studio
[2018.10.25-14.37.30:251][ 15]Candidate modules for hot reload:
[2018.10.25-14.37.30:251][ 15]  SGAUnreal
[2018.10.25-14.37.30:251][ 15]Launching UnrealBuildTool... [E:/Program Files/Epic Games/UE_4.20/Engine/Binaries/DotNET/UnrealBuildTool.exe  -ModuleWithSuffix=SGAUnreal,2111 Win64 Development -TargetType=Editor -Project="D:/L.Programs/Programming/Unreal/SGA_unreal/SGAUnreal/SGAUnreal.uproject" -canskiplink "D:/L.Programs/Programming/Unreal/SGA_unreal/SGAUnreal/SGAUnreal.uproject" ]
[2018.10.25-14.42.51:500][ 15]CompilerResultsLog: New page: 컴파일 - 2018. 10. 26. 오전 8:42:51
[2018.10.25-14.42.51:512][ 15]CompilerResultsLog: Creating makefile for hot reloading SGAUnrealEditor (new files with reflected types)
[2018.10.25-14.42.51:512][ 15]CompilerResultsLog: Compiling game modules for hot reload
[2018.10.25-14.42.51:512][ 15]CompilerResultsLog: Using Visual Studio 2017 14.15.26726 toolchain (C:\Program Files (x86)\Microsoft Visual Studio\2017\Community\VC\Tools\MSVC\14.15.26726) and Windows 10.0.16299.0 SDK (C:\Program Files (x86)\Windows Kits\10).
[2018.10.25-14.42.51:512][ 15]CompilerResultsLog: Parsing headers for SGAUnrealEditor
[2018.10.25-14.42.51:512][ 15]CompilerResultsLog:   Running UnrealHeaderTool "D:\L.Programs\Programming\Unreal\SGA_unreal\SGAUnreal\SGAUnreal.uproject" "D:\L.Programs\Programming\Unreal\SGA_unreal\SGAUnreal\Intermediate\Build\Win64\SGAUnrealEditor\Development\SGAUnrealEditor.uhtmanifest" -LogCmds="loginit warning, logexit warning, logdatabase error" -Unattended -WarningsAsErrors -installed
[2018.10.25-14.42.51:512][ 15]CompilerResultsLog: Reflection code generated for SGAUnrealEditor in 10.1364008 seconds
[2018.10.25-14.42.51:512][ 15]CompilerResultsLog: Building 5 actions with 8 processes...
[2018.10.25-14.42.51:512][ 15]CompilerResultsLog:   [1/5] SGAUnreal.init.gen.cpp
[2018.10.25-14.42.51:512][ 15]CompilerResultsLog:   [2/5] CCamera.cpp
[2018.10.25-14.42.51:512][ 15]CompilerResultsLog:   [3/5] CCamera.gen.cpp
[2018.10.25-14.42.51:512][ 15]CompilerResultsLog:   [4/5] UE4Editor-SGAUnreal-2111.lib
[2018.10.25-14.42.51:512][ 15]CompilerResultsLog:      D:\L.Programs\Programming\Unreal\SGA_unreal\SGAUnreal\Intermediate\Build\Win64\UE4Editor\Development\SGAUnreal\UE4Editor-SGAUnreal-2111.lib ???????? ?? D:\L.Programs\Programming\Unreal\SGA_unreal\SGAUnreal\Intermediate\Build\Win64\UE4Editor\Development\SGAUnreal\UE4Editor-SGAUnreal-2111.exp ??u?? ??????? ??????.
[2018.10.25-14.42.51:512][ 15]CompilerResultsLog:   [5/5] UE4Editor-SGAUnreal-2111.dll
[2018.10.25-14.42.51:512][ 15]CompilerResultsLog:      D:\L.Programs\Programming\Unreal\SGA_unreal\SGAUnreal\Intermediate\Build\Win64\UE4Editor\Development\SGAUnreal\UE4Editor-SGAUnreal-2111.suppressed.lib ???????? ?? D:\L.Programs\Programming\Unreal\SGA_unreal\SGAUnreal\Intermediate\Build\Win64\UE4Editor\Development\SGAUnreal\UE4Editor-SGAUnreal-2111.suppressed.exp ??u?? ??????? ??????.
[2018.10.25-14.42.51:512][ 15]CompilerResultsLog: Total build time: 320.93 seconds (Parallel executor: 265.35 seconds)
[2018.10.25-14.42.51:526][ 15]LogMainFrame: MainFrame: Module compiling took 321.384 seconds
[2018.10.25-14.42.51:602][ 15]LogClass: Could not find existing class CCamera in package /Script/SGAUnreal for HotReload, assuming new class
[2018.10.25-14.42.51:618][ 15]LogContentBrowser: Native class hierarchy updated for 'SGAUnreal' in 0.0004 seconds. Added 5 classes and 2 folders.
[2018.10.25-14.42.51:621][ 15]Display: HotReload successful (2 functions remapped  0 scriptstructs remapped)
[2018.10.25-14.42.52:018][ 15]LogContentBrowser: Native class hierarchy populated in 0.0094 seconds. Added 2578 classes and 607 folders.
[2018.10.25-14.42.52:071][ 15]Display: HotReload took 321.9s.
[2018.10.25-14.42.52:073][ 15]Warning: HotReload operation took 321.9s.
[2018.10.25-14.42.52:165][ 15]LogSlate: Window 'C++ 클래스 추가' being destroyed
[2018.10.25-14.42.52:175][ 15]LogHotReload: New module detected: UE4Editor-SGAUnreal-2111.dll
[2018.10.25-14.42.52:435][ 16]LogHotReload: Starting Hot-Reload from IDE
[2018.10.25-14.42.52:541][ 16]LogContentBrowser: Native class hierarchy updated for 'SGAUnreal' in 0.0003 seconds. Added 5 classes and 2 folders.
[2018.10.25-14.42.52:545][ 16]Display: HotReload successful (0 functions remapped  0 scriptstructs remapped)
[2018.10.25-14.42.52:867][ 16]LogContentBrowser: Native class hierarchy populated in 0.0090 seconds. Added 2578 classes and 607 folders.
[2018.10.25-14.42.52:872][ 16]Display: HotReload took  0.4s.
[2018.10.25-14.43.32:036][198]LogSlate: Window 'SGAUnreal - 언리얼 에디터' being destroyed
[2018.10.25-14.43.32:039][198]LogWindowsTextInputMethodSystem: Display: IME system now activated using TSF (Microsoft 입력기).
[2018.10.25-14.43.32:236][199]Cmd: QUIT_EDITOR
[2018.10.25-14.43.32:259][199]LogExit: Preparing to exit.
[2018.10.25-14.43.32:924][199]LogExit: Editor shut down
[2018.10.25-14.43.32:924][199]LogExit: Transaction tracking system shut down
[2018.10.25-14.43.33:545][199]LogExit: Object subsystem successfully closed.
[2018.10.25-14.43.33:569][199]LogShaderCompilers: Display: Shaders left to compile 0
[2018.10.25-14.43.33:572][199]LogD3D11RHI: Shutdown
[2018.10.25-14.43.33:572][199]LogD3D11RHI: CleanupD3DDevice
[2018.10.25-14.43.33:577][199]LogD3D11RHI: ~FD3D11DynamicRHI
[2018.10.25-14.43.33:588][199]LogModuleManager: Shutting down and abandoning module SGAUnreal (618)
[2018.10.25-14.43.33:588][199]LogModuleManager: Shutting down and abandoning module BlueprintGraph (616)
[2018.10.25-14.43.33:588][199]LogModuleManager: Shutting down and abandoning module HierarchicalLODOutliner (614)
[2018.10.25-14.43.33:588][199]LogModuleManager: Shutting down and abandoning module SceneOutliner (612)
[2018.10.25-14.43.33:588][199]LogModuleManager: Shutting down and abandoning module AddContentDialog (610)
[2018.10.25-14.43.33:588][199]LogModuleManager: Shutting down and abandoning module WidgetCarousel (609)
[2018.10.25-14.43.33:588][199]LogModuleManager: Shutting down and abandoning module EditorWidgets (606)
[2018.10.25-14.43.33:588][199]LogModuleManager: Shutting down and abandoning module CollectionManager (604)
[2018.10.25-14.43.33:588][199]LogModuleManager: Shutting down and abandoning module HierarchicalLODUtilities (602)
[2018.10.25-14.43.33:588][199]LogModuleManager: Shutting down and abandoning module StatsViewer (600)
[2018.10.25-14.43.33:588][199]LogModuleManager: Shutting down and abandoning module FoliageEdit (598)
[2018.10.25-14.43.33:588][199]LogModuleManager: Shutting down and abandoning module LandscapeEditor (596)
[2018.10.25-14.43.33:588][199]LogModuleManager: Shutting down and abandoning module MeshPaintMode (594)
[2018.10.25-14.43.33:588][199]LogModuleManager: Shutting down and abandoning module SceneDepthPickerMode (592)
[2018.10.25-14.43.33:588][199]LogModuleManager: Shutting down and abandoning module ActorPickerMode (590)
[2018.10.25-14.43.33:588][199]LogModuleManager: Shutting down and abandoning module GeometryMode (588)
[2018.10.25-14.43.33:588][199]LogModuleManager: Shutting down and abandoning module TextureAlignMode (586)
[2018.10.25-14.43.33:588][199]LogModuleManager: Shutting down and abandoning module BspMode (584)
[2018.10.25-14.43.33:588][199]LogModuleManager: Shutting down and abandoning module PIEPreviewDeviceProfileSelector (582)
[2018.10.25-14.43.33:588][199]LogModuleManager: Shutting down and abandoning module SequenceRecorderSections (580)
[2018.10.25-14.43.33:588][199]LogModuleManager: Shutting down and abandoning module AutomationWorker (578)
[2018.10.25-14.43.33:588][199]LogModuleManager: Shutting down and abandoning module AudioCaptureEditor (576)
[2018.10.25-14.43.33:589][199]LogModuleManager: Shutting down and abandoning module SequenceRecorder (575)
[2018.10.25-14.43.33:589][199]LogModuleManager: Shutting down and abandoning module MatineeToLevelSequence (572)
[2018.10.25-14.43.33:589][199]LogModuleManager: Shutting down and abandoning module LevelSequenceEditor (570)
[2018.10.25-14.43.33:589][199]LogModuleManager: Shutting down and abandoning module PlacementMode (569)
[2018.10.25-14.43.33:589][199]LogModuleManager: Shutting down and abandoning module MaterialEditor (568)
[2018.10.25-14.43.33:589][199]LogModuleManager: Shutting down and abandoning module WmfMediaFactory (564)
[2018.10.25-14.43.33:589][199]LogModuleManager: Shutting down and abandoning module WmfMediaEditor (562)
[2018.10.25-14.43.33:589][199]LogModuleManager: Shutting down and abandoning module MediaPlayerEditor (560)
[2018.10.25-14.43.33:589][199]LogModuleManager: Shutting down and abandoning module OpenExrWrapper (558)
[2018.10.25-14.43.33:589][199]LogModuleManager: Shutting down and abandoning module ImgMediaFactory (556)
[2018.10.25-14.43.33:589][199]LogModuleManager: Shutting down and abandoning module ImgMediaEditor (554)
[2018.10.25-14.43.33:589][199]LogModuleManager: Shutting down and abandoning module AvfMediaFactory (552)
[2018.10.25-14.43.33:589][199]LogModuleManager: Shutting down and abandoning module AvfMediaEditor (550)
[2018.10.25-14.43.33:589][199]LogModuleManager: Shutting down and abandoning module AndroidMediaFactory (548)
[2018.10.25-14.43.33:589][199]LogModuleManager: Shutting down and abandoning module AndroidMediaEditor (546)
[2018.10.25-14.43.33:589][199]LogModuleManager: Shutting down and abandoning module MagicLeapCameraPreviewFactory (544)
[2018.10.25-14.43.33:589][199]LogModuleManager: Shutting down and abandoning module MagicLeapMediaFactory (542)
[2018.10.25-14.43.33:589][199]LogModuleManager: Shutting down and abandoning module MagicLeapMediaEditor (540)
[2018.10.25-14.43.33:589][199]LogModuleManager: Shutting down and abandoning module CharacterAI (538)
[2018.10.25-14.43.33:589][199]LogModuleManager: Shutting down and abandoning module SmartSnapping (536)
[2018.10.25-14.43.33:589][199]LogModuleManager: Shutting down and abandoning module SessionServices (534)
[2018.10.25-14.43.33:589][199]LogModuleManager: Shutting down and abandoning module ViewportSnapping (532)
[2018.10.25-14.43.33:589][199]LogModuleManager: Shutting down and abandoning module ViewportInteraction (530)
[2018.10.25-14.43.33:589][199]LogModuleManager: Shutting down and abandoning module ClothPainter (528)
[2018.10.25-14.43.33:589][199]LogModuleManager: Shutting down and abandoning module SkeletalMeshEditor (527)
[2018.10.25-14.43.33:589][199]LogModuleManager: Shutting down and abandoning module LogVisualizer (524)
[2018.10.25-14.43.33:589][199]LogModuleManager: Shutting down and abandoning module IntroTutorials (522)
[2018.10.25-14.43.33:589][199]LogModuleManager: Shutting down and abandoning module GameProjectGeneration (521)
[2018.10.25-14.43.33:589][199]LogModuleManager: Shutting down and abandoning module LuminPlatformEditor (518)
[2018.10.25-14.43.33:589][199]LogModuleManager: Shutting down and abandoning module IOSPlatformEditor (516)
[2018.10.25-14.43.33:589][199]LogModuleManager: Shutting down and abandoning module HTML5PlatformEditor (514)
[2018.10.25-14.43.33:589][199]LogModuleManager: Shutting down and abandoning module AndroidPlatformEditor (512)
[2018.10.25-14.43.33:589][199]LogModuleManager: Shutting down and abandoning module AndroidDeviceDetection (511)
[2018.10.25-14.43.34:064][199]LogModuleManager: Shutting down and abandoning module WindowsPlatformEditor (508)
[2018.10.25-14.43.34:064][199]LogModuleManager: Shutting down and abandoning module LuminRuntimeSettings (506)
[2018.10.25-14.43.34:064][199]LogModuleManager: Shutting down and abandoning module IOSRuntimeSettings (504)
[2018.10.25-14.43.34:064][199]LogModuleManager: Shutting down and abandoning module AndroidRuntimeSettings (502)
[2018.10.25-14.43.34:064][199]LogModuleManager: Shutting down and abandoning module InputBindingEditor (500)
[2018.10.25-14.43.34:064][199]LogModuleManager: Shutting down and abandoning module MergeActors (498)
[2018.10.25-14.43.34:064][199]LogModuleManager: Shutting down and abandoning module LocalizationDashboard (496)
[2018.10.25-14.43.34:064][199]LogModuleManager: Shutting down and abandoning module LocalizationService (495)
[2018.10.25-14.43.34:064][199]LogModuleManager: Shutting down and abandoning module HardwareTargeting (492)
[2018.10.25-14.43.34:064][199]LogModuleManager: Shutting down and abandoning module DeviceProfileEditor (490)
[2018.10.25-14.43.34:064][199]LogModuleManager: Shutting down and abandoning module UndoHistory (488)
[2018.10.25-14.43.34:065][199]LogModuleManager: Shutting down and abandoning module XmlParser (486)
[2018.10.25-14.43.34:065][199]LogModuleManager: Shutting down and abandoning module Blutility (484)
[2018.10.25-14.43.34:065][199]LogModuleManager: Shutting down and abandoning module ProjectSettingsViewer (482)
[2018.10.25-14.43.34:065][199]LogModuleManager: Shutting down and abandoning module ProjectTargetPlatformEditor (481)
[2018.10.25-14.43.34:065][199]LogModuleManager: Shutting down and abandoning module EditorSettingsViewer (478)
[2018.10.25-14.43.34:065][199]LogModuleManager: Shutting down and abandoning module SettingsEditor (476)
[2018.10.25-14.43.34:065][199]LogModuleManager: Shutting down and abandoning module ProjectLauncher (474)
[2018.10.25-14.43.34:065][199]LogModuleManager: Shutting down and abandoning module SessionFrontend (472)
[2018.10.25-14.43.34:065][199]LogModuleManager: Shutting down and abandoning module ProfilerClient (470)
[2018.10.25-14.43.34:065][199]LogModuleManager: Shutting down and abandoning module DeviceManager (468)
[2018.10.25-14.43.34:065][199]LogModuleManager: Shutting down and abandoning module TargetDeviceServices (467)
[2018.10.25-14.43.34:118][199]LogModuleManager: Shutting down and abandoning module AutomationController (464)
[2018.10.25-14.43.34:118][199]LogModuleManager: Shutting down and abandoning module AutomationWindow (462)
[2018.10.25-14.43.34:118][199]LogModuleManager: Shutting down and abandoning module Layers (460)
[2018.10.25-14.43.34:118][199]LogModuleManager: Shutting down and abandoning module ComponentVisualizers (458)
[2018.10.25-14.43.34:118][199]LogModuleManager: Shutting down and abandoning module DetailCustomizations (456)
[2018.10.25-14.43.34:118][199]LogModuleManager: Shutting down and abandoning module PackagesDialog (454)
[2018.10.25-14.43.34:118][199]LogModuleManager: Shutting down and abandoning module Persona (452)
[2018.10.25-14.43.34:118][199]LogModuleManager: Shutting down and abandoning module AdvancedPreviewScene (451)
[2018.10.25-14.43.34:118][199]LogModuleManager: Shutting down and abandoning module AnimGraph (449)
[2018.10.25-14.43.34:118][199]LogModuleManager: Shutting down and abandoning module Kismet (446)
[2018.10.25-14.43.34:119][199]LogModuleManager: Shutting down and abandoning module GraphEditor (444)
[2018.10.25-14.43.34:119][199]LogModuleManager: Shutting down and abandoning module ClassViewer (442)
[2018.10.25-14.43.34:120][199]LogModuleManager: Shutting down and abandoning module Toolbox (440)
[2018.10.25-14.43.34:120][199]LogModuleManager: Shutting down and abandoning module DesktopPlatform (439)
[2018.10.25-14.43.34:120][199]LogModuleManager: Shutting down and abandoning module ModuleUI (436)
[2018.10.25-14.43.34:120][199]LogModuleManager: Shutting down and abandoning module MovieSceneTools (434)
[2018.10.25-14.43.34:120][199]LogModuleManager: Shutting down and abandoning module OutputLog (432)
[2018.10.25-14.43.34:120][199]LogModuleManager: Shutting down and abandoning module GammaUI (430)
[2018.10.25-14.43.34:120][199]LogModuleManager: Shutting down and abandoning module Documentation (428)
[2018.10.25-14.43.34:120][199]LogModuleManager: Shutting down and abandoning module MovieSceneTracks (426)
[2018.10.25-14.43.34:120][199]LogModuleManager: Shutting down and abandoning module MovieScene (424)
[2018.10.25-14.43.34:120][199]LogModuleManager: Shutting down and abandoning module StreamingPauseRendering (422)
[2018.10.25-14.43.34:120][199]LogModuleManager: Shutting down and abandoning module LauncherPlatform (420)
[2018.10.25-14.43.34:120][199]LogModuleManager: Shutting down and abandoning module AnalyticsET (418)
[2018.10.25-14.43.34:120][199]LogModuleManager: Shutting down and abandoning module PortalServices (416)
[2018.10.25-14.43.34:120][199]LogModuleManager: Shutting down and abandoning module PortalRpc (414)
[2018.10.25-14.43.34:120][199]LogModuleManager: Shutting down and abandoning module MessagingRpc (412)
[2018.10.25-14.43.34:120][199]LogModuleManager: Shutting down and abandoning module AIModule (410)
[2018.10.25-14.43.34:120][199]LogModuleManager: Shutting down and abandoning module GameplayDebugger (409)
[2018.10.25-14.43.34:120][199]LogModuleManager: Shutting down and abandoning module AITestSuite (407)
[2018.10.25-14.43.34:120][199]LogModuleManager: Shutting down and abandoning module NavigationSystem (405)
[2018.10.25-14.43.34:120][199]LogModuleManager: Shutting down and abandoning module ProfilerService (402)
[2018.10.25-14.43.34:170][199]LogModuleManager: Shutting down and abandoning module TaskGraph (400)
[2018.10.25-14.43.34:170][199]LogModuleManager: Shutting down and abandoning module SteamVRController (398)
[2018.10.25-14.43.34:170][199]LogModuleManager: Shutting down and abandoning module ProceduralMeshComponentEditor (396)
[2018.10.25-14.43.34:170][199]LogModuleManager: Shutting down and abandoning module ProceduralMeshComponent (394)
[2018.10.25-14.43.34:170][199]LogModuleManager: Shutting down and abandoning module OculusInput (392)
[2018.10.25-14.43.34:170][199]LogModuleManager: Shutting down and abandoning module MobilePatchingUtils (390)
[2018.10.25-14.43.34:170][199]LogModuleManager: Shutting down and abandoning module EditableMesh (388)
[2018.10.25-14.43.34:170][199]LogModuleManager: Shutting down and abandoning module CustomMeshComponent (386)
[2018.10.25-14.43.34:171][199]LogModuleManager: Shutting down and abandoning module CableComponent (384)
[2018.10.25-14.43.34:171][199]LogModuleManager: Shutting down and abandoning module AudioCapture (382)
[2018.10.25-14.43.34:171][199]LogModuleManager: Shutting down and abandoning module ArchVisCharacter (380)
[2018.10.25-14.43.34:171][199]LogModuleManager: Shutting down and abandoning module AndroidPermission (378)
[2018.10.25-14.43.34:171][199]LogModuleManager: Shutting down and abandoning module NUTUnrealEngine4 (376)
[2018.10.25-14.43.34:171][199]LogModuleManager: Shutting down and abandoning module NetcodeUnitTest (374)
[2018.10.25-14.43.34:171][199]LogModuleManager: Shutting down and abandoning module MediaCompositingEditor (372)
[2018.10.25-14.43.34:171][199]LogModuleManager: Shutting down and abandoning module MediaCompositing (370)
[2018.10.25-14.43.34:171][199]LogModuleManager: Shutting down and abandoning module LinearTimecode (368)
[2018.10.25-14.43.34:171][199]LogModuleManager: Shutting down and abandoning module ImgMedia (366)
[2018.10.25-14.43.34:175][199]LogModuleManager: Shutting down and abandoning module HTML5Networking (364)
[2018.10.25-14.43.34:175][199]LogModuleManager: Shutting down and abandoning module GeometryCacheTracks (362)
[2018.10.25-14.43.34:175][199]LogModuleManager: Shutting down and abandoning module GeometryCacheSequencer (360)
[2018.10.25-14.43.34:175][199]LogModuleManager: Shutting down and abandoning module BackChannel (358)
[2018.10.25-14.43.34:175][199]LogModuleManager: Shutting down and abandoning module AppleVision (356)
[2018.10.25-14.43.34:175][199]LogModuleManager: Shutting down and abandoning module AppleImageUtils (354)
[2018.10.25-14.43.34:175][199]LogModuleManager: Shutting down and abandoning module AlembicImporter (352)
[2018.10.25-14.43.34:175][199]LogModuleManager: Shutting down and abandoning module AlembicLibrary (351)
[2018.10.25-14.43.34:175][199]LogModuleManager: Shutting down and abandoning module GeometryCache (350)
[2018.10.25-14.43.34:175][199]LogModuleManager: Shutting down and abandoning module GeometryCacheEd (349)
[2018.10.25-14.43.34:175][199]LogModuleManager: Shutting down and abandoning module DatasmithContentEditor (344)
[2018.10.25-14.43.34:175][199]LogModuleManager: Shutting down and abandoning module DatasmithContent (342)
[2018.10.25-14.43.34:175][199]LogModuleManager: Shutting down and abandoning module SpeedTreeImporter (340)
[2018.10.25-14.43.34:175][199]LogModuleManager: Shutting down and abandoning module PluginBrowser (338)
[2018.10.25-14.43.34:175][199]LogModuleManager: Shutting down and abandoning module MobileLauncherProfileWizard (336)
[2018.10.25-14.43.34:175][199]LogModuleManager: Shutting down and abandoning module PolygonModeling (334)
[2018.10.25-14.43.34:175][199]LogModuleManager: Shutting down and abandoning module MeshEditor (332)
[2018.10.25-14.43.34:175][199]LogModuleManager: Shutting down and abandoning module CryptoKeysOpenSSL (330)
[2018.10.25-14.43.34:175][199]LogModuleManager: Shutting down and abandoning module CryptoKeys (328)
[2018.10.25-14.43.34:175][199]LogModuleManager: Shutting down and abandoning module VisualStudioSourceCodeAccess (326)
[2018.10.25-14.43.34:175][199]LogModuleManager: Shutting down and abandoning module VisualStudioCodeSourceCodeAccess (324)
[2018.10.25-14.43.34:175][199]LogModuleManager: Shutting down and abandoning module UObjectPlugin (322)
[2018.10.25-14.43.34:175][199]LogModuleManager: Shutting down and abandoning module SubversionSourceControl (320)
[2018.10.25-14.43.34:175][199]LogModuleManager: Shutting down and abandoning module PerforceSourceControl (318)
[2018.10.25-14.43.34:175][199]LogModuleManager: Shutting down and abandoning module GitSourceControl (316)
[2018.10.25-14.43.34:175][199]LogModuleManager: Shutting down and abandoning module SourceControl (315)
[2018.10.25-14.43.34:175][199]LogModuleManager: Shutting down and abandoning module CLionSourceCodeAccess (312)
[2018.10.25-14.43.34:175][199]LogModuleManager: Shutting down and abandoning module LightPropagationVolumeEditor (310)
[2018.10.25-14.43.34:175][199]LogModuleManager: Shutting down and abandoning module PaperTiledImporter (308)
[2018.10.25-14.43.34:175][199]LogModuleManager: Shutting down and abandoning module PaperSpriteSheetImporter (306)
[2018.10.25-14.43.34:175][199]LogModuleManager: Shutting down and abandoning module Paper2DEditor (304)
[2018.10.25-14.43.34:175][199]LogModuleManager: Shutting down and abandoning module MeshPaint (303)
[2018.10.25-14.43.34:176][199]LogModuleManager: Shutting down and abandoning module RuntimePhysXCooking (298)
[2018.10.25-14.43.34:176][199]LogModuleManager: Shutting down and abandoning module PhysXVehiclesEditor (296)
[2018.10.25-14.43.34:176][199]LogModuleManager: Shutting down and abandoning module PhysXVehicles (294)
[2018.10.25-14.43.34:176][199]LogModuleManager: Shutting down and abandoning module OculusEditor (292)
[2018.10.25-14.43.34:176][199]LogModuleManager: Shutting down and abandoning module LocationServicesBPLibrary (290)
[2018.10.25-14.43.34:176][199]LogModuleManager: Shutting down and abandoning module ImmediatePhysicsEditor (288)
[2018.10.25-14.43.34:176][199]LogModuleManager: Shutting down and abandoning module ImmediatePhysics (286)
[2018.10.25-14.43.34:176][199]LogModuleManager: Shutting down and abandoning module ActorSequence (284)
[2018.10.25-14.43.34:176][199]LogModuleManager: Shutting down and abandoning module UdpMessaging (282)
[2018.10.25-14.43.34:277][199]LogModuleManager: Shutting down and abandoning module TcpMessaging (280)
[2018.10.25-14.43.34:377][199]LogModuleManager: Shutting down and abandoning module MagicLeapAudio (278)
[2018.10.25-14.43.34:377][199]LogModuleManager: Shutting down and abandoning module GameplayTagsEditor (276)
[2018.10.25-14.43.34:377][199]LogModuleManager: Shutting down and abandoning module FacialAnimationEditor (274)
[2018.10.25-14.43.34:377][199]LogModuleManager: Shutting down and abandoning module FacialAnimation (272)
[2018.10.25-14.43.34:377][199]LogModuleManager: Shutting down and abandoning module DataValidation (270)
[2018.10.25-14.43.34:377][199]LogModuleManager: Shutting down and abandoning module AssetManagerEditor (268)
[2018.10.25-14.43.34:377][199]LogModuleManager: Shutting down and abandoning module LevelEditor (267)
[2018.10.25-14.43.34:377][199]LogModuleManager: Shutting down and abandoning module PixelInspectorModule (266)
[2018.10.25-14.43.34:377][199]LogModuleManager: Shutting down and abandoning module CommonMenuExtensions (264)
[2018.10.25-14.43.34:378][199]LogModuleManager: Shutting down and abandoning module MainFrame (262)
[2018.10.25-14.43.34:378][199]LogModuleManager: Shutting down and abandoning module HotReload (261)
[2018.10.25-14.43.34:378][199]LogModuleManager: Shutting down and abandoning module ContentBrowser (257)
[2018.10.25-14.43.34:379][199]LogModuleManager: Shutting down and abandoning module TreeMap (255)
[2018.10.25-14.43.34:379][199]LogModuleManager: Shutting down and abandoning module LightPropagationVolumeRuntime (252)
[2018.10.25-14.43.34:379][199]LogModuleManager: Shutting down and abandoning module AISupportModule (250)
[2018.10.25-14.43.34:379][199]LogModuleManager: Shutting down and abandoning module Paper2D (248)
[2018.10.25-14.43.34:379][199]LogModuleManager: Shutting down and abandoning module WindowsMoviePlayer (246)
[2018.10.25-14.43.34:379][199]LogModuleManager: Shutting down and abandoning module WmfMedia (244)
[2018.10.25-14.43.34:381][199]LogModuleManager: Shutting down and abandoning module Media (243)
[2018.10.25-14.43.34:387][199]LogModuleManager: Shutting down and abandoning module PacketHandler (240)
[2018.10.25-14.43.34:387][199]LogModuleManager: Shutting down and abandoning module ClothingSystemEditor (238)
[2018.10.25-14.43.34:387][199]LogModuleManager: Shutting down and abandoning module ClothingSystemRuntime (236)
[2018.10.25-14.43.34:387][199]LogModuleManager: Shutting down and abandoning module MediaAssets (234)
[2018.10.25-14.43.34:387][199]LogModuleManager: Shutting down and abandoning module Overlay (232)
[2018.10.25-14.43.34:387][199]LogModuleManager: Shutting down and abandoning module OverlayEditor (231)
[2018.10.25-14.43.34:387][199]LogModuleManager: Shutting down and abandoning module VREditor (228)
[2018.10.25-14.43.34:387][199]LogModuleManager: Shutting down and abandoning module StringTableEditor (226)
[2018.10.25-14.43.34:387][199]LogModuleManager: Shutting down and abandoning module GameplayTasksEditor (224)
[2018.10.25-14.43.34:387][199]LogModuleManager: Shutting down and abandoning module BehaviorTreeEditor (222)
[2018.10.25-14.43.34:387][199]LogModuleManager: Shutting down and abandoning module FunctionalTesting (220)
[2018.10.25-14.43.34:387][199]LogModuleManager: Shutting down and abandoning module CollisionAnalyzer (218)
[2018.10.25-14.43.34:387][199]LogModuleManager: Shutting down and abandoning module WorkspaceMenuStructure (217)
[2018.10.25-14.43.34:387][199]LogModuleManager: Shutting down and abandoning module UMG (214)
[2018.10.25-14.43.34:387][199]LogModuleManager: Shutting down and abandoning module UMGEditor (213)
[2018.10.25-14.43.34:387][199]LogModuleManager: Shutting down and abandoning module Sequencer (212)
[2018.10.25-14.43.34:388][199]LogModuleManager: Shutting down and abandoning module MessageLog (209)
[2018.10.25-14.43.34:388][199]LogModuleManager: Shutting down and abandoning module SlateReflector (204)
[2018.10.25-14.43.34:388][199]LogModuleManager: Shutting down and abandoning module Slate (202)
[2018.10.25-14.43.34:388][199]LogModuleManager: Shutting down and abandoning module EditorStyle (200)
[2018.10.25-14.43.34:389][199]LogModuleManager: Shutting down and abandoning module MRMesh (198)
[2018.10.25-14.43.34:389][199]LogModuleManager: Shutting down and abandoning module SourceCodeAccess (196)
[2018.10.25-14.43.34:389][199]LogModuleManager: Shutting down and abandoning module HeadMountedDisplay (194)
[2018.10.25-14.43.34:389][199]LogModuleManager: Shutting down and abandoning module XAudio2 (192)
[2018.10.25-14.43.34:389][199]LogModuleManager: Shutting down and abandoning module Networking (190)
[2018.10.25-14.43.34:389][199]LogModuleManager: Shutting down and abandoning module Core (188)
[2018.10.25-14.43.34:389][199]LogModuleManager: Shutting down and abandoning module LevelSequence (186)
[2018.10.25-14.43.34:389][199]LogModuleManager: Shutting down and abandoning module KismetCompiler (184)
[2018.10.25-14.43.34:389][199]LogModuleManager: Shutting down and abandoning module MeshUtilities (182)
[2018.10.25-14.43.34:389][199]LogModuleManager: Shutting down and abandoning module MeshMergeUtilities (181)
[2018.10.25-14.43.34:389][199]LogModuleManager: Shutting down and abandoning module MeshReductionInterface (180)
[2018.10.25-14.43.34:389][199]LogModuleManager: Shutting down and abandoning module SimplygonSwarm (179)
[2018.10.25-14.43.34:389][199]LogModuleManager: Shutting down and abandoning module ProxyLODMeshReduction (177)
[2018.10.25-14.43.34:389][199]LogModuleManager: Shutting down and abandoning module SimplygonMeshReduction (175)
[2018.10.25-14.43.34:389][199]LogModuleManager: Shutting down and abandoning module QuadricMeshReduction (173)
[2018.10.25-14.43.34:389][199]LogModuleManager: Shutting down and abandoning module MaterialBaking (169)
[2018.10.25-14.43.34:389][199]LogModuleManager: Shutting down and abandoning module DirectoryWatcher (165)
[2018.10.25-14.43.34:389][199]LogModuleManager: Shutting down and abandoning module DerivedDataCache (162)
[2018.10.25-14.43.34:466][199]LogDerivedDataCache: Shutdown
[2018.10.25-14.43.34:466][199]LogModuleManager: Shutting down and abandoning module XGEController (160)
[2018.10.25-14.43.34:466][199]LogModuleManager: Shutting down and abandoning module TargetPlatform (158)
[2018.10.25-14.43.34:466][199]LogModuleManager: Shutting down and abandoning module VulkanShaderFormat (157)
[2018.10.25-14.43.34:466][199]LogModuleManager: Shutting down and abandoning module ShaderFormatVectorVM (155)
[2018.10.25-14.43.34:466][199]LogModuleManager: Shutting down and abandoning module ShaderFormatOpenGL (153)
[2018.10.25-14.43.34:466][199]LogModuleManager: Shutting down and abandoning module ShaderFormatD3D (151)
[2018.10.25-14.43.34:466][199]LogModuleManager: Shutting down and abandoning module MetalShaderFormat (149)
[2018.10.25-14.43.34:466][199]LogModuleManager: Shutting down and abandoning module TextureFormatUncompressed (147)
[2018.10.25-14.43.34:467][199]LogModuleManager: Shutting down and abandoning module TextureFormatPVR (145)
[2018.10.25-14.43.34:467][199]LogModuleManager: Shutting down and abandoning module TextureFormatDXT (143)
[2018.10.25-14.43.34:467][199]LogModuleManager: Shutting down and abandoning module TextureFormatIntelISPCTexComp (141)
[2018.10.25-14.43.34:467][199]LogModuleManager: Shutting down and abandoning module TextureFormatASTC (139)
[2018.10.25-14.43.34:467][199]LogModuleManager: Shutting down and abandoning module ImageWrapper (138)
[2018.10.25-14.43.34:467][199]LogModuleManager: Shutting down and abandoning module TextureFormatAndroid (135)
[2018.10.25-14.43.34:467][199]LogModuleManager: Shutting down and abandoning module AudioFormatOpus (133)
[2018.10.25-14.43.34:467][199]LogModuleManager: Shutting down and abandoning module AudioFormatOgg (131)
[2018.10.25-14.43.34:467][199]LogModuleManager: Shutting down and abandoning module AudioFormatADPCM (129)
[2018.10.25-14.43.34:467][199]LogModuleManager: Shutting down and abandoning module LuminTargetPlatform (127)
[2018.10.25-14.43.34:467][199]LogModuleManager: Shutting down and abandoning module LinuxTargetPlatform (125)
[2018.10.25-14.43.34:467][199]LogModuleManager: Shutting down and abandoning module LinuxServerTargetPlatform (123)
[2018.10.25-14.43.34:467][199]LogModuleManager: Shutting down and abandoning module LinuxNoEditorTargetPlatform (121)
[2018.10.25-14.43.34:467][199]LogModuleManager: Shutting down and abandoning module LinuxClientTargetPlatform (119)
[2018.10.25-14.43.34:467][199]LogModuleManager: Shutting down and abandoning module TVOSTargetPlatform (117)
[2018.10.25-14.43.34:467][199]LogModuleManager: Shutting down and abandoning module Messaging (115)
[2018.10.25-14.43.34:467][199]LogModuleManager: Shutting down and abandoning module IOSTargetPlatform (113)
[2018.10.25-14.43.34:468][199]LogModuleManager: Shutting down and abandoning module HTML5TargetPlatform (111)
[2018.10.25-14.43.34:468][199]LogModuleManager: Shutting down and abandoning module AndroidTargetPlatform (109)
[2018.10.25-14.43.34:475][199]LogModuleManager: Shutting down and abandoning module WindowsTargetPlatform (107)
[2018.10.25-14.43.34:475][199]LogModuleManager: Shutting down and abandoning module WindowsServerTargetPlatform (105)
[2018.10.25-14.43.34:475][199]LogModuleManager: Shutting down and abandoning module WindowsNoEditorTargetPlatform (103)
[2018.10.25-14.43.34:475][199]LogModuleManager: Shutting down and abandoning module WindowsClientTargetPlatform (101)
[2018.10.25-14.43.34:475][199]LogModuleManager: Shutting down and abandoning module MacTargetPlatform (99)
[2018.10.25-14.43.34:475][199]LogModuleManager: Shutting down and abandoning module MacServerTargetPlatform (97)
[2018.10.25-14.43.34:475][199]LogModuleManager: Shutting down and abandoning module MacNoEditorTargetPlatform (95)
[2018.10.25-14.43.34:475][199]LogModuleManager: Shutting down and abandoning module MacClientTargetPlatform (93)
[2018.10.25-14.43.34:475][199]LogModuleManager: Shutting down and abandoning module AllDesktopTargetPlatform (91)
[2018.10.25-14.43.34:475][199]LogModuleManager: Shutting down and abandoning module InputCore (88)
[2018.10.25-14.43.34:475][199]LogModuleManager: Shutting down and abandoning module Settings (86)
[2018.10.25-14.43.34:475][199]LogModuleManager: Shutting down and abandoning module PhysXCooking (84)
[2018.10.25-14.43.34:475][199]LogModuleManager: Shutting down and abandoning module SteamVR (82)
[2018.10.25-14.43.34:475][199]LogModuleManager: Shutting down and abandoning module OculusHMD (80)
[2018.10.25-14.43.34:476][199]LogModuleManager: Shutting down and abandoning module ExampleDeviceProfileSelector (78)
[2018.10.25-14.43.34:476][199]LogModuleManager: Shutting down and abandoning module LauncherChunkInstaller (76)
[2018.10.25-14.43.34:476][199]LogModuleManager: Shutting down and abandoning module OnlineBlueprintSupport (74)
[2018.10.25-14.43.34:476][199]LogModuleManager: Shutting down and abandoning module OnlineSubsystem (70)
[2018.10.25-14.43.34:476][199]LogModuleManager: Shutting down and abandoning module XMPP (65)
[2018.10.25-14.43.34:476][199]LogModuleManager: Shutting down and abandoning module WebSockets (64)
[2018.10.25-14.43.34:509][199]LogModuleManager: Shutting down and abandoning module HTTP (61)
[2018.10.25-14.43.34:509][199]LogHttp: Display: Http module shutting down, but needs to wait on 1 outstanding Http requests:
[2018.10.25-14.43.34:509][199]LogHttp: Display: 	verb=[POST] url=[https://datarouter.ol.epicgames.com/datarouter/api/v1/public/data?SessionID=%7B3199EB82-44C6-E871-598E-B28AF2A8C0E7%7D&AppID=UEEditor.Rocket.Release&AppVersion=4.20.3-4369336%2B%2B%2BUE4%2BRelease-4.20&UserID=f91518df49e3a3d297491981083eb603%7C80aeae7e102b401bb11241b1c81afc58%7Cfdd5edc5-6ff5-4beb-8db3-d4ce78531e2c&AppEnvironment=datacollector-binary&UploadType=eteventstream] status=Processing
[2018.10.25-14.43.34:513][199]LogModuleManager: Shutting down and abandoning module SSL (60)
[2018.10.25-14.43.34:514][199]LogModuleManager: Shutting down and abandoning module MagicLeapEmulator (56)
[2018.10.25-14.43.34:514][199]LogModuleManager: Shutting down and abandoning module MagicLeapPrivileges (54)
[2018.10.25-14.43.34:514][199]LogModuleManager: Shutting down and abandoning module MagicLeapIdentity (52)
[2018.10.25-14.43.34:514][199]LogModuleManager: Shutting down and abandoning module MagicLeapHelperVulkan (50)
[2018.10.25-14.43.34:514][199]LogModuleManager: Shutting down and abandoning module MagicLeapHelperOpenGL (48)
[2018.10.25-14.43.34:514][199]LogModuleManager: Shutting down and abandoning module MagicLeapSecureStorage (46)
[2018.10.25-14.43.34:514][199]LogModuleManager: Shutting down and abandoning module MagicLeapGestures (44)
[2018.10.25-14.43.34:514][199]LogModuleManager: Shutting down and abandoning module MagicLeapEyeTracker (42)
[2018.10.25-14.43.34:514][199]LogModuleManager: Shutting down and abandoning module MagicLeapController (40)
[2018.10.25-14.43.34:514][199]LogSlate: Slate User Destroyed.  User Index 0, Is Virtual User: 0
[2018.10.25-14.43.34:514][199]LogModuleManager: Shutting down and abandoning module MagicLeap (38)
[2018.10.25-14.43.34:514][199]LogModuleManager: Shutting down and abandoning module AnimationModifiers (36)
[2018.10.25-14.43.34:514][199]LogModuleManager: Shutting down and abandoning module PropertyEditor (35)
[2018.10.25-14.43.34:514][199]LogModuleManager: Shutting down and abandoning module AudioEditor (32)
[2018.10.25-14.43.34:514][199]LogModuleManager: Shutting down and abandoning module TextureCompressor (30)
[2018.10.25-14.43.34:514][199]LogModuleManager: Shutting down and abandoning module ShaderCore (28)
[2018.10.25-14.43.34:514][199]LogModuleManager: Shutting down and abandoning module Landscape (26)
[2018.10.25-14.43.34:514][199]LogModuleManager: Shutting down and abandoning module SlateRHIRenderer (24)
[2018.10.25-14.43.34:516][199]LogModuleManager: Shutting down and abandoning module OpenGLDrv (22)
[2018.10.25-14.43.34:516][199]LogModuleManager: Shutting down and abandoning module D3D11RHI (20)
[2018.10.25-14.43.34:516][199]LogModuleManager: Shutting down and abandoning module AnimGraphRuntime (18)
[2018.10.25-14.43.34:516][199]LogModuleManager: Shutting down and abandoning module Renderer (16)
[2018.10.25-14.43.34:516][199]LogModuleManager: Shutting down and abandoning module Engine (14)
[2018.10.25-14.43.34:516][199]LogModuleManager: Shutting down and abandoning module CoreUObject (12)
[2018.10.25-14.43.34:516][199]LogModuleManager: Shutting down and abandoning module NetworkFile (10)
[2018.10.25-14.43.34:516][199]LogModuleManager: Shutting down and abandoning module CookedIterativeFile (8)
[2018.10.25-14.43.34:516][199]LogModuleManager: Shutting down and abandoning module StreamingFile (6)
[2018.10.25-14.43.34:516][199]LogModuleManager: Shutting down and abandoning module SandboxFile (4)
[2018.10.25-14.43.34:516][199]LogModuleManager: Shutting down and abandoning module PakFile (2)
[2018.10.25-14.43.34:522][199]LogExit: Exiting.
[2018.10.25-14.43.34:533][199]Log file closed, 10/25/18 23:43:34
