Log file open, 10/25/18 13:02:29
LogWindows: Failed to load 'aqProf.dll' (GetLastError=126)
LogWindows: File 'aqProf.dll' does not exist
LogWindows: Failed to load 'VtuneApi.dll' (GetLastError=126)
LogWindows: File 'VtuneApi.dll' does not exist
LogWindows: Failed to load 'VtuneApi32e.dll' (GetLastError=126)
LogWindows: File 'VtuneApi32e.dll' does not exist
LogInit: Display: Running engine for game: SGAUnreal
LogPlatformFile: Not using cached read wrapper
LogTaskGraph: Started task graph with 5 named threads and 23 total threads with 3 sets of task threads.
LogStats: Stats thread started at 0.373206
LogD3D11RHI: Loaded GFSDK_Aftermath_Lib.x64.dll
LogICUInternationalization: Display: ICU TimeZone Detection - Raw Offset: +9:00, Platform Override: ''
LogPluginManager: Mounting plugin Paper2D
LogPluginManager: Mounting plugin AISupport
LogPluginManager: Mounting plugin LightPropagationVolume
LogPluginManager: Mounting plugin CLionSourceCodeAccess
LogPluginManager: Mounting plugin CodeLiteSourceCodeAccess
LogPluginManager: Mounting plugin GitSourceControl
LogPluginManager: Mounting plugin KDevelopSourceCodeAccess
LogPluginManager: Mounting plugin NullSourceCodeAccess
LogPluginManager: Mounting plugin PerforceSourceControl
LogPluginManager: Mounting plugin SubversionSourceControl
LogPluginManager: Mounting plugin UObjectPlugin
LogPluginManager: Mounting plugin VisualStudioCodeSourceCodeAccess
LogPluginManager: Mounting plugin VisualStudioSourceCodeAccess
LogPluginManager: Mounting plugin XCodeSourceCodeAccess
LogPluginManager: Mounting plugin AssetManagerEditor
LogPluginManager: Mounting plugin CryptoKeys
LogPluginManager: Mounting plugin DataValidation
LogPluginManager: Mounting plugin FacialAnimation
LogPluginManager: Mounting plugin GameplayTagsEditor
LogPluginManager: Mounting plugin MacGraphicsSwitching
LogPluginManager: Mounting plugin MeshEditor
LogPluginManager: Mounting plugin MobileLauncherProfileWizard
LogPluginManager: Mounting plugin PluginBrowser
LogPluginManager: Mounting plugin SpeedTreeImporter
LogPluginManager: Mounting plugin DatasmithContent
LogPluginManager: Mounting plugin AlembicImporter
LogPluginManager: Mounting plugin AppleImageUtils
LogPluginManager: Mounting plugin AppleVision
LogPluginManager: Mounting plugin BackChannel
LogPluginManager: Mounting plugin CharacterAI
LogPluginManager: Mounting plugin GeometryCache
LogPluginManager: Mounting plugin HTML5Networking
LogPluginManager: Mounting plugin ProxyLODPlugin
LogPluginManager: Mounting plugin MagicLeap
LogPluginManager: Mounting plugin MagicLeapEmulator
LogPluginManager: Mounting plugin MagicLeapMedia
LogPluginManager: Mounting plugin AndroidMedia
LogPluginManager: Mounting plugin AvfMedia
LogPluginManager: Mounting plugin ImgMedia
LogPluginManager: Mounting plugin LinearTimecode
LogPluginManager: Mounting plugin MediaCompositing
LogPluginManager: Mounting plugin MediaPlayerEditor
LogPluginManager: Mounting plugin WmfMedia
LogPluginManager: Mounting plugin TcpMessaging
LogPluginManager: Mounting plugin UdpMessaging
LogPluginManager: Mounting plugin ActorSequence
LogPluginManager: Mounting plugin LevelSequenceEditor
LogPluginManager: Mounting plugin MatineeToLevelSequence
LogPluginManager: Mounting plugin NetcodeUnitTest
LogPluginManager: Mounting plugin NUTUnrealEngine4
LogPluginManager: Mounting plugin OnlineSubsystemGooglePlay
LogPluginManager: Mounting plugin OnlineSubsystemIOS
LogPluginManager: Mounting plugin OnlineSubsystem
LogPluginManager: Mounting plugin OnlineSubsystemNull
LogPluginManager: Mounting plugin OnlineSubsystemUtils
LogPluginManager: Mounting plugin LauncherChunkInstaller
LogPluginManager: Mounting plugin AndroidDeviceProfileSelector
LogPluginManager: Mounting plugin AndroidMoviePlayer
LogPluginManager: Mounting plugin AndroidPermission
LogPluginManager: Mounting plugin AppleMoviePlayer
LogPluginManager: Mounting plugin ArchVisCharacter
LogPluginManager: Mounting plugin AudioCapture
LogPluginManager: Mounting plugin CableComponent
LogPluginManager: Mounting plugin CustomMeshComponent
LogPluginManager: Mounting plugin EditableMesh
LogPluginManager: Mounting plugin ExampleDeviceProfileSelector
LogPluginManager: Mounting plugin GoogleCloudMessaging
LogPluginManager: Mounting plugin ImmediatePhysics
LogPluginManager: Mounting plugin IOSDeviceProfileSelector
LogPluginManager: Mounting plugin LinuxDeviceProfileSelector
LogPluginManager: Mounting plugin LocationServicesBPLibrary
LogPluginManager: Mounting plugin MobilePatchingUtils
LogPluginManager: Mounting plugin OculusVR
LogPluginManager: Plugin shader directory ../../../Engine/Plugins/Runtime/Oculus/OculusVR/Shaders found
LogPluginManager: Mapping shader source directory ../../../Engine/Plugins/Runtime/Oculus/OculusVR/Shaders to virtual directory /Plugin/OculusVR
LogPluginManager: Mounting plugin PhysXVehicles
LogPluginManager: Mounting plugin ProceduralMeshComponent
LogPluginManager: Mounting plugin RuntimePhysXCooking
LogPluginManager: Mounting plugin SteamVR
LogPluginManager: Mounting plugin WindowsMoviePlayer
LogStreaming: Display: Took  0.115s to configure plugins.
LogInit: Using libcurl 7.55.1-DEV
LogInit:  - built for x86_64-pc-win32
LogInit:  - supports SSL with OpenSSL/1.0.2h
LogInit:  - supports HTTP deflate (compression) using libz 1.2.8
LogInit:  - other features:
LogInit:      CURL_VERSION_SSL
LogInit:      CURL_VERSION_LIBZ
LogInit:      CURL_VERSION_IPV6
LogInit:      CURL_VERSION_ASYNCHDNS
LogInit:      CURL_VERSION_LARGEFILE
LogInit:      CURL_VERSION_IDN
LogInit:  CurlRequestOptions (configurable via config and command line):
LogInit:  - bVerifyPeer = false  - Libcurl will NOT verify peer certificate
LogInit:  - bUseHttpProxy = false  - Libcurl will NOT use HTTP proxy
LogInit:  - bDontReuseConnections = false  - Libcurl will reuse connections
LogInit:  - CertBundlePath = nullptr  - Libcurl will use whatever was configured at build time.
LogInit:  - MaxHostConnections = 16  - Libcurl will limit the number of connections to a host
LogInit:  - LocalHostAddr = Default
LogInit:  - BufferSize = 65536
LogInit: WinSock: version 1.1 (2.2), MaxSocks=32767, MaxUdp=65467
LogInit: Build: ++UE4+Release-4.20-CL-4369336
LogInit: Engine Version: 4.20.3-4369336+++UE4+Release-4.20
LogInit: Compatible Engine Version: 4.20.0-4212847+++UE4+Release-4.20
LogInit: Net CL: 4212847
LogInit: OS: Windows 10 (), CPU: Intel(R) Core(TM) i7-6700 CPU @ 3.40GHz, GPU: NVIDIA GeForce GTX 1080 Ti
LogInit: Compiled (64-bit): Sep 17 2018 12:26:19
LogInit: Compiled with Visual C++: 19.13.26129.00
LogInit: Build Configuration: Development
LogInit: Branch Name: ++UE4+Release-4.20
LogInit: Command Line:  
LogInit: Base Directory: E:/Program Files/Epic Games/UE_4.20/Engine/Binaries/Win64/
LogInit: Installed Engine Build: 1
LogDevObjectVersion: Number of dev versions registered: 20
LogDevObjectVersion:   Dev-Blueprints (B0D832E4-1F89-4F0D-ACCF-7EB736FD4AA2): 10
LogDevObjectVersion:   Dev-Build (E1C64328-A22C-4D53-A36C-8E866417BD8C): 0
LogDevObjectVersion:   Dev-Core (375EC13C-06E4-48FB-B500-84F0262A717E): 2
LogDevObjectVersion:   Dev-Editor (E4B068ED-F494-42E9-A231-DA0B2E46BB41): 24
LogDevObjectVersion:   Dev-Framework (CFFC743F-43B0-4480-9391-14DF171D2073): 34
LogDevObjectVersion:   Dev-Mobile (B02B49B5-BB20-44E9-A304-32B752E40360): 2
LogDevObjectVersion:   Dev-Networking (A4E4105C-59A1-49B5-A7C5-40C4547EDFEE): 0
LogDevObjectVersion:   Dev-Online (39C831C9-5AE6-47DC-9A44-9C173E1C8E7C): 0
LogDevObjectVersion:   Dev-Physics (78F01B33-EBEA-4F98-B9B4-84EACCB95AA2): 0
LogDevObjectVersion:   Dev-Platform (6631380F-2D4D-43E0-8009-CF276956A95A): 0
LogDevObjectVersion:   Dev-Rendering (12F88B9F-8875-4AFC-A67C-D90C383ABD29): 26
LogDevObjectVersion:   Dev-Sequencer (7B5AE74C-D270-4C10-A958-57980B212A5A): 9
LogDevObjectVersion:   Dev-VR (D7296918-1DD6-4BDD-9DE2-64A83CC13884): 2
LogDevObjectVersion:   Dev-LoadTimes (C2A15278-BFE7-4AFE-6C17-90FF531DF755): 1
LogDevObjectVersion:   Private-Geometry (6EACA3D4-40EC-4CC1-B786-8BED09428FC5): 3
LogDevObjectVersion:   Dev-AnimPhys (29E575DD-E0A3-4627-9D10-D276232CDCEA): 17
LogDevObjectVersion:   Dev-ReflectionCapture (6B266CEC-1EC7-4B8F-A30B-E4D90942FC07): 1
LogDevObjectVersion:   Dev-Automation (0DF73D61-A23F-47EA-B727-89E90C41499A): 1
LogDevObjectVersion:   FortniteMain (601D1886-AC64-4F84-AA16-D3DE0DEAC7D6): 12
LogDevObjectVersion:   Dev-Enterprise (9DFFBCD6-494F-0158-E221-12823C92A888): 1
LogStreaming: Display: Took  0.000s to delete old logs.
LogInit: Presizing for max 8388607 objects, including 0 objects not considered by GC, pre-allocating 0 bytes for permanent pool.
LogInit: Object subsystem initialized
[2018.10.25-04.02.30:620][  0]LogInit: Selected Device Profile: [Windows]
[2018.10.25-04.02.30:620][  0]LogInit: Applying CVar settings loaded from the selected device profile: [Windows]
[2018.10.25-04.02.30:649][  0]LogHAL: Display: Platform has ~ 16 GB [17062834176 / 17179869184 / 16], which maps to Larger [LargestMinGB=32, LargerMinGB=12, DefaultMinGB=8, SmallerMinGB=6, SmallestMinGB=0)
[2018.10.25-04.02.30:649][  0]LogInit: Setting Device Profile CVar: [[r.Vulkan.UseRealUBs:1]]
[2018.10.25-04.02.30:649][  0]LogInit: Going up to parent DeviceProfile []
[2018.10.25-04.02.30:653][  0]LogInit: Computer: DESKTOP-9NE7PLN
[2018.10.25-04.02.30:653][  0]LogInit: User: ine07
[2018.10.25-04.02.30:653][  0]LogInit: CPU Page size=4096, Cores=4
[2018.10.25-04.02.30:653][  0]LogInit: High frequency timer resolution =3.328125 MHz
[2018.10.25-04.02.30:653][  0]LogMemory: Memory total: Physical=15.9GB (16GB approx)
[2018.10.25-04.02.30:653][  0]LogMemory: Platform Memory Stats for Windows
[2018.10.25-04.02.30:653][  0]LogMemory: Process Physical Memory: 99.74 MB used, 99.74 MB peak
[2018.10.25-04.02.30:653][  0]LogMemory: Process Virtual Memory: 91.06 MB used, 91.06 MB peak
[2018.10.25-04.02.30:653][  0]LogMemory: Physical Memory: 3896.04 MB used,  12376.35 MB free, 16272.39 MB total
[2018.10.25-04.02.30:653][  0]LogMemory: Virtual Memory: 4640.38 MB used,  12376.35 MB free, 134217728.00 MB total
[2018.10.25-04.02.31:039][  0]LogInit: Using OS detected language (ko-KR).
[2018.10.25-04.02.31:039][  0]LogInit: Using OS detected locale (ko-KR).
[2018.10.25-04.02.31:040][  0]LogTextLocalizationManager: No specific localization for 'ko-KR' exists, so the 'ko' localization will be used.
[2018.10.25-04.02.31:433][  0]LogStreaming: Display: Took  0.394s to InitEngineTextLocalization.
[2018.10.25-04.02.31:433][  0]LogInit: Setting process to per monitor DPI aware
[2018.10.25-04.02.31:534][  0]LogSlate: New Slate User Created.  User Index 0, Is Virtual User: 0
[2018.10.25-04.02.31:534][  0]LogSlate: Slate User Registered.  User Index 0, Is Virtual User: 0
[2018.10.25-04.02.33:393][  0]LogHMD: Failed to initialize OpenVR with code 110
[2018.10.25-04.02.33:393][  0]LogD3D11RHI: D3D11 adapters:
[2018.10.25-04.02.33:458][  0]LogD3D11RHI:    0. 'NVIDIA GeForce GTX 1080 Ti' (Feature Level 11_0)
[2018.10.25-04.02.33:458][  0]LogD3D11RHI:       11127/0/8136 MB DedicatedVideo/DedicatedSystem/SharedSystem, Outputs:1, VendorId:0x10de
[2018.10.25-04.02.33:470][  0]LogD3D11RHI:    1. 'Intel(R) HD Graphics 530' (Feature Level 11_0)
[2018.10.25-04.02.33:470][  0]LogD3D11RHI:       128/0/8136 MB DedicatedVideo/DedicatedSystem/SharedSystem, Outputs:0, VendorId:0x8086
[2018.10.25-04.02.33:472][  0]LogD3D11RHI:    2. 'Microsoft Basic Render Driver' (Feature Level 11_0)
[2018.10.25-04.02.33:472][  0]LogD3D11RHI:       0/0/8136 MB DedicatedVideo/DedicatedSystem/SharedSystem, Outputs:0, VendorId:0x1414
[2018.10.25-04.02.33:472][  0]LogD3D11RHI: Chosen D3D11 Adapter: 0
[2018.10.25-04.02.33:477][  0]LogD3D11RHI: Creating new Direct3DDevice
[2018.10.25-04.02.33:477][  0]LogD3D11RHI:     GPU DeviceId: 0x1b06 (for the marketing name, search the web for "GPU Device Id")
[2018.10.25-04.02.33:477][  0]LogWindows: EnumDisplayDevices:
[2018.10.25-04.02.33:478][  0]LogWindows:    0. 'NVIDIA GeForce GTX 1080 Ti' (P:1 D:1)
[2018.10.25-04.02.33:478][  0]LogWindows:    1. 'NVIDIA GeForce GTX 1080 Ti' (P:0 D:0)
[2018.10.25-04.02.33:478][  0]LogWindows:    2. 'NVIDIA GeForce GTX 1080 Ti' (P:0 D:0)
[2018.10.25-04.02.33:478][  0]LogWindows:    3. 'NVIDIA GeForce GTX 1080 Ti' (P:0 D:0)
[2018.10.25-04.02.33:478][  0]LogWindows:    4. 'Intel(R) HD Graphics 530' (P:0 D:0)
[2018.10.25-04.02.33:479][  0]LogWindows:    5. 'Intel(R) HD Graphics 530' (P:0 D:0)
[2018.10.25-04.02.33:479][  0]LogWindows:    6. 'Intel(R) HD Graphics 530' (P:0 D:0)
[2018.10.25-04.02.33:479][  0]LogWindows: DebugString: PrimaryIsNotTheChoosenAdapter PrimaryIsNotTheChoosenAdapter PrimaryIsNotTheChoosenAdapter FoundDriverCount:4 
[2018.10.25-04.02.33:479][  0]LogD3D11RHI:     Adapter Name: NVIDIA GeForce GTX 1080 Ti
[2018.10.25-04.02.33:479][  0]LogD3D11RHI:   Driver Version: 391.35 (internal:23.21.13.9135, unified:391.35)
[2018.10.25-04.02.33:479][  0]LogD3D11RHI:      Driver Date: 3-23-2018
[2018.10.25-04.02.33:479][  0]LogRHI: Texture pool is 7788 MB (70% of 11127 MB)
[2018.10.25-04.02.33:513][  0]LogD3D11RHI: Async texture creation enabled
[2018.10.25-04.02.33:529][  0]LogD3D11RHI: GPU Timing Frequency: 1000.000000 (Debug: 2 2)
[2018.10.25-04.02.33:576][  0]LogShaderCompilers: Guid format shader working directory is -7 characters bigger than the processId version (D:/L.Programs/Programming/Unreal/SGA_unreal/SGAUnreal/Intermediate/Shaders/WorkingDirectory/6916/).
[2018.10.25-04.02.33:576][  0]LogShaderCompilers: Cleaned the shader compiler working directory 'C:/Users/ine07/AppData/Local/Temp/UnrealShaderWorkingDir/0DC6320B4F7D6B51FDC879806DCF79BF/'.
[2018.10.25-04.02.33:975][  0]LogTemp: Display: Loaded TP AllDesktopTargetPlatform
[2018.10.25-04.02.34:013][  0]LogTemp: Display: Loaded TP MacClientTargetPlatform
[2018.10.25-04.02.34:049][  0]LogTemp: Display: Loaded TP MacNoEditorTargetPlatform
[2018.10.25-04.02.34:075][  0]LogTemp: Display: Loaded TP MacServerTargetPlatform
[2018.10.25-04.02.34:112][  0]LogTemp: Display: Loaded TP MacTargetPlatform
[2018.10.25-04.02.34:155][  0]LogTemp: Display: Loaded TP WindowsClientTargetPlatform
[2018.10.25-04.02.34:189][  0]LogTemp: Display: Loaded TP WindowsNoEditorTargetPlatform
[2018.10.25-04.02.34:222][  0]LogTemp: Display: Loaded TP WindowsServerTargetPlatform
[2018.10.25-04.02.34:255][  0]LogTemp: Display: Loaded TP WindowsTargetPlatform
[2018.10.25-04.02.34:371][  0]LogTemp: Display: Loaded TP AndroidTargetPlatform
[2018.10.25-04.02.34:371][  0]LogTemp: Display: Loaded TP AndroidTargetPlatform
[2018.10.25-04.02.34:371][  0]LogTemp: Display: Loaded TP AndroidTargetPlatform
[2018.10.25-04.02.34:371][  0]LogTemp: Display: Loaded TP AndroidTargetPlatform
[2018.10.25-04.02.34:371][  0]LogTemp: Display: Loaded TP AndroidTargetPlatform
[2018.10.25-04.02.34:371][  0]LogTemp: Display: Loaded TP AndroidTargetPlatform
[2018.10.25-04.02.34:371][  0]LogTemp: Display: Loaded TP AndroidTargetPlatform
[2018.10.25-04.02.34:371][  0]LogTemp: Display: Loaded TP AndroidTargetPlatform
[2018.10.25-04.02.34:371][  0]LogTemp: Display: Loaded TP AndroidTargetPlatform
[2018.10.25-04.02.34:371][  0]LogTemp: Display: Loaded TP AndroidTargetPlatform
[2018.10.25-04.02.34:371][  0]LogTemp: Display: Loaded TP AndroidTargetPlatform
[2018.10.25-04.02.34:371][  0]LogTemp: Display: Loaded TP AndroidTargetPlatform
[2018.10.25-04.02.34:371][  0]LogTemp: Display: Loaded TP AndroidTargetPlatform
[2018.10.25-04.02.34:371][  0]LogTemp: Display: Loaded TP AndroidTargetPlatform
[2018.10.25-04.02.34:371][  0]LogTemp: Display: Loaded TP AndroidTargetPlatform
[2018.10.25-04.02.34:371][  0]LogTemp: Display: Loaded TP AndroidTargetPlatform
[2018.10.25-04.02.34:371][  0]LogTemp: Display: Loaded TP AndroidTargetPlatform
[2018.10.25-04.02.34:371][  0]LogTemp: Display: Loaded TP AndroidTargetPlatform
[2018.10.25-04.02.34:412][  0]LogTemp: Display: Loaded TP HTML5TargetPlatform
[2018.10.25-04.02.34:551][  0]LogTemp: Display: Loaded TP IOSTargetPlatform
[2018.10.25-04.02.34:551][  0]LogTemp: Display: Loaded TP IOSTargetPlatform
[2018.10.25-04.02.34:586][  0]LogTemp: Display: Loaded TP TVOSTargetPlatform
[2018.10.25-04.02.34:586][  0]LogTemp: Display: Loaded TP TVOSTargetPlatform
[2018.10.25-04.02.34:613][  0]LogTemp: Display: Loaded TP LinuxClientTargetPlatform
[2018.10.25-04.02.34:633][  0]LogTemp: Display: Loaded TP LinuxNoEditorTargetPlatform
[2018.10.25-04.02.34:682][  0]LogTemp: Display: Loaded TP LinuxServerTargetPlatform
[2018.10.25-04.02.34:729][  0]LogTemp: Display: Loaded TP LinuxTargetPlatform
[2018.10.25-04.02.34:782][  0]LogTemp: Display: Loaded TP LuminTargetPlatform
[2018.10.25-04.02.34:782][  0]LogTargetPlatformManager: Display: Building Assets For Windows
[2018.10.25-04.02.35:429][  0]LogXGEController: Cleaning working directory: C:/Users/ine07/AppData/Local/Temp/UnrealXGEWorkingDir/
[2018.10.25-04.02.35:430][  0]LogXGEController: Cannot use XGE Controller as Incredibuild is not installed on this machine.
[2018.10.25-04.02.35:430][  0]LogShaderCompilers: Cannot use XGE Shader Compiler as Incredibuild is not installed on this machine.
[2018.10.25-04.02.35:430][  0]LogShaderCompilers: Display: Using Local Shader Compiler.
[2018.10.25-04.02.36:971][  0]LogDerivedDataCache: Display: Max Cache Size: 512 MB
[2018.10.25-04.02.37:025][  0]LogDerivedDataCache: Loaded boot cache 0.05s 71MB C:/Users/ine07/AppData/Local/UnrealEngine/4.20/DerivedDataCache/Boot.ddc.
[2018.10.25-04.02.37:026][  0]LogDerivedDataCache: Display: Loaded Boot cache: C:/Users/ine07/AppData/Local/UnrealEngine/4.20/DerivedDataCache/Boot.ddc
[2018.10.25-04.02.37:026][  0]LogDerivedDataCache: FDerivedDataBackendGraph:  Pak pak cache file D:/L.Programs/Programming/Unreal/SGA_unreal/SGAUnreal/DerivedDataCache/DDC.ddp not found, will not use a pak cache.
[2018.10.25-04.02.37:026][  0]LogDerivedDataCache: Unable to find inner node Pak for hierarchical cache Hierarchy.
[2018.10.25-04.02.37:026][  0]LogDerivedDataCache: FDerivedDataBackendGraph:  CompressedPak pak cache file D:/L.Programs/Programming/Unreal/SGA_unreal/SGAUnreal/DerivedDataCache/Compressed.ddp not found, will not use a pak cache.
[2018.10.25-04.02.37:026][  0]LogDerivedDataCache: Unable to find inner node CompressedPak for hierarchical cache Hierarchy.
[2018.10.25-04.02.37:057][  0]LogDerivedDataCache: Display: Pak cache opened for reading ../../../Engine/DerivedDataCache/Compressed.ddp.
[2018.10.25-04.02.37:069][  0]LogDerivedDataCache: Using Local data cache path C:/Users/ine07/AppData/Local/UnrealEngine/Common/DerivedDataCache: Writable
[2018.10.25-04.02.37:069][  0]LogDerivedDataCache: Shared data cache path not found in *engine.ini, will not use an Shared cache.
[2018.10.25-04.02.37:069][  0]LogDerivedDataCache: Unable to find inner node Shared for hierarchical cache Hierarchy.
[2018.10.25-04.02.37:085][  0]LogMaterial: Verifying Global Shaders for PCD3D_SM5
[2018.10.25-04.02.37:087][  0]LogSlate: Using FreeType 2.6.0
[2018.10.25-04.02.37:094][  0]LogSlate: SlateFontServices - WITH_FREETYPE: 1, WITH_HARFBUZZ: 1
[2018.10.25-04.02.37:280][  0]LogAssetRegistry: FAssetRegistry took 0.0256 seconds to start up
[2018.10.25-04.02.37:546][  0]LogInit: Selected Device Profile: [Windows]
[2018.10.25-04.02.38:034][  0]LogSimplygon: Simplygon DLL not present - disabling.
[2018.10.25-04.02.38:106][  0]LogMeshReduction: Using SimplygonSwarm for distributed automatic mesh merging
[2018.10.25-04.02.38:106][  0]LogMeshReduction: Using ProxyLODMeshReduction for automatic mesh merging
[2018.10.25-04.02.38:106][  0]LogMeshReduction: Using QuadricMeshReduction for automatic static mesh reduction
[2018.10.25-04.02.38:106][  0]LogMeshReduction: No automatic skeletal mesh reduction module available
[2018.10.25-04.02.38:141][  0]LogNetVersion: SGAUnreal 1.0.0, NetCL: 4212847, EngineNetVer: 5, GameNetVer: 0 (Checksum: 2779230690)
[2018.10.25-04.02.39:076][  0]LogPackageLocalizationCache: Processed 11 localized package path(s) for 2 prioritized culture(s) in 0.096643 seconds
[2018.10.25-04.02.39:083][  0]LogUObjectArray: 38425 objects as part of root set at end of initial load.
[2018.10.25-04.02.39:083][  0]LogUObjectAllocator: 6690864 out of 0 bytes used by permanent object pool.
[2018.10.25-04.02.39:083][  0]LogUObjectArray: CloseDisregardForGC: 0/0 objects in disregard for GC pool
[2018.10.25-04.02.42:539][  0]LogTcpMessaging: Initializing TcpMessaging bridge
[2018.10.25-04.02.42:585][  0]LogUdpMessaging: Initializing bridge on interface 0.0.0.0:0 to multicast group 230.0.0.1:6666.
[2018.10.25-04.02.43:329][  0]SourceControl: 소스 컨트롤이 꺼졌습니다.
[2018.10.25-04.02.43:329][  0]SourceControl: 소스 컨트롤이 꺼졌습니다.
[2018.10.25-04.02.43:403][  0]SourceControl: 소스 컨트롤이 꺼졌습니다.
[2018.10.25-04.02.43:453][  0]SourceControl: 소스 컨트롤이 꺼졌습니다.
[2018.10.25-04.02.44:552][  0]LogAndroidPermission: UAndroidPermissionCallbackProxy::GetInstance
[2018.10.25-04.02.44:873][  0]LogOcInput: OculusInput pre-init called
[2018.10.25-04.02.45:077][  0]LogEngine: Initializing Engine...
[2018.10.25-04.02.45:077][  0]LogHMD: Failed to initialize OpenVR with code 110
[2018.10.25-04.02.45:078][  0]LogStats: UGameplayTagsManager::ConstructGameplayTagTree: ImportINI prefixes -  0.000 s
[2018.10.25-04.02.45:078][  0]LogStats: UGameplayTagsManager::ConstructGameplayTagTree: Construct from data asset -  0.000 s
[2018.10.25-04.02.45:079][  0]LogStats: UGameplayTagsManager::ConstructGameplayTagTree: ImportINI -  0.000 s
[2018.10.25-04.02.45:079][  0]LogStats: UGameplayTagsManager::ConstructGameplayTagTree: GameplayTagTreeChangedEvent.Broadcast -  0.000 s
[2018.10.25-04.02.45:421][  0]LogInit: Initializing FReadOnlyCVARCache
[2018.10.25-04.02.45:483][  0]LogAIModule: Creating AISystem for world Untitled
[2018.10.25-04.02.45:515][  0]LogInit: XAudio2 using '헤드셋 이어폰(HyperX Virtual Surround Sound)' : 2 channels at 44.1 kHz using 16 bits per sample (channel mask 0x3)
[2018.10.25-04.02.45:545][  0]LogInit: FAudioDevice initialized.
[2018.10.25-04.02.45:546][  0]LogNetVersion: Set ProjectVersion to 1.0.0.0. Version Checksum will be recalculated on next use.
[2018.10.25-04.02.45:624][  0]LogDerivedDataCache: Saved boot cache 0.08s 71MB C:/Users/ine07/AppData/Local/UnrealEngine/4.20/DerivedDataCache/Boot.ddc.
[2018.10.25-04.02.45:639][  0]LogInit: Texture streaming: Enabled
[2018.10.25-04.02.45:749][  0]LogEngineSessionManager: EngineSessionManager initialized
[2018.10.25-04.02.45:749][  0]LogEngineSessionManager: EngineSessionManager sent abnormal shutdown report. Type=Debugger, SessionId={C44172DE-4CF3-0A7C-2D89-6F84321144FB}
[2018.10.25-04.02.45:749][  0]LogEngineSessionManager: EngineSessionManager sent abnormal shutdown report. Type=Debugger, SessionId={96933404-43C0-F835-95BE-438734149A4F}
[2018.10.25-04.02.45:786][  0]LogInit: Transaction tracking system initialized
[2018.10.25-04.02.45:958][  0]BlueprintLog: New page: 에디터 로드
[2018.10.25-04.02.46:789][  0]LocalizationService: 현지화 서비스가 비활성화되었습니다.
[2018.10.25-04.02.47:747][  0]LogCook: Display: Max memory allowance for cook 16384mb min free memory 0mb
[2018.10.25-04.02.47:747][  0]LogCook: Display: Mobile HDR setting 1
[2018.10.25-04.02.47:747][  0]LogGameplayTags: Display: UGameplayTagsManager::DoneAddingNativeTags. DelegateIsBound: 0
[2018.10.25-04.02.47:747][  0]LogStats: UGameplayTagsManager::ConstructGameplayTagTree: ImportINI prefixes -  0.000 s
[2018.10.25-04.02.47:747][  0]LogStats: UGameplayTagsManager::ConstructGameplayTagTree: Construct from data asset -  0.000 s
[2018.10.25-04.02.47:747][  0]LogStats: UGameplayTagsManager::ConstructGameplayTagTree: ImportINI -  0.000 s
[2018.10.25-04.02.47:747][  0]LogStats: UGameplayTagsManager::ConstructGameplayTagTree: GameplayTagTreeChangedEvent.Broadcast -  0.000 s
[2018.10.25-04.02.48:634][  0]LogFileCache: Scanning file cache for directory 'D:/L.Programs/Programming/Unreal/SGA_unreal/SGAUnreal/Content/' took 0.02s
[2018.10.25-04.02.48:634][  0]SourceControl: 소스 컨트롤이 꺼졌습니다.
[2018.10.25-04.02.48:635][  0]Cmd: MAP LOAD FILE="../../../Engine/Content/Maps/Templates/Template_Default.umap" TEMPLATE=1 SHOWPROGRESS=1 FEATURELEVEL=3
[2018.10.25-04.02.48:639][  0]LightingResults: New page: 라이팅 빌드
[2018.10.25-04.02.48:641][  0]MapCheck: New page: 맵 체크
[2018.10.25-04.02.48:641][  0]LightingResults: New page: 라이팅 빌드
[2018.10.25-04.02.48:908][  0]LogAIModule: Creating AISystem for world Untitled_1
[2018.10.25-04.02.48:920][  0]LogEditorServer: Finished looking for orphan Actors (0.000 secs)
[2018.10.25-04.02.48:941][  0]Cmd: MAP CHECKDEP NOCLEARLOG
[2018.10.25-04.02.48:984][  0]MapCheck: 맵 체크 완료: 오류 0 회, 경고 0 회, 소요 시간 42.779ms.
[2018.10.25-04.02.48:984][  0]LogFileHelpers: Loading map 'Template_Default' took 0.349
[2018.10.25-04.02.49:114][  0]LogSlate: Updating window title bar state: overlay mode, drag disabled, window buttons hidden, title bar hidden
[2018.10.25-04.02.49:120][  0]LogSlate: Updating window title bar state: overlay mode, drag disabled, window buttons hidden, title bar hidden
[2018.10.25-04.02.49:126][  0]LogSlate: Updating window title bar state: overlay mode, drag disabled, window buttons hidden, title bar hidden
[2018.10.25-04.02.49:134][  0]LogSlate: Updating window title bar state: overlay mode, drag disabled, window buttons hidden, title bar hidden
[2018.10.25-04.02.49:172][  0]LogCollectionManager: Loaded 0 collections in 0.000999 seconds
[2018.10.25-04.02.49:211][  0]LogFileCache: Scanning file cache for directory 'D:/L.Programs/Programming/Unreal/SGA_unreal/SGAUnreal/Saved/Collections/' took 0.01s
[2018.10.25-04.02.49:211][  0]LogFileCache: Scanning file cache for directory 'D:/L.Programs/Programming/Unreal/SGA_unreal/SGAUnreal/Content/Developers/ine07/Collections/' took 0.01s
[2018.10.25-04.02.49:211][  0]LogFileCache: Scanning file cache for directory 'D:/L.Programs/Programming/Unreal/SGA_unreal/SGAUnreal/Content/Collections/' took 0.01s
[2018.10.25-04.02.49:211][  0]LogCollectionManager: Rebuilt the GUID cache for 0 collections in 0.000000 seconds
[2018.10.25-04.02.49:219][  0]LogContentBrowser: Native class hierarchy populated in 0.0085 seconds. Added 2575 classes and 605 folders.
[2018.10.25-04.02.49:225][  0]LogContentBrowser: Native class hierarchy updated for 'WidgetCarousel' in 0.0003 seconds. Added 0 classes and 0 folders.
[2018.10.25-04.02.49:507][  0]LogContentBrowser: Native class hierarchy updated for 'AddContentDialog' in 0.0003 seconds. Added 0 classes and 0 folders.
[2018.10.25-04.02.49:548][  0]LogContentBrowser: Native class hierarchy updated for 'SceneOutliner' in 0.0004 seconds. Added 1 classes and 2 folders.
[2018.10.25-04.02.49:674][  0]LogContentBrowser: Native class hierarchy updated for 'HierarchicalLODOutliner' in 0.0003 seconds. Added 0 classes and 0 folders.
[2018.10.25-04.02.49:674][  0]LogLoad: (Engine Initialization) Total time: 22.79 seconds
[2018.10.25-04.02.49:674][  0]LogLoad: (Engine Initialization) Total Blueprint compile time: 0.00 seconds
[2018.10.25-04.02.49:709][  0]LogContentStreaming: Texture pool size now 1000 MB
[2018.10.25-04.02.49:713][  0]LogSlate: Took 0.003369 seconds to synchronously load lazily loaded font '../../../Engine/Content/Slate/Fonts/Roboto-Regular.ttf' (155K)
[2018.10.25-04.02.49:720][  0]LogSlate: Took 0.005718 seconds to synchronously load lazily loaded font '../../../Engine/Content/Editor/Slate/Fonts/NanumGothic.ttf' (4243K)
[2018.10.25-04.02.49:726][  0]LogSlate: Took 0.005419 seconds to synchronously load lazily loaded font '../../../Engine/Content/Editor/Slate/Fonts/NanumGothicBold.ttf' (4188K)
[2018.10.25-04.02.49:729][  0]LogSlate: Took 0.003227 seconds to synchronously load lazily loaded font '../../../Engine/Content/Slate/Fonts/Roboto-Bold.ttf' (160K)
[2018.10.25-04.02.49:739][  0]LogSlate: Took 0.005931 seconds to synchronously load lazily loaded font '../../../Engine/Content/Editor/Slate/Fonts/FontAwesome.ttf' (139K)
[2018.10.25-04.02.49:909][  0]LogSlate: Took 0.003736 seconds to synchronously load lazily loaded font '../../../Engine/Content/Slate/Fonts/Roboto-Light.ttf' (167K)
[2018.10.25-04.02.50:033][  1]LogRenderer: Reallocating scene render targets to support 804x360 Format 10 NumSamples 1 (Frame:1).
[2018.10.25-04.02.50:049][  1]LogAssetRegistry: Asset discovery search completed in 12.7909 seconds
[2018.10.25-04.02.50:051][  1]LogCollectionManager: Rebuilt the object cache for 0 collections in 0.000000 seconds (found 0 objects)
[2018.10.25-04.02.50:051][  1]LogCollectionManager: Fixed up redirectors for 0 collections in 0.000052 seconds (updated 0 objects)
[2018.10.25-04.04.36:570][739]LogRenderer: Reallocating scene render targets to support 1208x576 Format 10 NumSamples 1 (Frame:12741).
[2018.10.25-04.04.41:905][377]LogSlate: FSceneViewport::OnFocusLost() reason 0
[2018.10.25-04.04.44:800][704]LogSlate: Took 0.000176 seconds to synchronously load lazily loaded font '../../../Engine/Content/Slate/Fonts/Roboto-Light.ttf' (167K)
[2018.10.25-04.04.44:920][704]LogAIModule: Creating AISystem for world Level1
[2018.10.25-04.04.44:944][704]LogAssetEditorManager: Opening Asset editor for World /Game/Levels/Level1.Level1
[2018.10.25-04.04.44:962][704]Cmd: MAP LOAD FILE="D:/L.Programs/Programming/Unreal/SGA_unreal/SGAUnreal/Content/Levels/Level1.umap" TEMPLATE=0 SHOWPROGRESS=1 FEATURELEVEL=3
[2018.10.25-04.04.44:962][704]LightingResults: New page: 라이팅 빌드
[2018.10.25-04.04.44:963][704]LoadErrors: New page: 맵 로드중: Level1.umap
[2018.10.25-04.04.44:963][704]MapCheck: New page: 맵 체크
[2018.10.25-04.04.44:963][704]LightingResults: New page: 라이팅 빌드
[2018.10.25-04.04.45:031][704]LogEditorServer: Finished looking for orphan Actors (0.000 secs)
[2018.10.25-04.04.45:068][704]Cmd: MAP CHECKDEP NOCLEARLOG
[2018.10.25-04.04.45:111][704]MapCheck: 맵 체크 완료: 오류 0 회, 경고 0 회, 소요 시간 43.376ms.
[2018.10.25-04.04.45:111][704]LogFileHelpers: Loading map 'Level1' took 0.150
[2018.10.25-04.04.54:995][885]LogSlate: FSceneViewport::OnFocusLost() reason 0
[2018.10.25-04.05.11:318][831]LogSlate: Took 0.004452 seconds to synchronously load lazily loaded font '../../../Engine/Content/Slate/Fonts/Roboto-BoldCondensed.ttf' (158K)
[2018.10.25-04.05.40:083][269]Running E:/Program Files/Epic Games/UE_4.20/Engine/Binaries/DotNET/UnrealBuildTool.exe  -projectfiles -project="D:/L.Programs/Programming/Unreal/SGA_unreal/SGAUnreal/SGAUnreal.uproject" -game -rocket -progress
[2018.10.25-04.05.40:390][269]Discovering modules, targets and source code for project...
[2018.10.25-04.05.42:707][269]E:\Program Files\Epic Games\UE_4.20\Engine\Source\ThirdParty\Expat\Expat.Build.cs: warning: Referenced directory 'E:\Program Files\Epic Games\UE_4.20\Engine\Source\ThirdParty\Expat\expat-2.2.0\Win64\VS2015\Release' does not exist.
[2018.10.25-04.05.46:038][269]LogVSAccessor: Warning: Couldn't access Visual Studio
[2018.10.25-04.05.46:044][269]Candidate modules for hot reload:
[2018.10.25-04.05.46:044][269]  SGAUnreal
[2018.10.25-04.05.46:044][269]Launching UnrealBuildTool... [E:/Program Files/Epic Games/UE_4.20/Engine/Binaries/DotNET/UnrealBuildTool.exe  -ModuleWithSuffix=SGAUnreal,9794 Win64 Development -TargetType=Editor -Project="D:/L.Programs/Programming/Unreal/SGA_unreal/SGAUnreal/SGAUnreal.uproject" -canskiplink "D:/L.Programs/Programming/Unreal/SGA_unreal/SGAUnreal/SGAUnreal.uproject" ]
[2018.10.25-04.09.37:992][269]CompilerResultsLog: New page: 컴파일 - 2018. 10. 25. 오후 10:09:37
[2018.10.25-04.09.37:992][269]CompilerResultsLog: Performing full C++ include scan (hot reloading a new target)
[2018.10.25-04.09.37:992][269]CompilerResultsLog: Creating makefile for hot reloading SGAUnrealEditor (new files with reflected types)
[2018.10.25-04.09.37:992][269]CompilerResultsLog: Compiling game modules for hot reload
[2018.10.25-04.09.37:992][269]CompilerResultsLog: Using Visual Studio 2017 14.15.26726 toolchain (C:\Program Files (x86)\Microsoft Visual Studio\2017\Community\VC\Tools\MSVC\14.15.26726) and Windows 10.0.16299.0 SDK (C:\Program Files (x86)\Windows Kits\10).
[2018.10.25-04.09.37:992][269]CompilerResultsLog: Parsing headers for SGAUnrealEditor
[2018.10.25-04.09.37:992][269]CompilerResultsLog:   Running UnrealHeaderTool "D:\L.Programs\Programming\Unreal\SGA_unreal\SGAUnreal\SGAUnreal.uproject" "D:\L.Programs\Programming\Unreal\SGA_unreal\SGAUnreal\Intermediate\Build\Win64\SGAUnrealEditor\Development\SGAUnrealEditor.uhtmanifest" -LogCmds="loginit warning, logexit warning, logdatabase error" -Unattended -WarningsAsErrors -installed
[2018.10.25-04.09.37:992][269]CompilerResultsLog: Reflection code generated for SGAUnrealEditor in 8.2474218 seconds
[2018.10.25-04.09.37:992][269]CompilerResultsLog: Building 5 actions with 8 processes...
[2018.10.25-04.09.37:992][269]CompilerResultsLog:   [1/5] SGAUnreal.init.gen.cpp
[2018.10.25-04.09.37:992][269]CompilerResultsLog:   [2/5] CGameManager.cpp
[2018.10.25-04.09.37:992][269]CompilerResultsLog:   [3/5] CGameManager.gen.cpp
[2018.10.25-04.09.37:992][269]CompilerResultsLog:   [4/5] UE4Editor-SGAUnreal-9794.lib
[2018.10.25-04.09.37:992][269]CompilerResultsLog:      D:\L.Programs\Programming\Unreal\SGA_unreal\SGAUnreal\Intermediate\Build\Win64\UE4Editor\Development\SGAUnreal\UE4Editor-SGAUnreal-9794.lib ???????? ?? D:\L.Programs\Programming\Unreal\SGA_unreal\SGAUnreal\Intermediate\Build\Win64\UE4Editor\Development\SGAUnreal\UE4Editor-SGAUnreal-9794.exp ??u?? ??????? ??????.
[2018.10.25-04.09.37:992][269]CompilerResultsLog:   [5/5] UE4Editor-SGAUnreal-9794.dll
[2018.10.25-04.09.37:992][269]CompilerResultsLog:      D:\L.Programs\Programming\Unreal\SGA_unreal\SGAUnreal\Intermediate\Build\Win64\UE4Editor\Development\SGAUnreal\UE4Editor-SGAUnreal-9794.suppressed.lib ???????? ?? D:\L.Programs\Programming\Unreal\SGA_unreal\SGAUnreal\Intermediate\Build\Win64\UE4Editor\Development\SGAUnreal\UE4Editor-SGAUnreal-9794.suppressed.exp ??u?? ??????? ??????.
[2018.10.25-04.09.37:992][269]CompilerResultsLog: Total build time: 231.74 seconds (Parallel executor: 193.70 seconds)
[2018.10.25-04.09.37:992][269]LogMainFrame: MainFrame: Module compiling took 231.954 seconds
[2018.10.25-04.09.38:026][269]LogClass: Could not find existing class CGameManager in package /Script/SGAUnreal for HotReload, assuming new class
[2018.10.25-04.09.38:030][269]LogContentBrowser: Native class hierarchy updated for 'SGAUnreal' in 0.0003 seconds. Added 4 classes and 2 folders.
[2018.10.25-04.09.38:032][269]Display: HotReload successful (2 functions remapped  0 scriptstructs remapped)
[2018.10.25-04.09.38:148][269]LogContentBrowser: Native class hierarchy populated in 0.0079 seconds. Added 2577 classes and 607 folders.
[2018.10.25-04.09.38:149][269]Display: HotReload took 232.1s.
[2018.10.25-04.09.38:150][269]Warning: HotReload operation took 232.1s.
[2018.10.25-04.09.38:187][269]LogSlate: Window 'C++ 클래스 추가' being destroyed
[2018.10.25-04.09.38:226][270]LogHotReload: New module detected: UE4Editor-SGAUnreal-9794.dll
[2018.10.25-04.09.38:241][271]LogHotReload: Starting Hot-Reload from IDE
[2018.10.25-04.09.38:291][271]LogContentBrowser: Native class hierarchy updated for 'SGAUnreal' in 0.0003 seconds. Added 4 classes and 2 folders.
[2018.10.25-04.09.38:294][271]Display: HotReload successful (0 functions remapped  0 scriptstructs remapped)
[2018.10.25-04.09.38:327][271]LogContentBrowser: Native class hierarchy populated in 0.0110 seconds. Added 2577 classes and 607 folders.
[2018.10.25-04.09.38:329][271]Display: HotReload took  0.1s.
[2018.10.25-04.16.34:395][545]LogAssetEditorManager: Opening Asset editor for Blueprint /Game/Blueprints/BpCPlayer.BpCPlayer
[2018.10.25-04.16.34:929][545]LogContentBrowser: Native class hierarchy updated for 'BlueprintGraph' in 0.0006 seconds. Added 116 classes and 0 folders.
[2018.10.25-04.16.38:410][832]LogSlate: Window 'BpCPlayer' being destroyed
[2018.10.25-04.16.38:484][832]LogAssetEditorManager: Opening Asset editor for Blueprint /Game/Blueprints/BpCPlayer.BpCPlayer
[2018.10.25-04.18.23:863][969]LogSlate: Window 'BpCPlayer' being destroyed
[2018.10.25-04.18.28:863][567]LogAssetEditorManager: Opening Asset editor for Blueprint /Game/Blueprints/BpGameMode.BpGameMode
[2018.10.25-04.18.32:185][936]LogSlate: Prevented a slow task dialog from being summoned while a context menu was open
[2018.10.25-04.18.34:861][249]Cmd: OBJ SAVEPACKAGE PACKAGE="/Game/Blueprints/BpGameMode" FILE="D:/L.Programs/Programming/Unreal/SGA_unreal/SGAUnreal/Content/Blueprints/BpGameMode.uasset" SILENT=true
[2018.10.25-04.18.34:888][249]LogSavePackage: Moving 'D:/L.Programs/Programming/Unreal/SGA_unreal/SGAUnreal/Saved/BpGameModeF140B58D42F2348BE00520BB1387BCC8.tmp' to 'D:/L.Programs/Programming/Unreal/SGA_unreal/SGAUnreal/Content/Blueprints/BpGameMode.uasset'
[2018.10.25-04.18.37:076][511]BlueprintLog: New page: BpGameMode 컴파일
[2018.10.25-04.19.12:027][465]LogAssetEditorManager: Opening Asset editor for Blueprint /Game/Blueprints/BpGameMode.BpGameMode
[2018.10.25-04.19.20:756][475]LogSlate: Prevented a slow task dialog from being summoned while a context menu was open
[2018.10.25-04.19.50:864][916]LogSlate: Window '블루프린트 클래스 추가' being destroyed
[2018.10.25-05.53.08:813][506]LogSlate: Took 0.004217 seconds to synchronously load lazily loaded font '../../../Engine/Content/Slate/Fonts/Roboto-Italic.ttf' (157K)
[2018.10.25-05.59.01:618][673]Cmd: OBJ SAVEPACKAGE PACKAGE="/Game/Blueprints/BpCPlayer" FILE="D:/L.Programs/Programming/Unreal/SGA_unreal/SGAUnreal/Content/Blueprints/BpCPlayer.uasset" SILENT=true
[2018.10.25-05.59.01:644][673]LogSavePackage: Moving 'D:/L.Programs/Programming/Unreal/SGA_unreal/SGAUnreal/Saved/BpCPlayer9477B62347E3F3616E36B183B21BF1D5.tmp' to 'D:/L.Programs/Programming/Unreal/SGA_unreal/SGAUnreal/Content/Blueprints/BpCPlayer.uasset'
[2018.10.25-05.59.02:189][738]BlueprintLog: New page: BpCPlayer 컴파일
[2018.10.25-06.02.21:739][436]LogHotReload: New module detected: UE4Editor-SGAUnreal-9541.dll
[2018.10.25-06.02.22:755][440]LogHotReload: Starting Hot-Reload from IDE
[2018.10.25-06.02.22:815][440]LogClass: Could not find existing class CGameManager in package /Script/SGAUnreal for HotReload, assuming new class
[2018.10.25-06.02.22:835][440]LogPackageName: Error: DoesPackageExist: DoesPackageExist FAILED: 'Game/Blueprints/BpCPlayer' is not a standard unreal filename or a long path name. Reason: 경로는 '/' 로 시작해야 합니다.
[2018.10.25-06.02.22:845][440]LogLinker: Warning: 'Game/Blueprints/BpCPlayer' 파일을 찾을 수 없습니다.
[2018.10.25-06.02.22:846][440]LogPackageName: Error: DoesPackageExist: DoesPackageExist FAILED: 'Game/Blueprints/BpCPlayer' is not a standard unreal filename or a long path name. Reason: 경로는 '/' 로 시작해야 합니다.
[2018.10.25-06.02.22:846][440]LogLinker: Warning: 'Game/Blueprints/BpCPlayer' 파일을 찾을 수 없습니다.
[2018.10.25-06.02.22:848][440]LogUObjectGlobals: Warning: 'Blueprint Game/Blueprints/BpCPlayer.BpCPlayer' 오브젝트를 찾는 데 실패했습니다.
[2018.10.25-06.02.22:848][440]Error: CDO Constructor (CGameManager): Failed to find Game/Blueprints/BpCPlayer

[2018.10.25-06.02.22:848][440]LogUObjectBase: Warning: -------------- Default Property warnings and errors:
[2018.10.25-06.02.22:848][440]LogUObjectBase: Warning: Error: CDO Constructor (CGameManager): Failed to find Game/Blueprints/BpCPlayer

[2018.10.25-06.07.01:601][440]LogSlate: Window '메시지' being destroyed
[2018.10.25-06.07.01:616][440]LogHotReload: Re-instancing CGameManager after hot-reload.
[2018.10.25-06.07.01:712][440]LogHotReload: Re-instancing CPlayer after hot-reload.
[2018.10.25-06.07.01:916][440]LogContentBrowser: Native class hierarchy updated for 'SGAUnreal' in 0.0004 seconds. Added 4 classes and 2 folders.
[2018.10.25-06.07.01:919][440]Display: HotReload successful (2 functions remapped  0 scriptstructs remapped)
[2018.10.25-06.07.02:219][440]LogContentBrowser: Native class hierarchy populated in 0.0084 seconds. Added 2577 classes and 607 folders.
[2018.10.25-06.07.02:223][440]Display: HotReload took 279.5s.
[2018.10.25-06.07.46:381][577]LogHotReload: New module detected: UE4Editor-SGAUnreal-4365.dll
[2018.10.25-06.07.47:402][581]LogHotReload: Starting Hot-Reload from IDE
[2018.10.25-06.07.47:484][581]LogPackageName: Error: DoesPackageExist: DoesPackageExist FAILED: 'Game/Blueprints/BpCPlayer' is not a standard unreal filename or a long path name. Reason: 경로는 '/' 로 시작해야 합니다.
[2018.10.25-06.07.47:485][581]LogPackageName: Error: DoesPackageExist: DoesPackageExist FAILED: 'Game/Blueprints/BpCPlayer' is not a standard unreal filename or a long path name. Reason: 경로는 '/' 로 시작해야 합니다.
[2018.10.25-06.07.47:487][581]Error: CDO Constructor (CGameManager): Failed to find Game/Blueprints/BpCPlayer

[2018.10.25-06.07.47:489][581]LogContentBrowser: Native class hierarchy updated for 'SGAUnreal' in 0.0004 seconds. Added 4 classes and 2 folders.
[2018.10.25-06.07.47:489][581]Warning: Some classes could not be reloaded:
Error: CDO Constructor (CGameManager): Failed to find Game/Blueprints/BpCPlayer


[2018.10.25-06.07.47:492][581]Display: HotReload successful (2 functions remapped  0 scriptstructs remapped)
[2018.10.25-06.07.47:795][581]LogContentBrowser: Native class hierarchy populated in 0.0081 seconds. Added 2577 classes and 607 folders.
[2018.10.25-06.07.47:801][581]Display: HotReload took  0.4s.
[2018.10.25-06.08.58:933][504]LogTemp: Repeating last play command: 선택된 뷰포트
[2018.10.25-06.08.58:956][504]LogPlayLevel: PlayLevel: No blueprints needed recompiling
[2018.10.25-06.08.58:969][504]PIE: New page: PIE 세션: Level1 (2018. 10. 26. 오전 12:08:58)
[2018.10.25-06.08.58:969][504]LogPlayLevel: Creating play world package: /Game/Levels/UEDPIE_0_Level1
[2018.10.25-06.08.58:972][504]LogPlayLevel: PIE: StaticDuplicateObject took: (0.003182s)
[2018.10.25-06.08.58:977][504]LogAIModule: Creating AISystem for world Level1
[2018.10.25-06.08.58:977][504]LogPlayLevel: PIE: World Init took: (0.005156s)
[2018.10.25-06.08.58:977][504]LogPlayLevel: PIE: Created PIE world by copying editor world from /Game/Levels/Level1.Level1 to /Game/Levels/UEDPIE_0_Level1.Level1 (0.008486s)
[2018.10.25-06.08.59:057][504]LogInit: XAudio2 using '헤드셋 이어폰(HyperX Virtual Surround Sound)' : 2 channels at 44.1 kHz using 16 bits per sample (channel mask 0x3)
[2018.10.25-06.08.59:068][504]LogInit: FAudioDevice initialized.
[2018.10.25-06.08.59:113][504]LogLoad: Game class is 'BpGameMode_C'
[2018.10.25-06.08.59:115][504]LogWorld: Bringing World /Game/Levels/UEDPIE_0_Level1.Level1 up for play (max tick rate 0) at 2018.10.25-15.08.59
[2018.10.25-06.08.59:115][504]LogWorld: Bringing up level for play took: 0.000578
[2018.10.25-06.08.59:142][504]LogContentBrowser: Native class hierarchy updated for 'MovieSceneCapture' in 0.0003 seconds. Added 10 classes and 0 folders.
[2018.10.25-06.08.59:173][504]PIE: /Game/Levels/UEDPIE_0_Level1 에 대한 에디터에서 플레이 시작 시간: -0.208
[2018.10.25-06.09.09:277][712]LogSlate: Updating window title bar state: overlay mode, drag disabled, window buttons hidden, title bar hidden
[2018.10.25-06.09.09:311][712]LogPlayLevel: Display: Shutting down PIE online subsystems
[2018.10.25-06.09.09:345][712]LogSlate: Updating window title bar state: overlay mode, drag disabled, window buttons hidden, title bar hidden
[2018.10.25-06.09.09:385][714]LogPlayLevel: Display: Destroying online subsystem :Context_10
[2018.10.25-06.09.16:567][  1]LogSlate: FSceneViewport::OnFocusLost() reason 2
[2018.10.25-06.09.23:023][756]LogSlate: Prevented a slow task dialog from being summoned while a context menu was open
[2018.10.25-06.09.39:526][711]Cmd: OBJ SAVEPACKAGE PACKAGE="/Game/Levels/Level1" FILE="D:/L.Programs/Programming/Unreal/SGA_unreal/SGAUnreal/Content/Levels/Level1.umap" SILENT=true AUTOSAVING=false KEEPDIRTY=false
[2018.10.25-06.09.39:585][711]LogSavePackage: Moving 'D:/L.Programs/Programming/Unreal/SGA_unreal/SGAUnreal/Saved/Level139B1F2074432D4B0910341A613E43E1C.tmp' to 'D:/L.Programs/Programming/Unreal/SGA_unreal/SGAUnreal/Content/Levels/Level1.umap'
[2018.10.25-06.09.39:608][711]Cmd: OBJ SAVEPACKAGE PACKAGE="/Game/Levels/Level1_BuiltData" FILE="D:/L.Programs/Programming/Unreal/SGA_unreal/SGAUnreal/Content/Levels/Level1_BuiltData.uasset" SILENT=true
[2018.10.25-06.09.39:634][711]LogSavePackage: Moving 'D:/L.Programs/Programming/Unreal/SGA_unreal/SGAUnreal/Saved/Level1_BuiltData2B47D79948FED3E90AD0FF9FAF6E502F.tmp' to 'D:/L.Programs/Programming/Unreal/SGA_unreal/SGAUnreal/Content/Levels/Level1_BuiltData.uasset'
[2018.10.25-06.09.41:158][893]LogTemp: Repeating last play command: 선택된 뷰포트
[2018.10.25-06.09.41:177][893]LogPlayLevel: PlayLevel: No blueprints needed recompiling
[2018.10.25-06.09.41:177][893]PIE: New page: PIE 세션: Level1 (2018. 10. 26. 오전 12:09:41)
[2018.10.25-06.09.41:177][893]LogPlayLevel: Creating play world package: /Game/Levels/UEDPIE_0_Level1
[2018.10.25-06.09.41:179][893]LogPlayLevel: PIE: StaticDuplicateObject took: (0.001678s)
[2018.10.25-06.09.41:179][893]LogAIModule: Creating AISystem for world Level1
[2018.10.25-06.09.41:180][893]LogPlayLevel: PIE: World Init took: (0.000605s)
[2018.10.25-06.09.41:180][893]LogPlayLevel: PIE: Created PIE world by copying editor world from /Game/Levels/Level1.Level1 to /Game/Levels/UEDPIE_0_Level1.Level1 (0.002390s)
[2018.10.25-06.09.41:220][893]LogInit: XAudio2 using '헤드셋 이어폰(HyperX Virtual Surround Sound)' : 2 channels at 44.1 kHz using 16 bits per sample (channel mask 0x3)
[2018.10.25-06.09.41:228][893]LogInit: FAudioDevice initialized.
[2018.10.25-06.09.41:259][893]LogLoad: Game class is 'BpGameMode_C'
[2018.10.25-06.09.41:260][893]LogWorld: Bringing World /Game/Levels/UEDPIE_0_Level1.Level1 up for play (max tick rate 0) at 2018.10.25-15.09.41
[2018.10.25-06.09.41:260][893]LogWorld: Bringing up level for play took: 0.000571
[2018.10.25-06.09.41:273][893]PIE: /Game/Levels/UEDPIE_0_Level1 에 대한 에디터에서 플레이 시작 시간: -0.108
[2018.10.25-06.09.43:709][183]LogSlate: Updating window title bar state: overlay mode, drag disabled, window buttons hidden, title bar hidden
[2018.10.25-06.09.43:742][183]LogPlayLevel: Display: Shutting down PIE online subsystems
[2018.10.25-06.09.43:771][183]LogSlate: Updating window title bar state: overlay mode, drag disabled, window buttons hidden, title bar hidden
[2018.10.25-06.09.43:810][187]LogPlayLevel: Display: Destroying online subsystem :Context_11
[2018.10.25-06.11.03:151][140]LogAssetEditorManager: Opening Asset editor for Blueprint /Game/BpCGameManager.BpCGameManager
[2018.10.25-06.11.03:485][140]LogSlate: Window '블루프린트 클래스 추가' being destroyed
[2018.10.25-06.11.03:548][141]LogRenderer: Reallocating scene render targets to support 1208x712 Format 10 NumSamples 1 (Frame:1).
[2018.10.25-06.11.10:295][939]Cmd: OBJ SAVEPACKAGE PACKAGE="/Game/BpCGameManager" FILE="D:/L.Programs/Programming/Unreal/SGA_unreal/SGAUnreal/Content/BpCGameManager.uasset" SILENT=true
[2018.10.25-06.11.10:311][939]LogSavePackage: Moving 'D:/L.Programs/Programming/Unreal/SGA_unreal/SGAUnreal/Saved/BpCGameManager094561294A5681DDC205F4BA1653CB9F.tmp' to 'D:/L.Programs/Programming/Unreal/SGA_unreal/SGAUnreal/Content/BpCGameManager.uasset'
[2018.10.25-06.11.14:467][435]LogSlate: Prevented a slow task dialog from being summoned while a context menu was open
[2018.10.25-06.11.18:283][887]Cmd: OBJ SAVEPACKAGE PACKAGE="/Game/Blueprints/BpGameMode" FILE="D:/L.Programs/Programming/Unreal/SGA_unreal/SGAUnreal/Content/Blueprints/BpGameMode.uasset" SILENT=true
[2018.10.25-06.11.18:299][887]LogSavePackage: Moving 'D:/L.Programs/Programming/Unreal/SGA_unreal/SGAUnreal/Saved/BpGameMode909A701846A8F2AFB270BF8D53FF2783.tmp' to 'D:/L.Programs/Programming/Unreal/SGA_unreal/SGAUnreal/Content/Blueprints/BpGameMode.uasset'
[2018.10.25-06.11.18:869][955]BlueprintLog: New page: BpGameMode 컴파일
[2018.10.25-06.11.20:671][150]LogTemp: Repeating last play command: 선택된 뷰포트
[2018.10.25-06.11.20:692][150]LogPlayLevel: PlayLevel: No blueprints needed recompiling
[2018.10.25-06.11.20:693][150]PIE: New page: PIE 세션: Level1 (2018. 10. 26. 오전 12:11:20)
[2018.10.25-06.11.20:693][150]LogPlayLevel: Creating play world package: /Game/Levels/UEDPIE_0_Level1
[2018.10.25-06.11.20:694][150]LogPlayLevel: PIE: StaticDuplicateObject took: (0.001668s)
[2018.10.25-06.11.20:695][150]LogAIModule: Creating AISystem for world Level1
[2018.10.25-06.11.20:695][150]LogPlayLevel: PIE: World Init took: (0.000996s)
[2018.10.25-06.11.20:695][150]LogPlayLevel: PIE: Created PIE world by copying editor world from /Game/Levels/Level1.Level1 to /Game/Levels/UEDPIE_0_Level1.Level1 (0.002792s)
[2018.10.25-06.11.20:740][150]LogInit: XAudio2 using '헤드셋 이어폰(HyperX Virtual Surround Sound)' : 2 channels at 44.1 kHz using 16 bits per sample (channel mask 0x3)
[2018.10.25-06.11.20:748][150]LogInit: FAudioDevice initialized.
[2018.10.25-06.11.20:780][150]LogLoad: Game class is 'BpGameMode_C'
[2018.10.25-06.11.20:781][150]LogWorld: Bringing World /Game/Levels/UEDPIE_0_Level1.Level1 up for play (max tick rate 0) at 2018.10.25-15.11.20
[2018.10.25-06.11.20:781][150]LogWorld: Bringing up level for play took: 0.000710
[2018.10.25-06.11.20:794][150]LogSpawn: Warning: SpawnActor failed because no class was specified
[2018.10.25-06.11.20:794][150]PIE: /Game/Levels/UEDPIE_0_Level1 에 대한 에디터에서 플레이 시작 시간: -0.586
[2018.10.25-06.11.26:758][863]LogSlate: Updating window title bar state: overlay mode, drag disabled, window buttons hidden, title bar hidden
[2018.10.25-06.11.26:794][863]LogPlayLevel: Display: Shutting down PIE online subsystems
[2018.10.25-06.11.26:828][863]LogSlate: Updating window title bar state: overlay mode, drag disabled, window buttons hidden, title bar hidden
[2018.10.25-06.11.26:866][865]LogPlayLevel: Display: Destroying online subsystem :Context_13
[2018.10.25-06.11.38:303][235]LogSlate: FSceneViewport::OnFocusLost() reason 0
[2018.10.25-06.11.39:896][425]LogSlate: Prevented a slow task dialog from being summoned while a context menu was open
[2018.10.25-06.11.49:458][569]LogClass: Warning: In asset 'None', there is an enum property of type 'EAutoReceiveInput' with an invalid value of ''
[2018.10.25-06.13.38:632][266]LogTemp: Repeating last play command: 선택된 뷰포트
[2018.10.25-06.13.38:659][266]LogPlayLevel: PlayLevel: No blueprints needed recompiling
[2018.10.25-06.13.38:659][266]PIE: New page: PIE 세션: Level1 (2018. 10. 26. 오전 12:13:38)
[2018.10.25-06.13.38:659][266]LogPlayLevel: Creating play world package: /Game/Levels/UEDPIE_0_Level1
[2018.10.25-06.13.38:661][266]LogPlayLevel: PIE: StaticDuplicateObject took: (0.001922s)
[2018.10.25-06.13.38:662][266]LogAIModule: Creating AISystem for world Level1
[2018.10.25-06.13.38:662][266]LogPlayLevel: PIE: World Init took: (0.000851s)
[2018.10.25-06.13.38:662][266]LogPlayLevel: PIE: Created PIE world by copying editor world from /Game/Levels/Level1.Level1 to /Game/Levels/UEDPIE_0_Level1.Level1 (0.002902s)
[2018.10.25-06.13.38:708][266]LogInit: XAudio2 using '헤드셋 이어폰(HyperX Virtual Surround Sound)' : 2 channels at 44.1 kHz using 16 bits per sample (channel mask 0x3)
[2018.10.25-06.13.38:717][266]LogInit: FAudioDevice initialized.
[2018.10.25-06.13.38:747][266]LogLoad: Game class is 'BpGameMode_C'
[2018.10.25-06.13.38:748][266]LogWorld: Bringing World /Game/Levels/UEDPIE_0_Level1.Level1 up for play (max tick rate 0) at 2018.10.25-15.13.38
[2018.10.25-06.13.38:749][266]LogWorld: Bringing up level for play took: 0.000695
[2018.10.25-06.13.38:761][266]LogSpawn: Warning: SpawnActor failed because no class was specified
[2018.10.25-06.13.38:761][266]PIE: /Game/Levels/UEDPIE_0_Level1 에 대한 에디터에서 플레이 시작 시간: -0.62
[2018.10.25-06.13.57:702][536]LogSlate: Updating window title bar state: overlay mode, drag disabled, window buttons hidden, title bar hidden
[2018.10.25-06.13.57:737][536]LogPlayLevel: Display: Shutting down PIE online subsystems
[2018.10.25-06.13.57:768][536]LogSlate: Updating window title bar state: overlay mode, drag disabled, window buttons hidden, title bar hidden
[2018.10.25-06.13.57:808][540]LogPlayLevel: Display: Destroying online subsystem :Context_14
[2018.10.25-06.14.06:179][543]LogSlate: FSceneViewport::OnFocusLost() reason 0
[2018.10.25-06.14.07:141][657]Cmd: OBJ SAVEPACKAGE PACKAGE="/Game/Blueprints/BpGameMode" FILE="D:/L.Programs/Programming/Unreal/SGA_unreal/SGAUnreal/Content/Blueprints/BpGameMode.uasset" SILENT=true
[2018.10.25-06.14.07:153][657]LogSavePackage: Moving 'D:/L.Programs/Programming/Unreal/SGA_unreal/SGAUnreal/Saved/BpGameMode3607BF4B4716BE6B734A868C3F5DCB2A.tmp' to 'D:/L.Programs/Programming/Unreal/SGA_unreal/SGAUnreal/Content/Blueprints/BpGameMode.uasset'
[2018.10.25-06.14.08:473][815]BlueprintLog: New page: BpGameMode 컴파일
[2018.10.25-06.14.09:250][889]BlueprintLog: New page: BpGameMode 컴파일
[2018.10.25-06.14.30:906][779]LogSlate: Window 'Delete Assets' being destroyed
[2018.10.25-06.14.30:914][779]LogActorComponent: UnregisterComponent: (/Engine/Transient.EditorFloorComp) Not registered. Aborting.
[2018.10.25-06.14.30:983][779]LogActorComponent: UnregisterComponent: (/Engine/Transient.EditorFloorComp) Not registered. Aborting.
[2018.10.25-06.14.31:982][779]LogActorComponent: RegisterComponentWithWorld: (/Engine/Transient.World_8:PersistentLevel.BpGameMode_C_0.DefaultSceneRoot) Trying to register component with IsPendingKill() == true. Aborting.
[2018.10.25-06.14.46:202][435]LogAssetEditorManager: Opening Asset editor for Blueprint /Game/Blueprints/BpCGameManager.BpCGameManager
[2018.10.25-06.14.46:454][435]LogSlate: Window '블루프린트 클래스 추가' being destroyed
[2018.10.25-06.14.50:420][866]Cmd: OBJ SAVEPACKAGE PACKAGE="/Game/Blueprints/BpCGameManager" FILE="D:/L.Programs/Programming/Unreal/SGA_unreal/SGAUnreal/Content/Blueprints/BpCGameManager.uasset" SILENT=true
[2018.10.25-06.14.50:436][866]LogSavePackage: Moving 'D:/L.Programs/Programming/Unreal/SGA_unreal/SGAUnreal/Saved/BpCGameManagerB79BC00340DBC65FECD7C7895D04DE00.tmp' to 'D:/L.Programs/Programming/Unreal/SGA_unreal/SGAUnreal/Content/Blueprints/BpCGameManager.uasset'
[2018.10.25-06.14.50:996][928]BlueprintLog: New page: BpCGameManager 컴파일
[2018.10.25-06.14.53:279][154]LogSlate: Window 'BpCGameManager' being destroyed
[2018.10.25-06.15.12:654][472]LogAssetEditorManager: Opening Asset editor for Blueprint /Game/Blueprints/BpGameMode.BpGameMode
[2018.10.25-06.15.16:786][936]LogSlate: Prevented a slow task dialog from being summoned while a context menu was open
[2018.10.25-06.15.25:416][964]Cmd: OBJ SAVEPACKAGE PACKAGE="/Game/Blueprints/BpGameMode" FILE="D:/L.Programs/Programming/Unreal/SGA_unreal/SGAUnreal/Content/Blueprints/BpGameMode.uasset" SILENT=true
[2018.10.25-06.15.25:426][964]LogSavePackage: Moving 'D:/L.Programs/Programming/Unreal/SGA_unreal/SGAUnreal/Saved/BpGameModeC2D629F548A2D6F5365969B3C886F139.tmp' to 'D:/L.Programs/Programming/Unreal/SGA_unreal/SGAUnreal/Content/Blueprints/BpGameMode.uasset'
[2018.10.25-06.15.26:165][ 52]BlueprintLog: New page: BpGameMode 컴파일
[2018.10.25-06.15.28:313][294]LogTemp: Repeating last play command: 선택된 뷰포트
[2018.10.25-06.15.28:336][294]LogPlayLevel: PlayLevel: No blueprints needed recompiling
[2018.10.25-06.15.28:336][294]PIE: New page: PIE 세션: Level1 (2018. 10. 26. 오전 12:15:28)
[2018.10.25-06.15.28:336][294]LogPlayLevel: Creating play world package: /Game/Levels/UEDPIE_0_Level1
[2018.10.25-06.15.28:338][294]LogPlayLevel: PIE: StaticDuplicateObject took: (0.001702s)
[2018.10.25-06.15.28:339][294]LogAIModule: Creating AISystem for world Level1
[2018.10.25-06.15.28:339][294]LogPlayLevel: PIE: World Init took: (0.001014s)
[2018.10.25-06.15.28:339][294]LogPlayLevel: PIE: Created PIE world by copying editor world from /Game/Levels/Level1.Level1 to /Game/Levels/UEDPIE_0_Level1.Level1 (0.002824s)
[2018.10.25-06.15.28:382][294]LogInit: XAudio2 using '헤드셋 이어폰(HyperX Virtual Surround Sound)' : 2 channels at 44.1 kHz using 16 bits per sample (channel mask 0x3)
[2018.10.25-06.15.28:392][294]LogInit: FAudioDevice initialized.
[2018.10.25-06.15.28:424][294]LogLoad: Game class is 'BpGameMode_C'
[2018.10.25-06.15.28:424][294]LogWorld: Bringing World /Game/Levels/UEDPIE_0_Level1.Level1 up for play (max tick rate 0) at 2018.10.25-15.15.28
[2018.10.25-06.15.28:424][294]LogWorld: Bringing up level for play took: 0.000498
[2018.10.25-06.15.28:438][294]LogSpawn: Warning: SpawnActor failed because no class was specified
[2018.10.25-06.15.28:438][294]PIE: /Game/Levels/UEDPIE_0_Level1 에 대한 에디터에서 플레이 시작 시간: 1.057
[2018.10.25-06.15.39:368][603]LogSlate: Updating window title bar state: overlay mode, drag disabled, window buttons hidden, title bar hidden
[2018.10.25-06.15.39:401][603]LogPlayLevel: Display: Shutting down PIE online subsystems
[2018.10.25-06.15.39:428][603]LogSlate: Updating window title bar state: overlay mode, drag disabled, window buttons hidden, title bar hidden
[2018.10.25-06.15.39:468][607]LogPlayLevel: Display: Destroying online subsystem :Context_17
[2018.10.25-06.18.32:142][305]LogHotReload: New module detected: UE4Editor-SGAUnreal-6940.dll
[2018.10.25-06.18.33:158][309]LogHotReload: Starting Hot-Reload from IDE
[2018.10.25-06.18.33:221][309]LogPackageName: Error: DoesPackageExist: DoesPackageExist FAILED: 'Game/Blueprints/BpCPlayer' is not a standard unreal filename or a long path name. Reason: 경로는 '/' 로 시작해야 합니다.
[2018.10.25-06.18.33:222][309]LogPackageName: Error: DoesPackageExist: DoesPackageExist FAILED: 'Game/Blueprints/BpCPlayer' is not a standard unreal filename or a long path name. Reason: 경로는 '/' 로 시작해야 합니다.
[2018.10.25-06.18.33:223][309]Error: CDO Constructor (CGameManager): Failed to find Game/Blueprints/BpCPlayer

[2018.10.25-06.18.33:224][309]LogHotReload: Re-instancing CPlayer after hot-reload.
[2018.10.25-06.18.33:427][309]LogContentBrowser: Native class hierarchy updated for 'SGAUnreal' in 0.0004 seconds. Added 4 classes and 2 folders.
[2018.10.25-06.18.33:427][309]Warning: Some classes could not be reloaded:
Error: CDO Constructor (CGameManager): Failed to find Game/Blueprints/BpCPlayer


[2018.10.25-06.18.33:430][309]Display: HotReload successful (2 functions remapped  0 scriptstructs remapped)
[2018.10.25-06.18.33:734][309]LogContentBrowser: Native class hierarchy populated in 0.0088 seconds. Added 2577 classes and 607 folders.
[2018.10.25-06.18.33:738][309]Display: HotReload took  0.6s.
[2018.10.25-06.19.13:838][571]LogTemp: Repeating last play command: 선택된 뷰포트
[2018.10.25-06.19.13:857][571]LogPlayLevel: PlayLevel: No blueprints needed recompiling
[2018.10.25-06.19.13:857][571]PIE: New page: PIE 세션: Level1 (2018. 10. 26. 오전 12:19:13)
[2018.10.25-06.19.13:857][571]LogPlayLevel: Creating play world package: /Game/Levels/UEDPIE_0_Level1
[2018.10.25-06.19.13:859][571]LogPlayLevel: PIE: StaticDuplicateObject took: (0.002008s)
[2018.10.25-06.19.13:860][571]LogAIModule: Creating AISystem for world Level1
[2018.10.25-06.19.13:860][571]LogPlayLevel: PIE: World Init took: (0.000911s)
[2018.10.25-06.19.13:860][571]LogPlayLevel: PIE: Created PIE world by copying editor world from /Game/Levels/Level1.Level1 to /Game/Levels/UEDPIE_0_Level1.Level1 (0.003021s)
[2018.10.25-06.19.13:919][571]LogInit: XAudio2 using '헤드셋 이어폰(HyperX Virtual Surround Sound)' : 2 channels at 44.1 kHz using 16 bits per sample (channel mask 0x3)
[2018.10.25-06.19.13:929][571]LogInit: FAudioDevice initialized.
[2018.10.25-06.19.13:962][571]LogLoad: Game class is 'BpGameMode_C'
[2018.10.25-06.19.13:963][571]LogWorld: Bringing World /Game/Levels/UEDPIE_0_Level1.Level1 up for play (max tick rate 0) at 2018.10.25-15.19.13
[2018.10.25-06.19.13:964][571]LogWorld: Bringing up level for play took: 0.000638
[2018.10.25-06.19.13:977][571]LogSpawn: Warning: SpawnActor failed because no class was specified
[2018.10.25-06.19.13:977][571]PIE: /Game/Levels/UEDPIE_0_Level1 에 대한 에디터에서 플레이 시작 시간: 0.596
[2018.10.25-06.19.17:519][992]LogSlate: Updating window title bar state: overlay mode, drag disabled, window buttons hidden, title bar hidden
[2018.10.25-06.19.17:554][992]LogPlayLevel: Display: Shutting down PIE online subsystems
[2018.10.25-06.19.17:586][992]LogSlate: Updating window title bar state: overlay mode, drag disabled, window buttons hidden, title bar hidden
[2018.10.25-06.19.17:619][995]LogPlayLevel: Display: Destroying online subsystem :Context_18
[2018.10.25-06.20.06:559][356]LogHotReload: New module detected: UE4Editor-SGAUnreal-964.dll
[2018.10.25-06.20.07:571][360]LogHotReload: Starting Hot-Reload from IDE
[2018.10.25-06.20.07:631][360]LogPackageName: Error: DoesPackageExist: DoesPackageExist FAILED: 'Game/Blueprints/BpCPlayer' is not a standard unreal filename or a long path name. Reason: 경로는 '/' 로 시작해야 합니다.
[2018.10.25-06.20.07:632][360]LogPackageName: Error: DoesPackageExist: DoesPackageExist FAILED: 'Game/Blueprints/BpCPlayer' is not a standard unreal filename or a long path name. Reason: 경로는 '/' 로 시작해야 합니다.
[2018.10.25-06.20.07:633][360]Error: CDO Constructor (CGameManager): Failed to find Game/Blueprints/BpCPlayer

[2018.10.25-06.20.07:635][360]LogContentBrowser: Native class hierarchy updated for 'SGAUnreal' in 0.0003 seconds. Added 4 classes and 2 folders.
[2018.10.25-06.20.07:635][360]Warning: Some classes could not be reloaded:
Error: CDO Constructor (CGameManager): Failed to find Game/Blueprints/BpCPlayer


[2018.10.25-06.20.07:640][360]Display: HotReload successful (2 functions remapped  0 scriptstructs remapped)
[2018.10.25-06.20.07:975][360]LogContentBrowser: Native class hierarchy populated in 0.0085 seconds. Added 2577 classes and 607 folders.
[2018.10.25-06.20.07:979][360]Display: HotReload took  0.4s.
[2018.10.25-06.20.11:278][428]LogSlate: FSceneViewport::OnFocusLost() reason 0
[2018.10.25-06.20.11:328][434]LogTemp: Repeating last play command: 선택된 뷰포트
[2018.10.25-06.20.11:352][434]LogPlayLevel: PlayLevel: No blueprints needed recompiling
[2018.10.25-06.20.11:352][434]PIE: New page: PIE 세션: Level1 (2018. 10. 26. 오전 12:20:11)
[2018.10.25-06.20.11:352][434]LogPlayLevel: Creating play world package: /Game/Levels/UEDPIE_0_Level1
[2018.10.25-06.20.11:354][434]LogPlayLevel: PIE: StaticDuplicateObject took: (0.002018s)
[2018.10.25-06.20.11:355][434]LogAIModule: Creating AISystem for world Level1
[2018.10.25-06.20.11:355][434]LogPlayLevel: PIE: World Init took: (0.000687s)
[2018.10.25-06.20.11:355][434]LogPlayLevel: PIE: Created PIE world by copying editor world from /Game/Levels/Level1.Level1 to /Game/Levels/UEDPIE_0_Level1.Level1 (0.002821s)
[2018.10.25-06.20.11:433][434]LogInit: XAudio2 using '헤드셋 이어폰(HyperX Virtual Surround Sound)' : 2 channels at 44.1 kHz using 16 bits per sample (channel mask 0x3)
[2018.10.25-06.20.11:443][434]LogInit: FAudioDevice initialized.
[2018.10.25-06.20.11:471][434]LogLoad: Game class is 'BpGameMode_C'
[2018.10.25-06.20.11:471][434]LogWorld: Bringing World /Game/Levels/UEDPIE_0_Level1.Level1 up for play (max tick rate 0) at 2018.10.25-15.20.11
[2018.10.25-06.20.11:472][434]LogWorld: Bringing up level for play took: 0.000525
[2018.10.25-06.20.11:484][434]LogSpawn: Warning: SpawnActor failed because no class was specified
[2018.10.25-06.20.11:484][434]PIE: /Game/Levels/UEDPIE_0_Level1 에 대한 에디터에서 플레이 시작 시간: 0.103
[2018.10.25-06.20.13:491][672]LogSlate: Updating window title bar state: overlay mode, drag disabled, window buttons hidden, title bar hidden
[2018.10.25-06.20.13:525][672]LogPlayLevel: Display: Shutting down PIE online subsystems
[2018.10.25-06.20.13:559][672]LogSlate: Updating window title bar state: overlay mode, drag disabled, window buttons hidden, title bar hidden
[2018.10.25-06.20.13:597][674]LogPlayLevel: Display: Destroying online subsystem :Context_19
[2018.10.25-06.20.23:572][830]LogAssetEditorManager: Opening Asset editor for Blueprint /Game/Blueprints/BpCPlayer.BpCPlayer
[2018.10.25-06.21.07:577][511]LogHotReload: New module detected: UE4Editor-SGAUnreal-1064.dll
[2018.10.25-06.21.08:600][515]LogHotReload: Starting Hot-Reload from IDE
[2018.10.25-06.21.08:671][515]LogContentBrowser: Native class hierarchy updated for 'SGAUnreal' in 0.0004 seconds. Added 4 classes and 2 folders.
[2018.10.25-06.21.08:675][515]Display: HotReload successful (2 functions remapped  0 scriptstructs remapped)
[2018.10.25-06.21.09:003][515]LogContentBrowser: Native class hierarchy populated in 0.0098 seconds. Added 2577 classes and 607 folders.
[2018.10.25-06.21.09:007][515]Display: HotReload took  0.4s.
[2018.10.25-06.21.21:140][912]LogTemp: Repeating last play command: 선택된 뷰포트
[2018.10.25-06.21.21:159][912]LogPlayLevel: PlayLevel: No blueprints needed recompiling
[2018.10.25-06.21.21:159][912]PIE: New page: PIE 세션: Level1 (2018. 10. 26. 오전 12:21:21)
[2018.10.25-06.21.21:159][912]LogPlayLevel: Creating play world package: /Game/Levels/UEDPIE_0_Level1
[2018.10.25-06.21.21:162][912]LogPlayLevel: PIE: StaticDuplicateObject took: (0.002334s)
[2018.10.25-06.21.21:162][912]LogAIModule: Creating AISystem for world Level1
[2018.10.25-06.21.21:163][912]LogPlayLevel: PIE: World Init took: (0.000657s)
[2018.10.25-06.21.21:163][912]LogPlayLevel: PIE: Created PIE world by copying editor world from /Game/Levels/Level1.Level1 to /Game/Levels/UEDPIE_0_Level1.Level1 (0.003108s)
[2018.10.25-06.21.21:239][912]LogInit: XAudio2 using '헤드셋 이어폰(HyperX Virtual Surround Sound)' : 2 channels at 44.1 kHz using 16 bits per sample (channel mask 0x3)
[2018.10.25-06.21.21:247][912]LogInit: FAudioDevice initialized.
[2018.10.25-06.21.21:275][912]LogLoad: Game class is 'BpGameMode_C'
[2018.10.25-06.21.21:276][912]LogWorld: Bringing World /Game/Levels/UEDPIE_0_Level1.Level1 up for play (max tick rate 0) at 2018.10.25-15.21.21
[2018.10.25-06.21.21:276][912]LogWorld: Bringing up level for play took: 0.000610
[2018.10.25-06.21.21:290][912]PIE: /Game/Levels/UEDPIE_0_Level1 에 대한 에디터에서 플레이 시작 시간: -0.091
[2018.10.25-06.21.28:515][775]LogSlate: Updating window title bar state: overlay mode, drag disabled, window buttons hidden, title bar hidden
[2018.10.25-06.21.28:551][775]LogPlayLevel: Display: Shutting down PIE online subsystems
[2018.10.25-06.21.28:582][775]LogSlate: Updating window title bar state: overlay mode, drag disabled, window buttons hidden, title bar hidden
[2018.10.25-06.21.28:615][776]LogPlayLevel: Display: Destroying online subsystem :Context_21
[2018.10.25-06.22.21:609][114]LogHotReload: New module detected: UE4Editor-SGAUnreal-8551.dll
[2018.10.25-06.22.22:621][118]LogHotReload: Starting Hot-Reload from IDE
[2018.10.25-06.22.22:685][118]LogHotReload: Re-instancing CPlayer after hot-reload.
[2018.10.25-06.22.22:928][118]LogContentBrowser: Native class hierarchy updated for 'SGAUnreal' in 0.0004 seconds. Added 4 classes and 2 folders.
[2018.10.25-06.22.22:931][118]Display: HotReload successful (2 functions remapped  0 scriptstructs remapped)
[2018.10.25-06.22.23:226][118]LogContentBrowser: Native class hierarchy populated in 0.0088 seconds. Added 2577 classes and 607 folders.
[2018.10.25-06.22.23:231][118]Display: HotReload took  0.6s.
[2018.10.25-06.22.26:436][219]LogSlate: FSceneViewport::OnFocusLost() reason 0
[2018.10.25-06.22.27:121][301]LogTemp: Repeating last play command: 선택된 뷰포트
[2018.10.25-06.22.27:141][301]LogPlayLevel: PlayLevel: No blueprints needed recompiling
[2018.10.25-06.22.27:142][301]PIE: New page: PIE 세션: Level1 (2018. 10. 26. 오전 12:22:27)
[2018.10.25-06.22.27:142][301]LogPlayLevel: Creating play world package: /Game/Levels/UEDPIE_0_Level1
[2018.10.25-06.22.27:144][301]LogPlayLevel: PIE: StaticDuplicateObject took: (0.001905s)
[2018.10.25-06.22.27:144][301]LogAIModule: Creating AISystem for world Level1
[2018.10.25-06.22.27:144][301]LogPlayLevel: PIE: World Init took: (0.000591s)
[2018.10.25-06.22.27:144][301]LogPlayLevel: PIE: Created PIE world by copying editor world from /Game/Levels/Level1.Level1 to /Game/Levels/UEDPIE_0_Level1.Level1 (0.002614s)
[2018.10.25-06.22.27:211][301]LogInit: XAudio2 using '헤드셋 이어폰(HyperX Virtual Surround Sound)' : 2 channels at 44.1 kHz using 16 bits per sample (channel mask 0x3)
[2018.10.25-06.22.27:219][301]LogInit: FAudioDevice initialized.
[2018.10.25-06.22.27:251][301]LogLoad: Game class is 'BpGameMode_C'
[2018.10.25-06.22.27:252][301]LogWorld: Bringing World /Game/Levels/UEDPIE_0_Level1.Level1 up for play (max tick rate 0) at 2018.10.25-15.22.27
[2018.10.25-06.22.27:252][301]LogWorld: Bringing up level for play took: 0.000544
[2018.10.25-06.22.27:266][301]PIE: /Game/Levels/UEDPIE_0_Level1 에 대한 에디터에서 플레이 시작 시간: -0.115
[2018.10.25-06.22.29:691][589]LogSlate: Updating window title bar state: overlay mode, drag disabled, window buttons hidden, title bar hidden
[2018.10.25-06.22.29:724][589]LogPlayLevel: Display: Shutting down PIE online subsystems
[2018.10.25-06.22.29:758][589]LogSlate: Updating window title bar state: overlay mode, drag disabled, window buttons hidden, title bar hidden
[2018.10.25-06.22.29:799][591]LogPlayLevel: Display: Destroying online subsystem :Context_22
[2018.10.25-06.22.35:897][833]LogSlate: FSceneViewport::OnFocusLost() reason 0
[2018.10.25-06.22.35:981][843]LogTemp: Repeating last play command: 선택된 뷰포트
[2018.10.25-06.22.36:006][843]LogPlayLevel: PlayLevel: No blueprints needed recompiling
[2018.10.25-06.22.36:007][843]PIE: New page: PIE 세션: Level1 (2018. 10. 26. 오전 12:22:36)
[2018.10.25-06.22.36:007][843]LogPlayLevel: Creating play world package: /Game/Levels/UEDPIE_0_Level1
[2018.10.25-06.22.36:009][843]LogPlayLevel: PIE: StaticDuplicateObject took: (0.001894s)
[2018.10.25-06.22.36:009][843]LogAIModule: Creating AISystem for world Level1
[2018.10.25-06.22.36:009][843]LogPlayLevel: PIE: World Init took: (0.000711s)
[2018.10.25-06.22.36:009][843]LogPlayLevel: PIE: Created PIE world by copying editor world from /Game/Levels/Level1.Level1 to /Game/Levels/UEDPIE_0_Level1.Level1 (0.002750s)
[2018.10.25-06.22.36:056][843]LogInit: XAudio2 using '헤드셋 이어폰(HyperX Virtual Surround Sound)' : 2 channels at 44.1 kHz using 16 bits per sample (channel mask 0x3)
[2018.10.25-06.22.36:064][843]LogInit: FAudioDevice initialized.
[2018.10.25-06.22.36:094][843]LogLoad: Game class is 'BpGameMode_C'
[2018.10.25-06.22.36:096][843]LogWorld: Bringing World /Game/Levels/UEDPIE_0_Level1.Level1 up for play (max tick rate 0) at 2018.10.25-15.22.36
[2018.10.25-06.22.36:096][843]LogWorld: Bringing up level for play took: 0.000668
[2018.10.25-06.22.36:109][843]PIE: /Game/Levels/UEDPIE_0_Level1 에 대한 에디터에서 플레이 시작 시간: 0.728
[2018.10.25-06.22.39:132][203]LogSlate: Updating window title bar state: overlay mode, drag disabled, window buttons hidden, title bar hidden
[2018.10.25-06.22.39:167][203]LogPlayLevel: Display: Shutting down PIE online subsystems
[2018.10.25-06.22.39:196][203]LogSlate: Updating window title bar state: overlay mode, drag disabled, window buttons hidden, title bar hidden
[2018.10.25-06.22.39:233][205]LogPlayLevel: Display: Destroying online subsystem :Context_23
[2018.10.25-06.22.41:141][433]LogSlate: FSceneViewport::OnFocusLost() reason 2
[2018.10.25-06.22.42:403][584]LogSlate: FSceneViewport::OnFocusLost() reason 2
[2018.10.25-06.22.43:384][584]LogSlate: Only BGRA pngs, bmps or icos are supported in by External Image Picker
[2018.10.25-06.22.43:474][586]LogTemp: Executing iPhonePackager certificates Engine -bundlename com.YourCompany.SGAUnreal
[2018.10.25-06.22.43:474][586]LogTemp: CWD: E:\Program Files\Epic Games\UE_4.20\Engine\Binaries\DotNET\IOS
[2018.10.25-06.22.43:474][586]LogTemp: Initial Dir: E:\Program Files\Epic Games\UE_4.20
[2018.10.25-06.22.43:474][586]LogTemp: Env CWD: E:\Program Files\Epic Games\UE_4.20\Engine\Binaries\DotNET\IOS
[2018.10.25-06.22.43:474][586]LogTemp: BranchPath = DESKTOP-9NE7PLN/E/Program Files/Epic Games/UE_4.20/Engine/Binaries --- GameBranchPath = DESKTOP-9NE7PLN/E/Program Files/Epic Games/UE_4.20/Engine/Binaries
[2018.10.25-06.22.43:500][587]LogTemp: IPP ERROR: Could not find provision directory 'C:\Users\ine07\AppData\Local/Apple Computer/MobileDevice/Provisioning Profiles/'.
[2018.10.25-06.22.56:009][ 55]LogSlate: Window '프로젝트 세팅' being destroyed
[2018.10.25-06.22.56:013][ 55]LogSlate: Window '프로젝트 세팅' being destroyed
[2018.10.25-06.24.09:478][542]LogHotReload: New module detected: UE4Editor-SGAUnreal-6470.dll
[2018.10.25-06.24.10:494][546]LogHotReload: Starting Hot-Reload from IDE
[2018.10.25-06.24.10:558][546]LogContentBrowser: Native class hierarchy updated for 'SGAUnreal' in 0.0003 seconds. Added 4 classes and 2 folders.
[2018.10.25-06.24.10:561][546]Display: HotReload successful (2 functions remapped  0 scriptstructs remapped)
[2018.10.25-06.24.10:862][546]LogContentBrowser: Native class hierarchy populated in 0.0084 seconds. Added 2577 classes and 607 folders.
[2018.10.25-06.24.10:866][546]Display: HotReload took  0.4s.
[2018.10.25-06.24.14:953][678]LogSlate: FSceneViewport::OnFocusLost() reason 0
[2018.10.25-06.24.15:019][686]LogTemp: Repeating last play command: 선택된 뷰포트
[2018.10.25-06.24.15:047][686]LogPlayLevel: PlayLevel: No blueprints needed recompiling
[2018.10.25-06.24.15:047][686]PIE: New page: PIE 세션: Level1 (2018. 10. 26. 오전 12:24:15)
[2018.10.25-06.24.15:048][686]LogPlayLevel: Creating play world package: /Game/Levels/UEDPIE_0_Level1
[2018.10.25-06.24.15:049][686]LogPlayLevel: PIE: StaticDuplicateObject took: (0.001803s)
[2018.10.25-06.24.15:050][686]LogAIModule: Creating AISystem for world Level1
[2018.10.25-06.24.15:050][686]LogPlayLevel: PIE: World Init took: (0.000744s)
[2018.10.25-06.24.15:050][686]LogPlayLevel: PIE: Created PIE world by copying editor world from /Game/Levels/Level1.Level1 to /Game/Levels/UEDPIE_0_Level1.Level1 (0.002659s)
[2018.10.25-06.24.15:120][686]LogInit: XAudio2 using '헤드셋 이어폰(HyperX Virtual Surround Sound)' : 2 channels at 44.1 kHz using 16 bits per sample (channel mask 0x3)
[2018.10.25-06.24.15:130][686]LogInit: FAudioDevice initialized.
[2018.10.25-06.24.15:163][686]LogLoad: Game class is 'BpGameMode_C'
[2018.10.25-06.24.15:165][686]LogWorld: Bringing World /Game/Levels/UEDPIE_0_Level1.Level1 up for play (max tick rate 0) at 2018.10.25-15.24.15
[2018.10.25-06.24.15:165][686]LogWorld: Bringing up level for play took: 0.000659
[2018.10.25-06.24.18:051][686]LogWindows: Error: === Critical error: ===
[2018.10.25-06.24.18:051][686]LogWindows: Error: 
[2018.10.25-06.24.18:051][686]LogWindows: Error: Fatal error!
[2018.10.25-06.24.18:051][686]LogWindows: Error: 
[2018.10.25-06.24.18:051][686]LogWindows: Error: Unhandled Exception: EXCEPTION_ACCESS_VIOLATION reading address 0x00000120
[2018.10.25-06.24.18:051][686]LogWindows: Error: 
[2018.10.25-06.24.18:051][686]LogWindows: Error: [Callstack] 0x00007ffa24e6323b UE4Editor-SGAUnreal-6470.dll!UInputComponent::BindAxis<ACPlayer>() [e:\program files\epic games\ue_4.20\engine\source\runtime\engine\classes\components\inputcomponent.h:793]
[2018.10.25-06.24.18:051][686]LogWindows: Error: [Callstack] 0x00007ffa24e64ccd UE4Editor-SGAUnreal-6470.dll!ACPlayer::SetupPlayerInputComponent() [d:\l.programs\programming\unreal\sga_unreal\sgaunreal\source\sgaunreal\cplayer.cpp:52]
[2018.10.25-06.24.18:051][686]LogWindows: Error: [Callstack] 0x00007ffa24e62b48 UE4Editor-SGAUnreal-6470.dll!ACGameManager::BeginPlay() [d:\l.programs\programming\unreal\sga_unreal\sgaunreal\source\sgaunreal\cgamemanager.cpp:40]
[2018.10.25-06.24.18:051][686]LogWindows: Error: [Callstack] 0x00007ff9fed6a752 UE4Editor-Engine.dll!UnknownFunction []
[2018.10.25-06.24.18:051][686]LogWindows: Error: [Callstack] 0x00007ffa000c5119 UE4Editor-Engine.dll!UnknownFunction []
[2018.10.25-06.24.18:051][686]LogWindows: Error: [Callstack] 0x00007ff9ff483d51 UE4Editor-Engine.dll!UnknownFunction []
[2018.10.25-06.24.18:051][686]LogWindows: Error: [Callstack] 0x00007ffa000a93be UE4Editor-Engine.dll!UnknownFunction []
[2018.10.25-06.24.18:051][686]LogWindows: Error: [Callstack] 0x00007ff9ff4a1fed UE4Editor-Engine.dll!UnknownFunction []
[2018.10.25-06.24.18:051][686]LogWindows: Error: [Callstack] 0x00007ff9fdb9f989 UE4Editor-UnrealEd.dll!UnknownFunction []
[2018.10.25-06.24.18:051][686]LogWindows: Error: [Callstack] 0x00007ff9fdbc01ac UE4Editor-UnrealEd.dll!UnknownFunction []
[2018.10.25-06.24.18:051][686]LogWindows: Error: [Callstack] 0x00007ff9fdbde536 UE4Editor-UnrealEd.dll!UnknownFunction []
[2018.10.25-06.24.18:052][686]LogWindows: Error: [Callstack] 0x00007ff9fd5f6b41 UE4Editor-UnrealEd.dll!UnknownFunction []
[2018.10.25-06.24.18:052][686]LogWindows: Error: [Callstack] 0x00007ff9fdeef666 UE4Editor-UnrealEd.dll!UnknownFunction []
[2018.10.25-06.24.18:052][686]LogWindows: Error: [Callstack] 0x00007ff6c8695cbd UE4Editor.exe!UnknownFunction []
[2018.10.25-06.24.18:052][686]LogWindows: Error: [Callstack] 0x00007ff6c86a5b3c UE4Editor.exe!UnknownFunction []
[2018.10.25-06.24.18:052][686]LogWindows: Error: [Callstack] 0x00007ff6c86a5bba UE4Editor.exe!UnknownFunction []
[2018.10.25-06.24.18:052][686]LogWindows: Error: [Callstack] 0x00007ff6c86b3dac UE4Editor.exe!UnknownFunction []
[2018.10.25-06.24.18:052][686]LogWindows: Error: [Callstack] 0x00007ff6c86b5aaa UE4Editor.exe!UnknownFunction []
[2018.10.25-06.24.18:052][686]LogWindows: Error: [Callstack] 0x00007ffa54153034 KERNEL32.DLL!UnknownFunction []
[2018.10.25-06.24.18:052][686]LogWindows: Error: [Callstack] 0x00007ffa54b41461 ntdll.dll!UnknownFunction []
[2018.10.25-06.24.18:052][686]LogWindows: Error: 
[2018.10.25-06.24.18:069][686]LogExit: Executing StaticShutdownAfterError
[2018.10.25-06.24.18:079][686]LogWindows: FPlatformMisc::RequestExit(1)
[2018.10.25-06.24.18:082][686]Log file closed, 10/25/18 15:24:18
