Log file open, 10/25/18 00:02:54
LogWindows: Failed to load 'aqProf.dll' (GetLastError=126)
LogWindows: File 'aqProf.dll' does not exist
LogWindows: Failed to load 'VtuneApi.dll' (GetLastError=126)
LogWindows: File 'VtuneApi.dll' does not exist
LogWindows: Failed to load 'VtuneApi32e.dll' (GetLastError=126)
LogWindows: File 'VtuneApi32e.dll' does not exist
LogInit: Display: Running engine for game: SGAUnreal
LogPlatformFile: Not using cached read wrapper
LogTaskGraph: Started task graph with 5 named threads and 23 total threads with 3 sets of task threads.
LogStats: Stats thread started at 0.273180
LogD3D11RHI: Loaded GFSDK_Aftermath_Lib.x64.dll
LogICUInternationalization: Display: ICU TimeZone Detection - Raw Offset: +9:00, Platform Override: ''
LogPluginManager: Mounting plugin Paper2D
LogPluginManager: Mounting plugin AISupport
LogPluginManager: Mounting plugin LightPropagationVolume
LogPluginManager: Mounting plugin CLionSourceCodeAccess
LogPluginManager: Mounting plugin CodeLiteSourceCodeAccess
LogPluginManager: Mounting plugin GitSourceControl
LogPluginManager: Mounting plugin KDevelopSourceCodeAccess
LogPluginManager: Mounting plugin NullSourceCodeAccess
LogPluginManager: Mounting plugin PerforceSourceControl
LogPluginManager: Mounting plugin SubversionSourceControl
LogPluginManager: Mounting plugin UObjectPlugin
LogPluginManager: Mounting plugin VisualStudioCodeSourceCodeAccess
LogPluginManager: Mounting plugin VisualStudioSourceCodeAccess
LogPluginManager: Mounting plugin XCodeSourceCodeAccess
LogPluginManager: Mounting plugin AssetManagerEditor
LogPluginManager: Mounting plugin CryptoKeys
LogPluginManager: Mounting plugin DataValidation
LogPluginManager: Mounting plugin FacialAnimation
LogPluginManager: Mounting plugin GameplayTagsEditor
LogPluginManager: Mounting plugin MacGraphicsSwitching
LogPluginManager: Mounting plugin MeshEditor
LogPluginManager: Mounting plugin MobileLauncherProfileWizard
LogPluginManager: Mounting plugin PluginBrowser
LogPluginManager: Mounting plugin SpeedTreeImporter
LogPluginManager: Mounting plugin DatasmithContent
LogPluginManager: Mounting plugin AlembicImporter
LogPluginManager: Mounting plugin AppleImageUtils
LogPluginManager: Mounting plugin AppleVision
LogPluginManager: Mounting plugin BackChannel
LogPluginManager: Mounting plugin CharacterAI
LogPluginManager: Mounting plugin GeometryCache
LogPluginManager: Mounting plugin HTML5Networking
LogPluginManager: Mounting plugin ProxyLODPlugin
LogPluginManager: Mounting plugin MagicLeap
LogPluginManager: Mounting plugin MagicLeapEmulator
LogPluginManager: Mounting plugin MagicLeapMedia
LogPluginManager: Mounting plugin AndroidMedia
LogPluginManager: Mounting plugin AvfMedia
LogPluginManager: Mounting plugin ImgMedia
LogPluginManager: Mounting plugin LinearTimecode
LogPluginManager: Mounting plugin MediaCompositing
LogPluginManager: Mounting plugin MediaPlayerEditor
LogPluginManager: Mounting plugin WmfMedia
LogPluginManager: Mounting plugin TcpMessaging
LogPluginManager: Mounting plugin UdpMessaging
LogPluginManager: Mounting plugin ActorSequence
LogPluginManager: Mounting plugin LevelSequenceEditor
LogPluginManager: Mounting plugin MatineeToLevelSequence
LogPluginManager: Mounting plugin NetcodeUnitTest
LogPluginManager: Mounting plugin NUTUnrealEngine4
LogPluginManager: Mounting plugin OnlineSubsystemGooglePlay
LogPluginManager: Mounting plugin OnlineSubsystemIOS
LogPluginManager: Mounting plugin OnlineSubsystem
LogPluginManager: Mounting plugin OnlineSubsystemNull
LogPluginManager: Mounting plugin OnlineSubsystemUtils
LogPluginManager: Mounting plugin LauncherChunkInstaller
LogPluginManager: Mounting plugin AndroidDeviceProfileSelector
LogPluginManager: Mounting plugin AndroidMoviePlayer
LogPluginManager: Mounting plugin AndroidPermission
LogPluginManager: Mounting plugin AppleMoviePlayer
LogPluginManager: Mounting plugin ArchVisCharacter
LogPluginManager: Mounting plugin AudioCapture
LogPluginManager: Mounting plugin CableComponent
LogPluginManager: Mounting plugin CustomMeshComponent
LogPluginManager: Mounting plugin EditableMesh
LogPluginManager: Mounting plugin ExampleDeviceProfileSelector
LogPluginManager: Mounting plugin GoogleCloudMessaging
LogPluginManager: Mounting plugin ImmediatePhysics
LogPluginManager: Mounting plugin IOSDeviceProfileSelector
LogPluginManager: Mounting plugin LinuxDeviceProfileSelector
LogPluginManager: Mounting plugin LocationServicesBPLibrary
LogPluginManager: Mounting plugin MobilePatchingUtils
LogPluginManager: Mounting plugin OculusVR
LogPluginManager: Plugin shader directory ../../../Engine/Plugins/Runtime/Oculus/OculusVR/Shaders found
LogPluginManager: Mapping shader source directory ../../../Engine/Plugins/Runtime/Oculus/OculusVR/Shaders to virtual directory /Plugin/OculusVR
LogPluginManager: Mounting plugin PhysXVehicles
LogPluginManager: Mounting plugin ProceduralMeshComponent
LogPluginManager: Mounting plugin RuntimePhysXCooking
LogPluginManager: Mounting plugin SteamVR
LogPluginManager: Mounting plugin WindowsMoviePlayer
LogStreaming: Display: Took  0.061s to configure plugins.
LogInit: Warning: Incompatible or missing module: SGAUnreal
Running E:/Program Files/Epic Games/UE_4.20/Engine/Binaries/DotNET/UnrealBuildTool.exe Development Win64 -Project="D:/L.Programs/Programming/Unreal/SGA_unreal/SGAUnreal/SGAUnreal.uproject" -TargetType=Editor -Progress -NoHotReloadFromIDE
Performing full C++ include scan (building a new target)
Creating makefile for SGAUnrealEditor (no existing makefile)
Using Visual Studio 2017 14.15.26726 toolchain (C:\Program Files (x86)\Microsoft Visual Studio\2017\Community\VC\Tools\MSVC\14.15.26726) and Windows 10.0.16299.0 SDK (C:\Program Files (x86)\Windows Kits\10).
@progress push 5%
Parsing headers for SGAUnrealEditor
  Running UnrealHeaderTool "D:\L.Programs\Programming\Unreal\SGA_unreal\SGAUnreal\SGAUnreal.uproject" "D:\L.Programs\Programming\Unreal\SGA_unreal\SGAUnreal\Intermediate\Build\Win64\SGAUnrealEditor\Development\SGAUnrealEditor.uhtmanifest" -LogCmds="loginit warning, logexit warning, logdatabase error" -Unattended -WarningsAsErrors -installed
Reflection code generated for SGAUnrealEditor in 8.2609574 seconds
@progress pop
Building 13 actions with 8 processes...
  @progress 'Compiling C++ source code...' 0%
  @progress 'Compiling C++ source code...' 8%
  [1/13] PCLaunch.rc
  @progress 'Compiling C++ source code...' 15%
  [2/13] SharedPCH.Engine.cpp
  @progress 'Compiling C++ source code...' 23%
  [3/13] SGAUnreal.init.gen.cpp
  @progress 'Compiling C++ source code...' 31%
  [4/13] SGAUnreal.cpp
  @progress 'Compiling C++ source code...' 38%
  [5/13] CGameMode.cpp
  @progress 'Compiling C++ source code...' 46%
  [6/13] CAnimPlayer.gen.cpp
  @progress 'Compiling C++ source code...' 54%
  [7/13] CGameMode.gen.cpp
  @progress 'Compiling C++ source code...' 62%
  [8/13] CAnimPlayer.cpp
  @progress 'Compiling C++ source code...' 69%
  [9/13] CPlayer.gen.cpp
  @progress 'Compiling C++ source code...' 77%
  [10/13] CConsoleLog.cpp
  @progress 'Compiling C++ source code...' 85%
  [11/13] CPlayer.cpp
  @progress 'Compiling C++ source code...' 92%
  [12/13] UE4Editor-SGAUnreal.lib
     D:\L.Programs\Programming\Unreal\SGA_unreal\SGAUnreal\Intermediate\Build\Win64\UE4Editor\Development\SGAUnreal\UE4Editor-SGAUnreal.lib ???????? ?? D:\L.Programs\Programming\Unreal\SGA_unreal\SGAUnreal\Intermediate\Build\Win64\UE4Editor\Development\SGAUnreal\UE4Editor-SGAUnreal.exp ??u?? ??????? ??????.
  @progress 'Compiling C++ source code...' 100%
  [13/13] UE4Editor-SGAUnreal.dll
     D:\L.Programs\Programming\Unreal\SGA_unreal\SGAUnreal\Intermediate\Build\Win64\UE4Editor\Development\SGAUnreal\UE4Editor-SGAUnreal.suppressed.lib ???????? ?? D:\L.Programs\Programming\Unreal\SGA_unreal\SGAUnreal\Intermediate\Build\Win64\UE4Editor\Development\SGAUnreal\UE4Editor-SGAUnreal.suppressed.exp ??u?? ??????? ??????.
Total build time: 49.32 seconds (Parallel executor: 36.13 seconds)
LogInit: Using libcurl 7.55.1-DEV
LogInit:  - built for x86_64-pc-win32
LogInit:  - supports SSL with OpenSSL/1.0.2h
LogInit:  - supports HTTP deflate (compression) using libz 1.2.8
LogInit:  - other features:
LogInit:      CURL_VERSION_SSL
LogInit:      CURL_VERSION_LIBZ
LogInit:      CURL_VERSION_IPV6
LogInit:      CURL_VERSION_ASYNCHDNS
LogInit:      CURL_VERSION_LARGEFILE
LogInit:      CURL_VERSION_IDN
LogInit:  CurlRequestOptions (configurable via config and command line):
LogInit:  - bVerifyPeer = false  - Libcurl will NOT verify peer certificate
LogInit:  - bUseHttpProxy = false  - Libcurl will NOT use HTTP proxy
LogInit:  - bDontReuseConnections = false  - Libcurl will reuse connections
LogInit:  - CertBundlePath = nullptr  - Libcurl will use whatever was configured at build time.
LogInit:  - MaxHostConnections = 16  - Libcurl will limit the number of connections to a host
LogInit:  - LocalHostAddr = Default
LogInit:  - BufferSize = 65536
LogInit: WinSock: version 1.1 (2.2), MaxSocks=32767, MaxUdp=65467
LogInit: Build: ++UE4+Release-4.20-CL-4369336
LogInit: Engine Version: 4.20.3-4369336+++UE4+Release-4.20
LogInit: Compatible Engine Version: 4.20.0-4212847+++UE4+Release-4.20
LogInit: Net CL: 4212847
LogInit: OS: Windows 10 (), CPU: Intel(R) Core(TM) i7-6700 CPU @ 3.40GHz, GPU: NVIDIA GeForce GTX 1080 Ti
LogInit: Compiled (64-bit): Sep 17 2018 12:26:19
LogInit: Compiled with Visual C++: 19.13.26129.00
LogInit: Build Configuration: Development
LogInit: Branch Name: ++UE4+Release-4.20
LogInit: Command Line:  
LogInit: Base Directory: E:/Program Files/Epic Games/UE_4.20/Engine/Binaries/Win64/
LogInit: Installed Engine Build: 1
LogDevObjectVersion: Number of dev versions registered: 20
LogDevObjectVersion:   Dev-Blueprints (B0D832E4-1F89-4F0D-ACCF-7EB736FD4AA2): 10
LogDevObjectVersion:   Dev-Build (E1C64328-A22C-4D53-A36C-8E866417BD8C): 0
LogDevObjectVersion:   Dev-Core (375EC13C-06E4-48FB-B500-84F0262A717E): 2
LogDevObjectVersion:   Dev-Editor (E4B068ED-F494-42E9-A231-DA0B2E46BB41): 24
LogDevObjectVersion:   Dev-Framework (CFFC743F-43B0-4480-9391-14DF171D2073): 34
LogDevObjectVersion:   Dev-Mobile (B02B49B5-BB20-44E9-A304-32B752E40360): 2
LogDevObjectVersion:   Dev-Networking (A4E4105C-59A1-49B5-A7C5-40C4547EDFEE): 0
LogDevObjectVersion:   Dev-Online (39C831C9-5AE6-47DC-9A44-9C173E1C8E7C): 0
LogDevObjectVersion:   Dev-Physics (78F01B33-EBEA-4F98-B9B4-84EACCB95AA2): 0
LogDevObjectVersion:   Dev-Platform (6631380F-2D4D-43E0-8009-CF276956A95A): 0
LogDevObjectVersion:   Dev-Rendering (12F88B9F-8875-4AFC-A67C-D90C383ABD29): 26
LogDevObjectVersion:   Dev-Sequencer (7B5AE74C-D270-4C10-A958-57980B212A5A): 9
LogDevObjectVersion:   Dev-VR (D7296918-1DD6-4BDD-9DE2-64A83CC13884): 2
LogDevObjectVersion:   Dev-LoadTimes (C2A15278-BFE7-4AFE-6C17-90FF531DF755): 1
LogDevObjectVersion:   Private-Geometry (6EACA3D4-40EC-4CC1-B786-8BED09428FC5): 3
LogDevObjectVersion:   Dev-AnimPhys (29E575DD-E0A3-4627-9D10-D276232CDCEA): 17
LogDevObjectVersion:   Dev-ReflectionCapture (6B266CEC-1EC7-4B8F-A30B-E4D90942FC07): 1
LogDevObjectVersion:   Dev-Automation (0DF73D61-A23F-47EA-B727-89E90C41499A): 1
LogDevObjectVersion:   FortniteMain (601D1886-AC64-4F84-AA16-D3DE0DEAC7D6): 12
LogDevObjectVersion:   Dev-Enterprise (9DFFBCD6-494F-0158-E221-12823C92A888): 1
LogStreaming: Display: Took  0.000s to delete old logs.
LogInit: Presizing for max 8388607 objects, including 0 objects not considered by GC, pre-allocating 0 bytes for permanent pool.
LogInit: Object subsystem initialized
[2018.10.24-15.03.45:645][  0]LogInit: Selected Device Profile: [Windows]
[2018.10.24-15.03.45:645][  0]LogInit: Applying CVar settings loaded from the selected device profile: [Windows]
[2018.10.24-15.03.45:654][  0]LogHAL: Display: Platform has ~ 16 GB [17062834176 / 17179869184 / 16], which maps to Larger [LargestMinGB=32, LargerMinGB=12, DefaultMinGB=8, SmallerMinGB=6, SmallestMinGB=0)
[2018.10.24-15.03.45:655][  0]LogInit: Setting Device Profile CVar: [[r.Vulkan.UseRealUBs:1]]
[2018.10.24-15.03.45:655][  0]LogInit: Going up to parent DeviceProfile []
[2018.10.24-15.03.45:655][  0]LogInit: Computer: DESKTOP-9NE7PLN
[2018.10.24-15.03.45:655][  0]LogInit: User: ine07
[2018.10.24-15.03.45:655][  0]LogInit: CPU Page size=4096, Cores=4
[2018.10.24-15.03.45:655][  0]LogInit: High frequency timer resolution =3.328125 MHz
[2018.10.24-15.03.45:655][  0]LogMemory: Memory total: Physical=15.9GB (16GB approx)
[2018.10.24-15.03.45:655][  0]LogMemory: Platform Memory Stats for Windows
[2018.10.24-15.03.45:655][  0]LogMemory: Process Physical Memory: 106.55 MB used, 106.55 MB peak
[2018.10.24-15.03.45:655][  0]LogMemory: Process Virtual Memory: 90.36 MB used, 90.36 MB peak
[2018.10.24-15.03.45:655][  0]LogMemory: Physical Memory: 5253.89 MB used,  11018.50 MB free, 16272.39 MB total
[2018.10.24-15.03.45:655][  0]LogMemory: Virtual Memory: 4687.11 MB used,  11018.50 MB free, 134217728.00 MB total
[2018.10.24-15.03.45:667][  0]LogInit: Using OS detected language (ko-KR).
[2018.10.24-15.03.45:667][  0]LogInit: Using OS detected locale (ko-KR).
[2018.10.24-15.03.45:667][  0]LogTextLocalizationManager: No specific localization for 'ko-KR' exists, so the 'ko' localization will be used.
[2018.10.24-15.03.46:007][  0]LogStreaming: Display: Took  0.341s to InitEngineTextLocalization.
[2018.10.24-15.03.46:007][  0]LogInit: Setting process to per monitor DPI aware
[2018.10.24-15.03.46:040][  0]LogSlate: New Slate User Created.  User Index 0, Is Virtual User: 0
[2018.10.24-15.03.46:040][  0]LogSlate: Slate User Registered.  User Index 0, Is Virtual User: 0
[2018.10.24-15.03.46:215][  0]LogHMD: Failed to initialize OpenVR with code 110
[2018.10.24-15.03.46:215][  0]LogD3D11RHI: D3D11 adapters:
[2018.10.24-15.03.46:274][  0]LogD3D11RHI:    0. 'NVIDIA GeForce GTX 1080 Ti' (Feature Level 11_0)
[2018.10.24-15.03.46:274][  0]LogD3D11RHI:       11127/0/8136 MB DedicatedVideo/DedicatedSystem/SharedSystem, Outputs:1, VendorId:0x10de
[2018.10.24-15.03.46:284][  0]LogD3D11RHI:    1. 'Intel(R) HD Graphics 530' (Feature Level 11_0)
[2018.10.24-15.03.46:284][  0]LogD3D11RHI:       128/0/8136 MB DedicatedVideo/DedicatedSystem/SharedSystem, Outputs:0, VendorId:0x8086
[2018.10.24-15.03.46:286][  0]LogD3D11RHI:    2. 'Microsoft Basic Render Driver' (Feature Level 11_0)
[2018.10.24-15.03.46:286][  0]LogD3D11RHI:       0/0/8136 MB DedicatedVideo/DedicatedSystem/SharedSystem, Outputs:0, VendorId:0x1414
[2018.10.24-15.03.46:286][  0]LogD3D11RHI: Chosen D3D11 Adapter: 0
[2018.10.24-15.03.46:293][  0]LogD3D11RHI: Creating new Direct3DDevice
[2018.10.24-15.03.46:293][  0]LogD3D11RHI:     GPU DeviceId: 0x1b06 (for the marketing name, search the web for "GPU Device Id")
[2018.10.24-15.03.46:293][  0]LogWindows: EnumDisplayDevices:
[2018.10.24-15.03.46:293][  0]LogWindows:    0. 'NVIDIA GeForce GTX 1080 Ti' (P:1 D:1)
[2018.10.24-15.03.46:293][  0]LogWindows:    1. 'NVIDIA GeForce GTX 1080 Ti' (P:0 D:0)
[2018.10.24-15.03.46:294][  0]LogWindows:    2. 'NVIDIA GeForce GTX 1080 Ti' (P:0 D:0)
[2018.10.24-15.03.46:294][  0]LogWindows:    3. 'NVIDIA GeForce GTX 1080 Ti' (P:0 D:0)
[2018.10.24-15.03.46:294][  0]LogWindows:    4. 'Intel(R) HD Graphics 530' (P:0 D:0)
[2018.10.24-15.03.46:294][  0]LogWindows:    5. 'Intel(R) HD Graphics 530' (P:0 D:0)
[2018.10.24-15.03.46:294][  0]LogWindows:    6. 'Intel(R) HD Graphics 530' (P:0 D:0)
[2018.10.24-15.03.46:295][  0]LogWindows: DebugString: PrimaryIsNotTheChoosenAdapter PrimaryIsNotTheChoosenAdapter PrimaryIsNotTheChoosenAdapter FoundDriverCount:4 
[2018.10.24-15.03.46:295][  0]LogD3D11RHI:     Adapter Name: NVIDIA GeForce GTX 1080 Ti
[2018.10.24-15.03.46:295][  0]LogD3D11RHI:   Driver Version: 391.35 (internal:23.21.13.9135, unified:391.35)
[2018.10.24-15.03.46:295][  0]LogD3D11RHI:      Driver Date: 3-23-2018
[2018.10.24-15.03.46:295][  0]LogRHI: Texture pool is 7788 MB (70% of 11127 MB)
[2018.10.24-15.03.46:330][  0]LogD3D11RHI: Async texture creation enabled
[2018.10.24-15.03.46:347][  0]LogD3D11RHI: GPU Timing Frequency: 1000.000000 (Debug: 2 2)
[2018.10.24-15.03.46:393][  0]LogShaderCompilers: Guid format shader working directory is -8 characters bigger than the processId version (D:/L.Programs/Programming/Unreal/SGA_unreal/SGAUnreal/Intermediate/Shaders/WorkingDirectory/13268/).
[2018.10.24-15.03.46:394][  0]LogShaderCompilers: Cleaned the shader compiler working directory 'C:/Users/ine07/AppData/Local/Temp/UnrealShaderWorkingDir/A45665A94EF3D984B347DA8532D65A4F/'.
[2018.10.24-15.03.46:644][  0]LogTemp: Display: Loaded TP AllDesktopTargetPlatform
[2018.10.24-15.03.46:655][  0]LogTemp: Display: Loaded TP MacClientTargetPlatform
[2018.10.24-15.03.46:667][  0]LogTemp: Display: Loaded TP MacNoEditorTargetPlatform
[2018.10.24-15.03.46:678][  0]LogTemp: Display: Loaded TP MacServerTargetPlatform
[2018.10.24-15.03.46:690][  0]LogTemp: Display: Loaded TP MacTargetPlatform
[2018.10.24-15.03.46:703][  0]LogTemp: Display: Loaded TP WindowsClientTargetPlatform
[2018.10.24-15.03.46:714][  0]LogTemp: Display: Loaded TP WindowsNoEditorTargetPlatform
[2018.10.24-15.03.46:726][  0]LogTemp: Display: Loaded TP WindowsServerTargetPlatform
[2018.10.24-15.03.46:731][  0]LogTemp: Display: Loaded TP WindowsTargetPlatform
[2018.10.24-15.03.46:804][  0]LogTemp: Display: Loaded TP AndroidTargetPlatform
[2018.10.24-15.03.46:804][  0]LogTemp: Display: Loaded TP AndroidTargetPlatform
[2018.10.24-15.03.46:804][  0]LogTemp: Display: Loaded TP AndroidTargetPlatform
[2018.10.24-15.03.46:804][  0]LogTemp: Display: Loaded TP AndroidTargetPlatform
[2018.10.24-15.03.46:804][  0]LogTemp: Display: Loaded TP AndroidTargetPlatform
[2018.10.24-15.03.46:804][  0]LogTemp: Display: Loaded TP AndroidTargetPlatform
[2018.10.24-15.03.46:804][  0]LogTemp: Display: Loaded TP AndroidTargetPlatform
[2018.10.24-15.03.46:804][  0]LogTemp: Display: Loaded TP AndroidTargetPlatform
[2018.10.24-15.03.46:804][  0]LogTemp: Display: Loaded TP AndroidTargetPlatform
[2018.10.24-15.03.46:804][  0]LogTemp: Display: Loaded TP AndroidTargetPlatform
[2018.10.24-15.03.46:804][  0]LogTemp: Display: Loaded TP AndroidTargetPlatform
[2018.10.24-15.03.46:804][  0]LogTemp: Display: Loaded TP AndroidTargetPlatform
[2018.10.24-15.03.46:804][  0]LogTemp: Display: Loaded TP AndroidTargetPlatform
[2018.10.24-15.03.46:804][  0]LogTemp: Display: Loaded TP AndroidTargetPlatform
[2018.10.24-15.03.46:804][  0]LogTemp: Display: Loaded TP AndroidTargetPlatform
[2018.10.24-15.03.46:804][  0]LogTemp: Display: Loaded TP AndroidTargetPlatform
[2018.10.24-15.03.46:804][  0]LogTemp: Display: Loaded TP AndroidTargetPlatform
[2018.10.24-15.03.46:804][  0]LogTemp: Display: Loaded TP AndroidTargetPlatform
[2018.10.24-15.03.46:805][  0]LogTemp: Display: Loaded TP HTML5TargetPlatform
[2018.10.24-15.03.46:863][  0]LogTemp: Display: Loaded TP IOSTargetPlatform
[2018.10.24-15.03.46:863][  0]LogTemp: Display: Loaded TP IOSTargetPlatform
[2018.10.24-15.03.46:888][  0]LogTemp: Display: Loaded TP TVOSTargetPlatform
[2018.10.24-15.03.46:888][  0]LogTemp: Display: Loaded TP TVOSTargetPlatform
[2018.10.24-15.03.46:900][  0]LogTemp: Display: Loaded TP LinuxClientTargetPlatform
[2018.10.24-15.03.46:913][  0]LogTemp: Display: Loaded TP LinuxNoEditorTargetPlatform
[2018.10.24-15.03.46:923][  0]LogTemp: Display: Loaded TP LinuxServerTargetPlatform
[2018.10.24-15.03.46:936][  0]LogTemp: Display: Loaded TP LinuxTargetPlatform
[2018.10.24-15.03.46:944][  0]LogTemp: Display: Loaded TP LuminTargetPlatform
[2018.10.24-15.03.46:944][  0]LogTargetPlatformManager: Display: Building Assets For Windows
[2018.10.24-15.03.46:990][  0]LogXGEController: Cleaning working directory: C:/Users/ine07/AppData/Local/Temp/UnrealXGEWorkingDir/
[2018.10.24-15.03.46:990][  0]LogXGEController: Cannot use XGE Controller as Incredibuild is not installed on this machine.
[2018.10.24-15.03.46:990][  0]LogShaderCompilers: Cannot use XGE Shader Compiler as Incredibuild is not installed on this machine.
[2018.10.24-15.03.46:990][  0]LogShaderCompilers: Display: Using Local Shader Compiler.
[2018.10.24-15.03.47:652][  0]LogDerivedDataCache: Display: Max Cache Size: 512 MB
[2018.10.24-15.03.47:704][  0]LogDerivedDataCache: Loaded boot cache 0.05s 71MB C:/Users/ine07/AppData/Local/UnrealEngine/4.20/DerivedDataCache/Boot.ddc.
[2018.10.24-15.03.47:704][  0]LogDerivedDataCache: Display: Loaded Boot cache: C:/Users/ine07/AppData/Local/UnrealEngine/4.20/DerivedDataCache/Boot.ddc
[2018.10.24-15.03.47:704][  0]LogDerivedDataCache: FDerivedDataBackendGraph:  Pak pak cache file D:/L.Programs/Programming/Unreal/SGA_unreal/SGAUnreal/DerivedDataCache/DDC.ddp not found, will not use a pak cache.
[2018.10.24-15.03.47:704][  0]LogDerivedDataCache: Unable to find inner node Pak for hierarchical cache Hierarchy.
[2018.10.24-15.03.47:704][  0]LogDerivedDataCache: FDerivedDataBackendGraph:  CompressedPak pak cache file D:/L.Programs/Programming/Unreal/SGA_unreal/SGAUnreal/DerivedDataCache/Compressed.ddp not found, will not use a pak cache.
[2018.10.24-15.03.47:704][  0]LogDerivedDataCache: Unable to find inner node CompressedPak for hierarchical cache Hierarchy.
[2018.10.24-15.03.47:717][  0]LogDerivedDataCache: Display: Pak cache opened for reading ../../../Engine/DerivedDataCache/Compressed.ddp.
[2018.10.24-15.03.47:729][  0]LogDerivedDataCache: Using Local data cache path C:/Users/ine07/AppData/Local/UnrealEngine/Common/DerivedDataCache: Writable
[2018.10.24-15.03.47:729][  0]LogDerivedDataCache: Shared data cache path not found in *engine.ini, will not use an Shared cache.
[2018.10.24-15.03.47:729][  0]LogDerivedDataCache: Unable to find inner node Shared for hierarchical cache Hierarchy.
[2018.10.24-15.03.47:747][  0]LogMaterial: Verifying Global Shaders for PCD3D_SM5
[2018.10.24-15.03.47:748][  0]LogSlate: Using FreeType 2.6.0
[2018.10.24-15.03.47:748][  0]LogSlate: SlateFontServices - WITH_FREETYPE: 1, WITH_HARFBUZZ: 1
[2018.10.24-15.03.47:817][  0]LogAssetRegistry: FAssetRegistry took 0.0258 seconds to start up
[2018.10.24-15.03.48:115][  0]LogInit: Selected Device Profile: [Windows]
[2018.10.24-15.03.48:234][  0]LogSimplygon: Simplygon DLL not present - disabling.
[2018.10.24-15.03.48:238][  0]LogMeshReduction: Using SimplygonSwarm for distributed automatic mesh merging
[2018.10.24-15.03.48:238][  0]LogMeshReduction: Using ProxyLODMeshReduction for automatic mesh merging
[2018.10.24-15.03.48:238][  0]LogMeshReduction: Using QuadricMeshReduction for automatic static mesh reduction
[2018.10.24-15.03.48:238][  0]LogMeshReduction: No automatic skeletal mesh reduction module available
[2018.10.24-15.03.48:262][  0]LogNetVersion: SGAUnreal 1.0.0, NetCL: 4212847, EngineNetVer: 5, GameNetVer: 0 (Checksum: 2779230690)
[2018.10.24-15.03.48:770][  0]LogPackageLocalizationCache: Processed 11 localized package path(s) for 2 prioritized culture(s) in 0.105811 seconds
[2018.10.24-15.03.48:778][  0]LogUObjectArray: 38425 objects as part of root set at end of initial load.
[2018.10.24-15.03.48:778][  0]LogUObjectAllocator: 6690872 out of 0 bytes used by permanent object pool.
[2018.10.24-15.03.48:778][  0]LogUObjectArray: CloseDisregardForGC: 0/0 objects in disregard for GC pool
[2018.10.24-15.03.49:569][  0]LogTcpMessaging: Initializing TcpMessaging bridge
[2018.10.24-15.03.49:594][  0]LogUdpMessaging: Initializing bridge on interface 0.0.0.0:0 to multicast group 230.0.0.1:6666.
[2018.10.24-15.03.49:762][  0]SourceControl: 소스 컨트롤이 꺼졌습니다.
[2018.10.24-15.03.49:762][  0]SourceControl: 소스 컨트롤이 꺼졌습니다.
[2018.10.24-15.03.49:764][  0]SourceControl: 소스 컨트롤이 꺼졌습니다.
[2018.10.24-15.03.49:764][  0]SourceControl: 소스 컨트롤이 꺼졌습니다.
[2018.10.24-15.03.49:912][  0]LogAndroidPermission: UAndroidPermissionCallbackProxy::GetInstance
[2018.10.24-15.03.50:107][  0]LogOcInput: OculusInput pre-init called
[2018.10.24-15.03.50:161][  0]LogEngine: Initializing Engine...
[2018.10.24-15.03.50:162][  0]LogHMD: Failed to initialize OpenVR with code 110
[2018.10.24-15.03.50:163][  0]LogStats: UGameplayTagsManager::ConstructGameplayTagTree: ImportINI prefixes -  0.000 s
[2018.10.24-15.03.50:163][  0]LogStats: UGameplayTagsManager::ConstructGameplayTagTree: Construct from data asset -  0.000 s
[2018.10.24-15.03.50:163][  0]LogStats: UGameplayTagsManager::ConstructGameplayTagTree: ImportINI -  0.000 s
[2018.10.24-15.03.50:163][  0]LogStats: UGameplayTagsManager::ConstructGameplayTagTree: GameplayTagTreeChangedEvent.Broadcast -  0.000 s
[2018.10.24-15.03.50:368][  0]LogInit: Initializing FReadOnlyCVARCache
[2018.10.24-15.03.50:379][  0]LogAIModule: Creating AISystem for world Untitled
[2018.10.24-15.03.50:416][  0]LogInit: XAudio2 using '헤드셋 이어폰(HyperX Virtual Surround Sound)' : 2 channels at 44.1 kHz using 16 bits per sample (channel mask 0x3)
[2018.10.24-15.03.50:430][  0]LogInit: FAudioDevice initialized.
[2018.10.24-15.03.50:430][  0]LogNetVersion: Set ProjectVersion to 1.0.0.0. Version Checksum will be recalculated on next use.
[2018.10.24-15.03.50:504][  0]LogDerivedDataCache: Saved boot cache 0.07s 71MB C:/Users/ine07/AppData/Local/UnrealEngine/4.20/DerivedDataCache/Boot.ddc.
[2018.10.24-15.03.50:507][  0]LogInit: Texture streaming: Enabled
[2018.10.24-15.03.50:520][  0]LogEngineSessionManager: EngineSessionManager initialized
[2018.10.24-15.03.50:546][  0]LogEngineSessionManager: EngineSessionManager sent abnormal shutdown report. Type=AbnormalShutdown, SessionId={C9066084-4061-2AB6-420C-508779321879}
[2018.10.24-15.03.50:555][  0]LogInit: Transaction tracking system initialized
[2018.10.24-15.03.50:569][  0]BlueprintLog: New page: 에디터 로드
[2018.10.24-15.03.50:624][  0]LocalizationService: 현지화 서비스가 비활성화되었습니다.
[2018.10.24-15.03.50:883][  0]LogCook: Display: Max memory allowance for cook 16384mb min free memory 0mb
[2018.10.24-15.03.50:883][  0]LogCook: Display: Mobile HDR setting 1
[2018.10.24-15.03.50:883][  0]LogGameplayTags: Display: UGameplayTagsManager::DoneAddingNativeTags. DelegateIsBound: 0
[2018.10.24-15.03.50:883][  0]LogStats: UGameplayTagsManager::ConstructGameplayTagTree: ImportINI prefixes -  0.000 s
[2018.10.24-15.03.50:883][  0]LogStats: UGameplayTagsManager::ConstructGameplayTagTree: Construct from data asset -  0.000 s
[2018.10.24-15.03.50:883][  0]LogStats: UGameplayTagsManager::ConstructGameplayTagTree: ImportINI -  0.000 s
[2018.10.24-15.03.50:883][  0]LogStats: UGameplayTagsManager::ConstructGameplayTagTree: GameplayTagTreeChangedEvent.Broadcast -  0.000 s
[2018.10.24-15.03.50:978][  0]LogFileCache: Scanning file cache for directory 'D:/L.Programs/Programming/Unreal/SGA_unreal/SGAUnreal/Content/' took 0.01s
[2018.10.24-15.03.50:978][  0]SourceControl: 소스 컨트롤이 꺼졌습니다.
[2018.10.24-15.03.50:978][  0]Cmd: MAP LOAD FILE="../../../Engine/Content/Maps/Templates/Template_Default.umap" TEMPLATE=1 SHOWPROGRESS=1 FEATURELEVEL=3
[2018.10.24-15.03.50:978][  0]LightingResults: New page: 라이팅 빌드
[2018.10.24-15.03.50:980][  0]MapCheck: New page: 맵 체크
[2018.10.24-15.03.50:980][  0]LightingResults: New page: 라이팅 빌드
[2018.10.24-15.03.51:168][  0]LogAIModule: Creating AISystem for world Untitled_1
[2018.10.24-15.03.51:174][  0]LogEditorServer: Finished looking for orphan Actors (0.000 secs)
[2018.10.24-15.03.51:196][  0]Cmd: MAP CHECKDEP NOCLEARLOG
[2018.10.24-15.03.51:239][  0]MapCheck: 맵 체크 완료: 오류 0 회, 경고 0 회, 소요 시간 43.26ms.
[2018.10.24-15.03.51:239][  0]LogFileHelpers: Loading map 'Template_Default' took 0.261
[2018.10.24-15.03.51:329][  0]LogSlate: Updating window title bar state: overlay mode, drag disabled, window buttons hidden, title bar hidden
[2018.10.24-15.03.51:337][  0]LogSlate: Updating window title bar state: overlay mode, drag disabled, window buttons hidden, title bar hidden
[2018.10.24-15.03.51:344][  0]LogSlate: Updating window title bar state: overlay mode, drag disabled, window buttons hidden, title bar hidden
[2018.10.24-15.03.51:349][  0]LogSlate: Updating window title bar state: overlay mode, drag disabled, window buttons hidden, title bar hidden
[2018.10.24-15.03.51:353][  0]LogCollectionManager: Loaded 0 collections in 0.000733 seconds
[2018.10.24-15.03.51:393][  0]LogFileCache: Scanning file cache for directory 'D:/L.Programs/Programming/Unreal/SGA_unreal/SGAUnreal/Saved/Collections/' took 0.01s
[2018.10.24-15.03.51:393][  0]LogFileCache: Scanning file cache for directory 'D:/L.Programs/Programming/Unreal/SGA_unreal/SGAUnreal/Content/Developers/ine07/Collections/' took 0.01s
[2018.10.24-15.03.51:393][  0]LogFileCache: Scanning file cache for directory 'D:/L.Programs/Programming/Unreal/SGA_unreal/SGAUnreal/Content/Collections/' took 0.01s
[2018.10.24-15.03.51:393][  0]LogCollectionManager: Rebuilt the GUID cache for 0 collections in 0.000000 seconds
[2018.10.24-15.03.51:401][  0]LogContentBrowser: Native class hierarchy populated in 0.0076 seconds. Added 2575 classes and 605 folders.
[2018.10.24-15.03.51:406][  0]LogContentBrowser: Native class hierarchy updated for 'WidgetCarousel' in 0.0002 seconds. Added 0 classes and 0 folders.
[2018.10.24-15.03.51:443][  0]LogContentBrowser: Native class hierarchy updated for 'AddContentDialog' in 0.0003 seconds. Added 0 classes and 0 folders.
[2018.10.24-15.03.51:452][  0]LogContentBrowser: Native class hierarchy updated for 'SceneOutliner' in 0.0003 seconds. Added 1 classes and 2 folders.
[2018.10.24-15.03.51:506][  0]LogSlate: Took 0.000215 seconds to synchronously load lazily loaded font '../../../Engine/Content/Slate/Fonts/Roboto-Regular.ttf' (155K)
[2018.10.24-15.03.51:509][  0]LogSlate: Took 0.002562 seconds to synchronously load lazily loaded font '../../../Engine/Content/Editor/Slate/Fonts/NanumGothic.ttf' (4243K)
[2018.10.24-15.03.51:513][  0]LogSlate: Took 0.002762 seconds to synchronously load lazily loaded font '../../../Engine/Content/Editor/Slate/Fonts/NanumGothicBold.ttf' (4188K)
[2018.10.24-15.03.51:513][  0]LogSlate: Took 0.000130 seconds to synchronously load lazily loaded font '../../../Engine/Content/Slate/Fonts/Roboto-Bold.ttf' (160K)
[2018.10.24-15.03.51:517][  0]LogSlate: Took 0.000261 seconds to synchronously load lazily loaded font '../../../Engine/Content/Editor/Slate/Fonts/FontAwesome.ttf' (139K)
[2018.10.24-15.03.51:604][  0]LogRenderer: Reallocating scene render targets to support 1208x576 Format 10 NumSamples 1 (Frame:1).
[2018.10.24-15.03.51:701][  0]LogContentBrowser: Native class hierarchy updated for 'HierarchicalLODOutliner' in 0.0003 seconds. Added 0 classes and 0 folders.
[2018.10.24-15.03.51:701][  0]LogLoad: (Engine Initialization) Total time: 58.27 seconds
[2018.10.24-15.03.51:701][  0]LogLoad: (Engine Initialization) Total Blueprint compile time: 0.00 seconds
[2018.10.24-15.03.51:717][  0]LogWindowsTextInputMethodSystem: Display: IME system now activated using TSF (Microsoft 입력기).
[2018.10.24-15.03.51:738][  0]LogContentStreaming: Texture pool size now 1000 MB
[2018.10.24-15.03.51:749][  0]LogSlate: Took 0.000156 seconds to synchronously load lazily loaded font '../../../Engine/Content/Slate/Fonts/Roboto-Light.ttf' (167K)
[2018.10.24-15.04.07:688][639]LogAssetRegistry: Asset discovery search completed in 19.8936 seconds
[2018.10.24-15.04.07:691][639]LogCollectionManager: Rebuilt the object cache for 0 collections in 0.000000 seconds (found 0 objects)
[2018.10.24-15.04.07:691][639]LogCollectionManager: Fixed up redirectors for 0 collections in 0.000081 seconds (updated 0 objects)
[2018.10.24-15.04.20:185][190]LogSlate: FSceneViewport::OnFocusLost() reason 0
[2018.10.24-15.04.21:346][328]LogSlate: Took 0.000150 seconds to synchronously load lazily loaded font '../../../Engine/Content/Slate/Fonts/Roboto-Light.ttf' (167K)
[2018.10.24-15.04.21:374][328]LogAIModule: Creating AISystem for world Level1
[2018.10.24-15.04.21:381][328]LogAssetEditorManager: Opening Asset editor for World /Game/Levels/Level1.Level1
[2018.10.24-15.04.21:401][328]Cmd: MAP LOAD FILE="D:/L.Programs/Programming/Unreal/SGA_unreal/SGAUnreal/Content/Levels/Level1.umap" TEMPLATE=0 SHOWPROGRESS=1 FEATURELEVEL=3
[2018.10.24-15.04.21:401][328]LightingResults: New page: 라이팅 빌드
[2018.10.24-15.04.21:402][328]LoadErrors: New page: 맵 로드중: Level1.umap
[2018.10.24-15.04.21:402][328]MapCheck: New page: 맵 체크
[2018.10.24-15.04.21:402][328]LightingResults: New page: 라이팅 빌드
[2018.10.24-15.04.21:471][328]LogEditorServer: Finished looking for orphan Actors (0.000 secs)
[2018.10.24-15.04.21:503][328]Cmd: MAP CHECKDEP NOCLEARLOG
[2018.10.24-15.04.21:546][328]MapCheck: 맵 체크 완료: 오류 0 회, 경고 0 회, 소요 시간 43.945ms.
[2018.10.24-15.04.21:546][328]LogFileHelpers: Loading map 'Level1' took 0.147
[2018.10.24-15.04.51:197][214]LogTemp: Repeating last play command: 선택된 뷰포트
[2018.10.24-15.04.51:203][214]LogPlayLevel: PlayLevel: No blueprints needed recompiling
[2018.10.24-15.04.51:216][214]PIE: New page: PIE 세션: Level1 (2018. 10. 25. 오전 9:04:51)
[2018.10.24-15.04.51:216][214]LogPlayLevel: Creating play world package: /Game/Levels/UEDPIE_0_Level1
[2018.10.24-15.04.51:219][214]LogPlayLevel: PIE: StaticDuplicateObject took: (0.002574s)
[2018.10.24-15.04.51:219][214]LogAIModule: Creating AISystem for world Level1
[2018.10.24-15.04.51:219][214]LogPlayLevel: PIE: World Init took: (0.000631s)
[2018.10.24-15.04.51:219][214]LogPlayLevel: PIE: Created PIE world by copying editor world from /Game/Levels/Level1.Level1 to /Game/Levels/UEDPIE_0_Level1.Level1 (0.003357s)
[2018.10.24-15.04.51:255][214]LogInit: XAudio2 using '헤드셋 이어폰(HyperX Virtual Surround Sound)' : 2 channels at 44.1 kHz using 16 bits per sample (channel mask 0x3)
[2018.10.24-15.04.51:265][214]LogInit: FAudioDevice initialized.
[2018.10.24-15.04.51:334][214]LogLoad: Game class is 'BpGameMode_C'
[2018.10.24-15.04.51:336][214]LogWorld: Bringing World /Game/Levels/UEDPIE_0_Level1.Level1 up for play (max tick rate 0) at 2018.10.25-00.04.51
[2018.10.24-15.04.51:336][214]LogWorld: Bringing up level for play took: 0.000737
[2018.10.24-15.04.51:351][214]LogContentBrowser: Native class hierarchy updated for 'MovieSceneCapture' in 0.0003 seconds. Added 10 classes and 0 folders.
[2018.10.24-15.04.51:353][214]PIE: /Game/Levels/UEDPIE_0_Level1 에 대한 에디터에서 플레이 시작 시간: -0.725
[2018.10.24-15.05.05:233][849]LogSlate: Updating window title bar state: overlay mode, drag disabled, window buttons hidden, title bar hidden
[2018.10.24-15.05.05:266][849]LogPlayLevel: Display: Shutting down PIE online subsystems
[2018.10.24-15.05.05:286][849]LogSlate: Updating window title bar state: overlay mode, drag disabled, window buttons hidden, title bar hidden
[2018.10.24-15.05.05:336][854]LogPlayLevel: Display: Destroying online subsystem :Context_2
[2018.10.24-15.05.07:381][ 99]LogSlate: FSceneViewport::OnFocusLost() reason 0
[2018.10.24-15.05.57:337][450]LogSlate: Window 'SGAUnreal - 언리얼 에디터' being destroyed
[2018.10.24-15.05.57:340][450]LogWindowsTextInputMethodSystem: Display: IME system now activated using TSF (Microsoft 입력기).
[2018.10.24-15.05.57:510][451]Cmd: QUIT_EDITOR
[2018.10.24-15.05.57:621][451]LogExit: Preparing to exit.
[2018.10.24-15.05.58:680][451]LogExit: Editor shut down
[2018.10.24-15.05.58:680][451]LogExit: Transaction tracking system shut down
[2018.10.24-15.05.59:316][451]LogExit: Object subsystem successfully closed.
[2018.10.24-15.05.59:337][451]LogShaderCompilers: Display: Shaders left to compile 0
[2018.10.24-15.05.59:339][451]LogD3D11RHI: Shutdown
[2018.10.24-15.05.59:339][451]LogD3D11RHI: CleanupD3DDevice
[2018.10.24-15.05.59:340][451]LogD3D11RHI: ~FD3D11DynamicRHI
[2018.10.24-15.05.59:352][451]LogModuleManager: Shutting down and abandoning module MovieSceneCapture (618)
[2018.10.24-15.05.59:352][451]LogModuleManager: Shutting down and abandoning module Voice (616)
[2018.10.24-15.05.59:352][451]LogModuleManager: Shutting down and abandoning module HierarchicalLODOutliner (614)
[2018.10.24-15.05.59:352][451]LogModuleManager: Shutting down and abandoning module SceneOutliner (612)
[2018.10.24-15.05.59:352][451]LogModuleManager: Shutting down and abandoning module AddContentDialog (610)
[2018.10.24-15.05.59:353][451]LogModuleManager: Shutting down and abandoning module WidgetCarousel (609)
[2018.10.24-15.05.59:353][451]LogModuleManager: Shutting down and abandoning module EditorWidgets (606)
[2018.10.24-15.05.59:353][451]LogModuleManager: Shutting down and abandoning module CollectionManager (604)
[2018.10.24-15.05.59:353][451]LogModuleManager: Shutting down and abandoning module HierarchicalLODUtilities (602)
[2018.10.24-15.05.59:353][451]LogModuleManager: Shutting down and abandoning module StatsViewer (600)
[2018.10.24-15.05.59:353][451]LogModuleManager: Shutting down and abandoning module FoliageEdit (598)
[2018.10.24-15.05.59:353][451]LogModuleManager: Shutting down and abandoning module LandscapeEditor (596)
[2018.10.24-15.05.59:353][451]LogModuleManager: Shutting down and abandoning module MeshPaintMode (594)
[2018.10.24-15.05.59:353][451]LogModuleManager: Shutting down and abandoning module SceneDepthPickerMode (592)
[2018.10.24-15.05.59:353][451]LogModuleManager: Shutting down and abandoning module ActorPickerMode (590)
[2018.10.24-15.05.59:353][451]LogModuleManager: Shutting down and abandoning module GeometryMode (588)
[2018.10.24-15.05.59:353][451]LogModuleManager: Shutting down and abandoning module TextureAlignMode (586)
[2018.10.24-15.05.59:353][451]LogModuleManager: Shutting down and abandoning module BspMode (584)
[2018.10.24-15.05.59:354][451]LogModuleManager: Shutting down and abandoning module PIEPreviewDeviceProfileSelector (582)
[2018.10.24-15.05.59:354][451]LogModuleManager: Shutting down and abandoning module SequenceRecorderSections (580)
[2018.10.24-15.05.59:354][451]LogModuleManager: Shutting down and abandoning module AutomationWorker (578)
[2018.10.24-15.05.59:354][451]LogModuleManager: Shutting down and abandoning module AudioCaptureEditor (576)
[2018.10.24-15.05.59:354][451]LogModuleManager: Shutting down and abandoning module SequenceRecorder (575)
[2018.10.24-15.05.59:354][451]LogModuleManager: Shutting down and abandoning module MatineeToLevelSequence (572)
[2018.10.24-15.05.59:354][451]LogModuleManager: Shutting down and abandoning module LevelSequenceEditor (570)
[2018.10.24-15.05.59:354][451]LogModuleManager: Shutting down and abandoning module PlacementMode (569)
[2018.10.24-15.05.59:354][451]LogModuleManager: Shutting down and abandoning module MaterialEditor (568)
[2018.10.24-15.05.59:354][451]LogModuleManager: Shutting down and abandoning module WmfMediaFactory (564)
[2018.10.24-15.05.59:354][451]LogModuleManager: Shutting down and abandoning module WmfMediaEditor (562)
[2018.10.24-15.05.59:354][451]LogModuleManager: Shutting down and abandoning module MediaPlayerEditor (560)
[2018.10.24-15.05.59:354][451]LogModuleManager: Shutting down and abandoning module OpenExrWrapper (558)
[2018.10.24-15.05.59:354][451]LogModuleManager: Shutting down and abandoning module ImgMediaFactory (556)
[2018.10.24-15.05.59:354][451]LogModuleManager: Shutting down and abandoning module ImgMediaEditor (554)
[2018.10.24-15.05.59:354][451]LogModuleManager: Shutting down and abandoning module AvfMediaFactory (552)
[2018.10.24-15.05.59:354][451]LogModuleManager: Shutting down and abandoning module AvfMediaEditor (550)
[2018.10.24-15.05.59:354][451]LogModuleManager: Shutting down and abandoning module AndroidMediaFactory (548)
[2018.10.24-15.05.59:354][451]LogModuleManager: Shutting down and abandoning module AndroidMediaEditor (546)
[2018.10.24-15.05.59:354][451]LogModuleManager: Shutting down and abandoning module MagicLeapCameraPreviewFactory (544)
[2018.10.24-15.05.59:354][451]LogModuleManager: Shutting down and abandoning module MagicLeapMediaFactory (542)
[2018.10.24-15.05.59:354][451]LogModuleManager: Shutting down and abandoning module MagicLeapMediaEditor (540)
[2018.10.24-15.05.59:354][451]LogModuleManager: Shutting down and abandoning module CharacterAI (538)
[2018.10.24-15.05.59:354][451]LogModuleManager: Shutting down and abandoning module SmartSnapping (536)
[2018.10.24-15.05.59:354][451]LogModuleManager: Shutting down and abandoning module SessionServices (534)
[2018.10.24-15.05.59:354][451]LogModuleManager: Shutting down and abandoning module ViewportSnapping (532)
[2018.10.24-15.05.59:354][451]LogModuleManager: Shutting down and abandoning module ViewportInteraction (530)
[2018.10.24-15.05.59:354][451]LogModuleManager: Shutting down and abandoning module ClothPainter (528)
[2018.10.24-15.05.59:354][451]LogModuleManager: Shutting down and abandoning module SkeletalMeshEditor (527)
[2018.10.24-15.05.59:354][451]LogModuleManager: Shutting down and abandoning module LogVisualizer (524)
[2018.10.24-15.05.59:354][451]LogModuleManager: Shutting down and abandoning module IntroTutorials (522)
[2018.10.24-15.05.59:354][451]LogModuleManager: Shutting down and abandoning module GameProjectGeneration (521)
[2018.10.24-15.05.59:354][451]LogModuleManager: Shutting down and abandoning module LuminPlatformEditor (518)
[2018.10.24-15.05.59:354][451]LogModuleManager: Shutting down and abandoning module IOSPlatformEditor (516)
[2018.10.24-15.05.59:354][451]LogModuleManager: Shutting down and abandoning module HTML5PlatformEditor (514)
[2018.10.24-15.05.59:354][451]LogModuleManager: Shutting down and abandoning module AndroidPlatformEditor (512)
[2018.10.24-15.05.59:354][451]LogModuleManager: Shutting down and abandoning module AndroidDeviceDetection (511)
[2018.10.24-15.05.59:734][451]LogModuleManager: Shutting down and abandoning module WindowsPlatformEditor (508)
[2018.10.24-15.05.59:734][451]LogModuleManager: Shutting down and abandoning module LuminRuntimeSettings (506)
[2018.10.24-15.05.59:734][451]LogModuleManager: Shutting down and abandoning module IOSRuntimeSettings (504)
[2018.10.24-15.05.59:734][451]LogModuleManager: Shutting down and abandoning module AndroidRuntimeSettings (502)
[2018.10.24-15.05.59:734][451]LogModuleManager: Shutting down and abandoning module InputBindingEditor (500)
[2018.10.24-15.05.59:734][451]LogModuleManager: Shutting down and abandoning module MergeActors (498)
[2018.10.24-15.05.59:734][451]LogModuleManager: Shutting down and abandoning module LocalizationDashboard (496)
[2018.10.24-15.05.59:734][451]LogModuleManager: Shutting down and abandoning module LocalizationService (495)
[2018.10.24-15.05.59:734][451]LogModuleManager: Shutting down and abandoning module HardwareTargeting (492)
[2018.10.24-15.05.59:734][451]LogModuleManager: Shutting down and abandoning module DeviceProfileEditor (490)
[2018.10.24-15.05.59:734][451]LogModuleManager: Shutting down and abandoning module UndoHistory (488)
[2018.10.24-15.05.59:734][451]LogModuleManager: Shutting down and abandoning module XmlParser (486)
[2018.10.24-15.05.59:734][451]LogModuleManager: Shutting down and abandoning module Blutility (484)
[2018.10.24-15.05.59:734][451]LogModuleManager: Shutting down and abandoning module ProjectSettingsViewer (482)
[2018.10.24-15.05.59:734][451]LogModuleManager: Shutting down and abandoning module ProjectTargetPlatformEditor (481)
[2018.10.24-15.05.59:734][451]LogModuleManager: Shutting down and abandoning module EditorSettingsViewer (478)
[2018.10.24-15.05.59:734][451]LogModuleManager: Shutting down and abandoning module SettingsEditor (476)
[2018.10.24-15.05.59:734][451]LogModuleManager: Shutting down and abandoning module ProjectLauncher (474)
[2018.10.24-15.05.59:734][451]LogModuleManager: Shutting down and abandoning module SessionFrontend (472)
[2018.10.24-15.05.59:734][451]LogModuleManager: Shutting down and abandoning module ProfilerClient (470)
[2018.10.24-15.05.59:734][451]LogModuleManager: Shutting down and abandoning module DeviceManager (468)
[2018.10.24-15.05.59:734][451]LogModuleManager: Shutting down and abandoning module TargetDeviceServices (467)
[2018.10.24-15.05.59:788][451]LogModuleManager: Shutting down and abandoning module AutomationController (464)
[2018.10.24-15.05.59:788][451]LogModuleManager: Shutting down and abandoning module AutomationWindow (462)
[2018.10.24-15.05.59:788][451]LogModuleManager: Shutting down and abandoning module Layers (460)
[2018.10.24-15.05.59:788][451]LogModuleManager: Shutting down and abandoning module ComponentVisualizers (458)
[2018.10.24-15.05.59:788][451]LogModuleManager: Shutting down and abandoning module DetailCustomizations (456)
[2018.10.24-15.05.59:788][451]LogModuleManager: Shutting down and abandoning module PackagesDialog (454)
[2018.10.24-15.05.59:788][451]LogModuleManager: Shutting down and abandoning module Persona (452)
[2018.10.24-15.05.59:788][451]LogModuleManager: Shutting down and abandoning module AdvancedPreviewScene (451)
[2018.10.24-15.05.59:788][451]LogModuleManager: Shutting down and abandoning module AnimGraph (449)
[2018.10.24-15.05.59:788][451]LogModuleManager: Shutting down and abandoning module Kismet (446)
[2018.10.24-15.05.59:788][451]LogModuleManager: Shutting down and abandoning module GraphEditor (444)
[2018.10.24-15.05.59:788][451]LogModuleManager: Shutting down and abandoning module ClassViewer (442)
[2018.10.24-15.05.59:788][451]LogModuleManager: Shutting down and abandoning module Toolbox (440)
[2018.10.24-15.05.59:788][451]LogModuleManager: Shutting down and abandoning module ModuleUI (438)
[2018.10.24-15.05.59:788][451]LogModuleManager: Shutting down and abandoning module MovieSceneTools (436)
[2018.10.24-15.05.59:788][451]LogModuleManager: Shutting down and abandoning module OutputLog (434)
[2018.10.24-15.05.59:788][451]LogModuleManager: Shutting down and abandoning module GammaUI (432)
[2018.10.24-15.05.59:788][451]LogModuleManager: Shutting down and abandoning module Documentation (430)
[2018.10.24-15.05.59:788][451]LogModuleManager: Shutting down and abandoning module MovieSceneTracks (428)
[2018.10.24-15.05.59:788][451]LogModuleManager: Shutting down and abandoning module MovieScene (426)
[2018.10.24-15.05.59:788][451]LogModuleManager: Shutting down and abandoning module StreamingPauseRendering (424)
[2018.10.24-15.05.59:788][451]LogModuleManager: Shutting down and abandoning module LauncherPlatform (422)
[2018.10.24-15.05.59:788][451]LogModuleManager: Shutting down and abandoning module AnalyticsET (420)
[2018.10.24-15.05.59:788][451]LogModuleManager: Shutting down and abandoning module PortalServices (418)
[2018.10.24-15.05.59:788][451]LogModuleManager: Shutting down and abandoning module PortalRpc (416)
[2018.10.24-15.05.59:789][451]LogModuleManager: Shutting down and abandoning module MessagingRpc (414)
[2018.10.24-15.05.59:789][451]LogModuleManager: Shutting down and abandoning module AIModule (412)
[2018.10.24-15.05.59:789][451]LogModuleManager: Shutting down and abandoning module GameplayDebugger (411)
[2018.10.24-15.05.59:789][451]LogModuleManager: Shutting down and abandoning module AITestSuite (409)
[2018.10.24-15.05.59:789][451]LogModuleManager: Shutting down and abandoning module NavigationSystem (407)
[2018.10.24-15.05.59:789][451]LogModuleManager: Shutting down and abandoning module ProfilerService (404)
[2018.10.24-15.05.59:837][451]LogModuleManager: Shutting down and abandoning module TaskGraph (402)
[2018.10.24-15.05.59:837][451]LogModuleManager: Shutting down and abandoning module SteamVRController (400)
[2018.10.24-15.05.59:837][451]LogModuleManager: Shutting down and abandoning module ProceduralMeshComponentEditor (398)
[2018.10.24-15.05.59:837][451]LogModuleManager: Shutting down and abandoning module ProceduralMeshComponent (396)
[2018.10.24-15.05.59:837][451]LogModuleManager: Shutting down and abandoning module OculusInput (394)
[2018.10.24-15.05.59:837][451]LogModuleManager: Shutting down and abandoning module MobilePatchingUtils (392)
[2018.10.24-15.05.59:837][451]LogModuleManager: Shutting down and abandoning module EditableMesh (390)
[2018.10.24-15.05.59:837][451]LogModuleManager: Shutting down and abandoning module CustomMeshComponent (388)
[2018.10.24-15.05.59:837][451]LogModuleManager: Shutting down and abandoning module CableComponent (386)
[2018.10.24-15.05.59:837][451]LogModuleManager: Shutting down and abandoning module AudioCapture (384)
[2018.10.24-15.05.59:838][451]LogModuleManager: Shutting down and abandoning module ArchVisCharacter (382)
[2018.10.24-15.05.59:838][451]LogModuleManager: Shutting down and abandoning module AndroidPermission (380)
[2018.10.24-15.05.59:838][451]LogModuleManager: Shutting down and abandoning module NUTUnrealEngine4 (378)
[2018.10.24-15.05.59:838][451]LogModuleManager: Shutting down and abandoning module NetcodeUnitTest (376)
[2018.10.24-15.05.59:838][451]LogModuleManager: Shutting down and abandoning module MediaCompositingEditor (374)
[2018.10.24-15.05.59:838][451]LogModuleManager: Shutting down and abandoning module MediaCompositing (372)
[2018.10.24-15.05.59:838][451]LogModuleManager: Shutting down and abandoning module LinearTimecode (370)
[2018.10.24-15.05.59:838][451]LogModuleManager: Shutting down and abandoning module ImgMedia (368)
[2018.10.24-15.05.59:841][451]LogModuleManager: Shutting down and abandoning module HTML5Networking (366)
[2018.10.24-15.05.59:841][451]LogModuleManager: Shutting down and abandoning module GeometryCacheTracks (364)
[2018.10.24-15.05.59:841][451]LogModuleManager: Shutting down and abandoning module GeometryCacheSequencer (362)
[2018.10.24-15.05.59:841][451]LogModuleManager: Shutting down and abandoning module BackChannel (360)
[2018.10.24-15.05.59:841][451]LogModuleManager: Shutting down and abandoning module AppleVision (358)
[2018.10.24-15.05.59:841][451]LogModuleManager: Shutting down and abandoning module AppleImageUtils (356)
[2018.10.24-15.05.59:841][451]LogModuleManager: Shutting down and abandoning module AlembicImporter (354)
[2018.10.24-15.05.59:841][451]LogModuleManager: Shutting down and abandoning module AlembicLibrary (353)
[2018.10.24-15.05.59:841][451]LogModuleManager: Shutting down and abandoning module GeometryCache (352)
[2018.10.24-15.05.59:841][451]LogModuleManager: Shutting down and abandoning module GeometryCacheEd (351)
[2018.10.24-15.05.59:841][451]LogModuleManager: Shutting down and abandoning module DatasmithContentEditor (346)
[2018.10.24-15.05.59:841][451]LogModuleManager: Shutting down and abandoning module DatasmithContent (344)
[2018.10.24-15.05.59:841][451]LogModuleManager: Shutting down and abandoning module SpeedTreeImporter (342)
[2018.10.24-15.05.59:841][451]LogModuleManager: Shutting down and abandoning module PluginBrowser (340)
[2018.10.24-15.05.59:841][451]LogModuleManager: Shutting down and abandoning module MobileLauncherProfileWizard (338)
[2018.10.24-15.05.59:841][451]LogModuleManager: Shutting down and abandoning module PolygonModeling (336)
[2018.10.24-15.05.59:841][451]LogModuleManager: Shutting down and abandoning module MeshEditor (334)
[2018.10.24-15.05.59:841][451]LogModuleManager: Shutting down and abandoning module CryptoKeysOpenSSL (332)
[2018.10.24-15.05.59:841][451]LogModuleManager: Shutting down and abandoning module CryptoKeys (330)
[2018.10.24-15.05.59:841][451]LogModuleManager: Shutting down and abandoning module VisualStudioSourceCodeAccess (328)
[2018.10.24-15.05.59:842][451]LogModuleManager: Shutting down and abandoning module VisualStudioCodeSourceCodeAccess (326)
[2018.10.24-15.05.59:842][451]LogModuleManager: Shutting down and abandoning module UObjectPlugin (324)
[2018.10.24-15.05.59:842][451]LogModuleManager: Shutting down and abandoning module SubversionSourceControl (322)
[2018.10.24-15.05.59:842][451]LogModuleManager: Shutting down and abandoning module PerforceSourceControl (320)
[2018.10.24-15.05.59:842][451]LogModuleManager: Shutting down and abandoning module GitSourceControl (318)
[2018.10.24-15.05.59:842][451]LogModuleManager: Shutting down and abandoning module SourceControl (317)
[2018.10.24-15.05.59:842][451]LogModuleManager: Shutting down and abandoning module CLionSourceCodeAccess (314)
[2018.10.24-15.05.59:842][451]LogModuleManager: Shutting down and abandoning module LightPropagationVolumeEditor (312)
[2018.10.24-15.05.59:842][451]LogModuleManager: Shutting down and abandoning module PaperTiledImporter (310)
[2018.10.24-15.05.59:842][451]LogModuleManager: Shutting down and abandoning module PaperSpriteSheetImporter (308)
[2018.10.24-15.05.59:842][451]LogModuleManager: Shutting down and abandoning module Paper2DEditor (306)
[2018.10.24-15.05.59:842][451]LogModuleManager: Shutting down and abandoning module MeshPaint (305)
[2018.10.24-15.05.59:842][451]LogModuleManager: Shutting down and abandoning module SGAUnreal (302)
[2018.10.24-15.05.59:842][451]LogModuleManager: Shutting down and abandoning module RuntimePhysXCooking (300)
[2018.10.24-15.05.59:842][451]LogModuleManager: Shutting down and abandoning module PhysXVehiclesEditor (298)
[2018.10.24-15.05.59:842][451]LogModuleManager: Shutting down and abandoning module PhysXVehicles (296)
[2018.10.24-15.05.59:842][451]LogModuleManager: Shutting down and abandoning module OculusEditor (294)
[2018.10.24-15.05.59:842][451]LogModuleManager: Shutting down and abandoning module LocationServicesBPLibrary (292)
[2018.10.24-15.05.59:842][451]LogModuleManager: Shutting down and abandoning module ImmediatePhysicsEditor (290)
[2018.10.24-15.05.59:842][451]LogModuleManager: Shutting down and abandoning module ImmediatePhysics (288)
[2018.10.24-15.05.59:842][451]LogModuleManager: Shutting down and abandoning module ActorSequence (286)
[2018.10.24-15.05.59:842][451]LogModuleManager: Shutting down and abandoning module UdpMessaging (284)
[2018.10.24-15.05.59:943][451]LogModuleManager: Shutting down and abandoning module TcpMessaging (282)
[2018.10.24-15.06.00:044][451]LogModuleManager: Shutting down and abandoning module MagicLeapAudio (280)
[2018.10.24-15.06.00:044][451]LogModuleManager: Shutting down and abandoning module GameplayTagsEditor (278)
[2018.10.24-15.06.00:044][451]LogModuleManager: Shutting down and abandoning module FacialAnimationEditor (276)
[2018.10.24-15.06.00:044][451]LogModuleManager: Shutting down and abandoning module FacialAnimation (274)
[2018.10.24-15.06.00:044][451]LogModuleManager: Shutting down and abandoning module DataValidation (272)
[2018.10.24-15.06.00:044][451]LogModuleManager: Shutting down and abandoning module AssetManagerEditor (270)
[2018.10.24-15.06.00:044][451]LogModuleManager: Shutting down and abandoning module LevelEditor (269)
[2018.10.24-15.06.00:044][451]LogModuleManager: Shutting down and abandoning module PixelInspectorModule (268)
[2018.10.24-15.06.00:044][451]LogModuleManager: Shutting down and abandoning module CommonMenuExtensions (266)
[2018.10.24-15.06.00:044][451]LogModuleManager: Shutting down and abandoning module MainFrame (264)
[2018.10.24-15.06.00:044][451]LogModuleManager: Shutting down and abandoning module HotReload (263)
[2018.10.24-15.06.00:045][451]LogModuleManager: Shutting down and abandoning module ContentBrowser (259)
[2018.10.24-15.06.00:046][451]LogModuleManager: Shutting down and abandoning module TreeMap (257)
[2018.10.24-15.06.00:046][451]LogModuleManager: Shutting down and abandoning module LightPropagationVolumeRuntime (254)
[2018.10.24-15.06.00:046][451]LogModuleManager: Shutting down and abandoning module AISupportModule (252)
[2018.10.24-15.06.00:046][451]LogModuleManager: Shutting down and abandoning module Paper2D (250)
[2018.10.24-15.06.00:046][451]LogModuleManager: Shutting down and abandoning module WindowsMoviePlayer (248)
[2018.10.24-15.06.00:046][451]LogModuleManager: Shutting down and abandoning module WmfMedia (246)
[2018.10.24-15.06.00:047][451]LogModuleManager: Shutting down and abandoning module Media (245)
[2018.10.24-15.06.00:053][451]LogModuleManager: Shutting down and abandoning module PacketHandler (242)
[2018.10.24-15.06.00:053][451]LogModuleManager: Shutting down and abandoning module ClothingSystemEditor (240)
[2018.10.24-15.06.00:053][451]LogModuleManager: Shutting down and abandoning module ClothingSystemRuntime (238)
[2018.10.24-15.06.00:053][451]LogModuleManager: Shutting down and abandoning module MediaAssets (236)
[2018.10.24-15.06.00:053][451]LogModuleManager: Shutting down and abandoning module Overlay (234)
[2018.10.24-15.06.00:053][451]LogModuleManager: Shutting down and abandoning module OverlayEditor (233)
[2018.10.24-15.06.00:053][451]LogModuleManager: Shutting down and abandoning module VREditor (230)
[2018.10.24-15.06.00:053][451]LogModuleManager: Shutting down and abandoning module StringTableEditor (228)
[2018.10.24-15.06.00:053][451]LogModuleManager: Shutting down and abandoning module GameplayTasksEditor (226)
[2018.10.24-15.06.00:053][451]LogModuleManager: Shutting down and abandoning module BehaviorTreeEditor (224)
[2018.10.24-15.06.00:053][451]LogModuleManager: Shutting down and abandoning module FunctionalTesting (222)
[2018.10.24-15.06.00:053][451]LogModuleManager: Shutting down and abandoning module CollisionAnalyzer (220)
[2018.10.24-15.06.00:053][451]LogModuleManager: Shutting down and abandoning module WorkspaceMenuStructure (219)
[2018.10.24-15.06.00:053][451]LogModuleManager: Shutting down and abandoning module UMG (216)
[2018.10.24-15.06.00:053][451]LogModuleManager: Shutting down and abandoning module UMGEditor (215)
[2018.10.24-15.06.00:053][451]LogModuleManager: Shutting down and abandoning module Sequencer (214)
[2018.10.24-15.06.00:053][451]LogModuleManager: Shutting down and abandoning module MessageLog (211)
[2018.10.24-15.06.00:054][451]LogModuleManager: Shutting down and abandoning module SlateReflector (206)
[2018.10.24-15.06.00:054][451]LogModuleManager: Shutting down and abandoning module Slate (204)
[2018.10.24-15.06.00:054][451]LogModuleManager: Shutting down and abandoning module EditorStyle (202)
[2018.10.24-15.06.00:055][451]LogModuleManager: Shutting down and abandoning module MRMesh (200)
[2018.10.24-15.06.00:055][451]LogModuleManager: Shutting down and abandoning module SourceCodeAccess (198)
[2018.10.24-15.06.00:055][451]LogModuleManager: Shutting down and abandoning module HeadMountedDisplay (196)
[2018.10.24-15.06.00:055][451]LogModuleManager: Shutting down and abandoning module XAudio2 (194)
[2018.10.24-15.06.00:055][451]LogModuleManager: Shutting down and abandoning module Networking (192)
[2018.10.24-15.06.00:055][451]LogModuleManager: Shutting down and abandoning module Core (190)
[2018.10.24-15.06.00:055][451]LogModuleManager: Shutting down and abandoning module LevelSequence (188)
[2018.10.24-15.06.00:055][451]LogModuleManager: Shutting down and abandoning module KismetCompiler (186)
[2018.10.24-15.06.00:055][451]LogModuleManager: Shutting down and abandoning module MeshUtilities (184)
[2018.10.24-15.06.00:055][451]LogModuleManager: Shutting down and abandoning module MeshMergeUtilities (183)
[2018.10.24-15.06.00:055][451]LogModuleManager: Shutting down and abandoning module MeshReductionInterface (182)
[2018.10.24-15.06.00:055][451]LogModuleManager: Shutting down and abandoning module SimplygonSwarm (181)
[2018.10.24-15.06.00:055][451]LogModuleManager: Shutting down and abandoning module ProxyLODMeshReduction (179)
[2018.10.24-15.06.00:055][451]LogModuleManager: Shutting down and abandoning module SimplygonMeshReduction (177)
[2018.10.24-15.06.00:055][451]LogModuleManager: Shutting down and abandoning module QuadricMeshReduction (175)
[2018.10.24-15.06.00:055][451]LogModuleManager: Shutting down and abandoning module MaterialBaking (171)
[2018.10.24-15.06.00:055][451]LogModuleManager: Shutting down and abandoning module DirectoryWatcher (167)
[2018.10.24-15.06.00:055][451]LogModuleManager: Shutting down and abandoning module DerivedDataCache (164)
[2018.10.24-15.06.00:056][451]LogDerivedDataCache: Shutdown
[2018.10.24-15.06.00:056][451]LogModuleManager: Shutting down and abandoning module XGEController (162)
[2018.10.24-15.06.00:056][451]LogXGEController: Cleaning working directory: C:/Users/ine07/AppData/Local/Temp/UnrealXGEWorkingDir/
[2018.10.24-15.06.00:056][451]LogModuleManager: Shutting down and abandoning module TargetPlatform (160)
[2018.10.24-15.06.00:056][451]LogModuleManager: Shutting down and abandoning module VulkanShaderFormat (159)
[2018.10.24-15.06.00:056][451]LogModuleManager: Shutting down and abandoning module ShaderFormatVectorVM (157)
[2018.10.24-15.06.00:056][451]LogModuleManager: Shutting down and abandoning module ShaderFormatOpenGL (155)
[2018.10.24-15.06.00:056][451]LogModuleManager: Shutting down and abandoning module ShaderFormatD3D (153)
[2018.10.24-15.06.00:056][451]LogModuleManager: Shutting down and abandoning module MetalShaderFormat (151)
[2018.10.24-15.06.00:056][451]LogModuleManager: Shutting down and abandoning module TextureFormatUncompressed (149)
[2018.10.24-15.06.00:056][451]LogModuleManager: Shutting down and abandoning module TextureFormatPVR (147)
[2018.10.24-15.06.00:056][451]LogModuleManager: Shutting down and abandoning module TextureFormatDXT (145)
[2018.10.24-15.06.00:056][451]LogModuleManager: Shutting down and abandoning module TextureFormatIntelISPCTexComp (143)
[2018.10.24-15.06.00:056][451]LogModuleManager: Shutting down and abandoning module TextureFormatASTC (141)
[2018.10.24-15.06.00:057][451]LogModuleManager: Shutting down and abandoning module ImageWrapper (140)
[2018.10.24-15.06.00:057][451]LogModuleManager: Shutting down and abandoning module TextureFormatAndroid (137)
[2018.10.24-15.06.00:057][451]LogModuleManager: Shutting down and abandoning module AudioFormatOpus (135)
[2018.10.24-15.06.00:057][451]LogModuleManager: Shutting down and abandoning module AudioFormatOgg (133)
[2018.10.24-15.06.00:057][451]LogModuleManager: Shutting down and abandoning module AudioFormatADPCM (131)
[2018.10.24-15.06.00:057][451]LogModuleManager: Shutting down and abandoning module LuminTargetPlatform (129)
[2018.10.24-15.06.00:057][451]LogModuleManager: Shutting down and abandoning module LinuxTargetPlatform (127)
[2018.10.24-15.06.00:057][451]LogModuleManager: Shutting down and abandoning module LinuxServerTargetPlatform (125)
[2018.10.24-15.06.00:057][451]LogModuleManager: Shutting down and abandoning module LinuxNoEditorTargetPlatform (123)
[2018.10.24-15.06.00:057][451]LogModuleManager: Shutting down and abandoning module LinuxClientTargetPlatform (121)
[2018.10.24-15.06.00:057][451]LogModuleManager: Shutting down and abandoning module TVOSTargetPlatform (119)
[2018.10.24-15.06.00:057][451]LogModuleManager: Shutting down and abandoning module Messaging (117)
[2018.10.24-15.06.00:057][451]LogModuleManager: Shutting down and abandoning module IOSTargetPlatform (115)
[2018.10.24-15.06.00:058][451]LogModuleManager: Shutting down and abandoning module HTML5TargetPlatform (113)
[2018.10.24-15.06.00:058][451]LogModuleManager: Shutting down and abandoning module AndroidTargetPlatform (111)
[2018.10.24-15.06.00:062][451]LogModuleManager: Shutting down and abandoning module WindowsTargetPlatform (109)
[2018.10.24-15.06.00:062][451]LogModuleManager: Shutting down and abandoning module WindowsServerTargetPlatform (107)
[2018.10.24-15.06.00:062][451]LogModuleManager: Shutting down and abandoning module WindowsNoEditorTargetPlatform (105)
[2018.10.24-15.06.00:062][451]LogModuleManager: Shutting down and abandoning module WindowsClientTargetPlatform (103)
[2018.10.24-15.06.00:062][451]LogModuleManager: Shutting down and abandoning module MacTargetPlatform (101)
[2018.10.24-15.06.00:063][451]LogModuleManager: Shutting down and abandoning module MacServerTargetPlatform (99)
[2018.10.24-15.06.00:063][451]LogModuleManager: Shutting down and abandoning module MacNoEditorTargetPlatform (97)
[2018.10.24-15.06.00:063][451]LogModuleManager: Shutting down and abandoning module MacClientTargetPlatform (95)
[2018.10.24-15.06.00:063][451]LogModuleManager: Shutting down and abandoning module AllDesktopTargetPlatform (93)
[2018.10.24-15.06.00:063][451]LogModuleManager: Shutting down and abandoning module InputCore (90)
[2018.10.24-15.06.00:063][451]LogModuleManager: Shutting down and abandoning module Settings (88)
[2018.10.24-15.06.00:063][451]LogModuleManager: Shutting down and abandoning module PhysXCooking (86)
[2018.10.24-15.06.00:063][451]LogModuleManager: Shutting down and abandoning module SteamVR (84)
[2018.10.24-15.06.00:063][451]LogModuleManager: Shutting down and abandoning module OculusHMD (82)
[2018.10.24-15.06.00:063][451]LogModuleManager: Shutting down and abandoning module ExampleDeviceProfileSelector (80)
[2018.10.24-15.06.00:063][451]LogModuleManager: Shutting down and abandoning module LauncherChunkInstaller (78)
[2018.10.24-15.06.00:063][451]LogModuleManager: Shutting down and abandoning module OnlineBlueprintSupport (76)
[2018.10.24-15.06.00:063][451]LogModuleManager: Shutting down and abandoning module OnlineSubsystem (72)
[2018.10.24-15.06.00:063][451]LogModuleManager: Shutting down and abandoning module XMPP (67)
[2018.10.24-15.06.00:063][451]LogModuleManager: Shutting down and abandoning module WebSockets (66)
[2018.10.24-15.06.00:093][451]LogModuleManager: Shutting down and abandoning module HTTP (63)
[2018.10.24-15.06.00:093][451]LogHttp: Display: Http module shutting down, but needs to wait on 1 outstanding Http requests:
[2018.10.24-15.06.00:093][451]LogHttp: Display: 	verb=[POST] url=[https://datarouter.ol.epicgames.com/datarouter/api/v1/public/data?SessionID=%7BB098DAB7-422D-9892-D10E-45AA2899C4C9%7D&AppID=UEEditor.Rocket.Release&AppVersion=4.20.3-4369336%2B%2B%2BUE4%2BRelease-4.20&UserID=f91518df49e3a3d297491981083eb603%7C80aeae7e102b401bb11241b1c81afc58%7Cfdd5edc5-6ff5-4beb-8db3-d4ce78531e2c&AppEnvironment=datacollector-binary&UploadType=eteventstream] status=Processing
[2018.10.24-15.06.00:122][451]LogModuleManager: Shutting down and abandoning module SSL (62)
[2018.10.24-15.06.00:122][451]LogModuleManager: Shutting down and abandoning module MagicLeapEmulator (58)
[2018.10.24-15.06.00:122][451]LogModuleManager: Shutting down and abandoning module MagicLeapPrivileges (56)
[2018.10.24-15.06.00:122][451]LogModuleManager: Shutting down and abandoning module MagicLeapIdentity (54)
[2018.10.24-15.06.00:122][451]LogModuleManager: Shutting down and abandoning module MagicLeapHelperVulkan (52)
[2018.10.24-15.06.00:123][451]LogModuleManager: Shutting down and abandoning module MagicLeapHelperOpenGL (50)
[2018.10.24-15.06.00:123][451]LogModuleManager: Shutting down and abandoning module MagicLeapSecureStorage (48)
[2018.10.24-15.06.00:123][451]LogModuleManager: Shutting down and abandoning module MagicLeapGestures (46)
[2018.10.24-15.06.00:123][451]LogModuleManager: Shutting down and abandoning module MagicLeapEyeTracker (44)
[2018.10.24-15.06.00:123][451]LogModuleManager: Shutting down and abandoning module MagicLeapController (42)
[2018.10.24-15.06.00:123][451]LogSlate: Slate User Destroyed.  User Index 0, Is Virtual User: 0
[2018.10.24-15.06.00:123][451]LogModuleManager: Shutting down and abandoning module MagicLeap (40)
[2018.10.24-15.06.00:123][451]LogModuleManager: Shutting down and abandoning module DesktopPlatform (38)
[2018.10.24-15.06.00:123][451]LogModuleManager: Shutting down and abandoning module AnimationModifiers (36)
[2018.10.24-15.06.00:123][451]LogModuleManager: Shutting down and abandoning module PropertyEditor (35)
[2018.10.24-15.06.00:123][451]LogModuleManager: Shutting down and abandoning module AudioEditor (32)
[2018.10.24-15.06.00:123][451]LogModuleManager: Shutting down and abandoning module TextureCompressor (30)
[2018.10.24-15.06.00:123][451]LogModuleManager: Shutting down and abandoning module ShaderCore (28)
[2018.10.24-15.06.00:123][451]LogModuleManager: Shutting down and abandoning module Landscape (26)
[2018.10.24-15.06.00:123][451]LogModuleManager: Shutting down and abandoning module SlateRHIRenderer (24)
[2018.10.24-15.06.00:124][451]LogModuleManager: Shutting down and abandoning module OpenGLDrv (22)
[2018.10.24-15.06.00:124][451]LogModuleManager: Shutting down and abandoning module D3D11RHI (20)
[2018.10.24-15.06.00:124][451]LogModuleManager: Shutting down and abandoning module AnimGraphRuntime (18)
[2018.10.24-15.06.00:124][451]LogModuleManager: Shutting down and abandoning module Renderer (16)
[2018.10.24-15.06.00:124][451]LogModuleManager: Shutting down and abandoning module Engine (14)
[2018.10.24-15.06.00:124][451]LogModuleManager: Shutting down and abandoning module CoreUObject (12)
[2018.10.24-15.06.00:124][451]LogModuleManager: Shutting down and abandoning module NetworkFile (10)
[2018.10.24-15.06.00:124][451]LogModuleManager: Shutting down and abandoning module CookedIterativeFile (8)
[2018.10.24-15.06.00:124][451]LogModuleManager: Shutting down and abandoning module StreamingFile (6)
[2018.10.24-15.06.00:124][451]LogModuleManager: Shutting down and abandoning module SandboxFile (4)
[2018.10.24-15.06.00:124][451]LogModuleManager: Shutting down and abandoning module PakFile (2)
[2018.10.24-15.06.00:131][451]LogExit: Exiting.
[2018.10.24-15.06.00:150][451]Log file closed, 10/25/18 00:06:00
