  Performing full C++ include scan (building a new target)
  Creating makefile for SGAUnrealEditor (no existing makefile)
  Using Visual Studio 2017 14.15.26726 toolchain (C:\Program Files (x86)\Microsoft Visual Studio\2017\Community\VC\Tools\MSVC\14.15.26726) and Windows 10.0.16299.0 SDK (C:\Program Files (x86)\Windows Kits\10).
  Deleting old hot reload file: "D:\L.Programs\Programming\Unreal\SGA_unreal\SGAUnreal\Binaries\Win64\UE4Editor-SGAUnreal-1064.dll".
  Deleting old hot reload file: "D:\L.Programs\Programming\Unreal\SGA_unreal\SGAUnreal\Binaries\Win64\UE4Editor-SGAUnreal-1064.pdb".
  Deleting old hot reload file: "D:\L.Programs\Programming\Unreal\SGA_unreal\SGAUnreal\Binaries\Win64\UE4Editor-SGAUnreal-1956.dll".
  Deleting old hot reload file: "D:\L.Programs\Programming\Unreal\SGA_unreal\SGAUnreal\Binaries\Win64\UE4Editor-SGAUnreal-1956.pdb".
  Deleting old hot reload file: "D:\L.Programs\Programming\Unreal\SGA_unreal\SGAUnreal\Binaries\Win64\UE4Editor-SGAUnreal-34.dll".
  Deleting old hot reload file: "D:\L.Programs\Programming\Unreal\SGA_unreal\SGAUnreal\Binaries\Win64\UE4Editor-SGAUnreal-34.pdb".
  Deleting old hot reload file: "D:\L.Programs\Programming\Unreal\SGA_unreal\SGAUnreal\Binaries\Win64\UE4Editor-SGAUnreal-4044.dll".
  Deleting old hot reload file: "D:\L.Programs\Programming\Unreal\SGA_unreal\SGAUnreal\Binaries\Win64\UE4Editor-SGAUnreal-4044.pdb".
  Deleting old hot reload file: "D:\L.Programs\Programming\Unreal\SGA_unreal\SGAUnreal\Binaries\Win64\UE4Editor-SGAUnreal-4365.dll".
  Deleting old hot reload file: "D:\L.Programs\Programming\Unreal\SGA_unreal\SGAUnreal\Binaries\Win64\UE4Editor-SGAUnreal-4365.pdb".
  Deleting old hot reload file: "D:\L.Programs\Programming\Unreal\SGA_unreal\SGAUnreal\Binaries\Win64\UE4Editor-SGAUnreal-4400.dll".
  Deleting old hot reload file: "D:\L.Programs\Programming\Unreal\SGA_unreal\SGAUnreal\Binaries\Win64\UE4Editor-SGAUnreal-4400.pdb".
  Deleting old hot reload file: "D:\L.Programs\Programming\Unreal\SGA_unreal\SGAUnreal\Binaries\Win64\UE4Editor-SGAUnreal-4805.dll".
  Deleting old hot reload file: "D:\L.Programs\Programming\Unreal\SGA_unreal\SGAUnreal\Binaries\Win64\UE4Editor-SGAUnreal-4805.pdb".
  Deleting old hot reload file: "D:\L.Programs\Programming\Unreal\SGA_unreal\SGAUnreal\Binaries\Win64\UE4Editor-SGAUnreal-5129.dll".
  Deleting old hot reload file: "D:\L.Programs\Programming\Unreal\SGA_unreal\SGAUnreal\Binaries\Win64\UE4Editor-SGAUnreal-5129.pdb".
  Deleting old hot reload file: "D:\L.Programs\Programming\Unreal\SGA_unreal\SGAUnreal\Binaries\Win64\UE4Editor-SGAUnreal-5322.dll".
  Deleting old hot reload file: "D:\L.Programs\Programming\Unreal\SGA_unreal\SGAUnreal\Binaries\Win64\UE4Editor-SGAUnreal-5322.pdb".
  Deleting old hot reload file: "D:\L.Programs\Programming\Unreal\SGA_unreal\SGAUnreal\Binaries\Win64\UE4Editor-SGAUnreal-6070.dll".
  Deleting old hot reload file: "D:\L.Programs\Programming\Unreal\SGA_unreal\SGAUnreal\Binaries\Win64\UE4Editor-SGAUnreal-6070.pdb".
  Deleting old hot reload file: "D:\L.Programs\Programming\Unreal\SGA_unreal\SGAUnreal\Binaries\Win64\UE4Editor-SGAUnreal-6470.dll".
  Deleting old hot reload file: "D:\L.Programs\Programming\Unreal\SGA_unreal\SGAUnreal\Binaries\Win64\UE4Editor-SGAUnreal-6470.pdb".
  Deleting old hot reload file: "D:\L.Programs\Programming\Unreal\SGA_unreal\SGAUnreal\Binaries\Win64\UE4Editor-SGAUnreal-6735.dll".
  Deleting old hot reload file: "D:\L.Programs\Programming\Unreal\SGA_unreal\SGAUnreal\Binaries\Win64\UE4Editor-SGAUnreal-6735.pdb".
  Deleting old hot reload file: "D:\L.Programs\Programming\Unreal\SGA_unreal\SGAUnreal\Binaries\Win64\UE4Editor-SGAUnreal-6940.dll".
  Deleting old hot reload file: "D:\L.Programs\Programming\Unreal\SGA_unreal\SGAUnreal\Binaries\Win64\UE4Editor-SGAUnreal-6940.pdb".
  Deleting old hot reload file: "D:\L.Programs\Programming\Unreal\SGA_unreal\SGAUnreal\Binaries\Win64\UE4Editor-SGAUnreal-7093.dll".
  Deleting old hot reload file: "D:\L.Programs\Programming\Unreal\SGA_unreal\SGAUnreal\Binaries\Win64\UE4Editor-SGAUnreal-7093.pdb".
  Deleting old hot reload file: "D:\L.Programs\Programming\Unreal\SGA_unreal\SGAUnreal\Binaries\Win64\UE4Editor-SGAUnreal-7223.dll".
  Deleting old hot reload file: "D:\L.Programs\Programming\Unreal\SGA_unreal\SGAUnreal\Binaries\Win64\UE4Editor-SGAUnreal-7223.pdb".
  Deleting old hot reload file: "D:\L.Programs\Programming\Unreal\SGA_unreal\SGAUnreal\Binaries\Win64\UE4Editor-SGAUnreal-7534.dll".
  Deleting old hot reload file: "D:\L.Programs\Programming\Unreal\SGA_unreal\SGAUnreal\Binaries\Win64\UE4Editor-SGAUnreal-7534.pdb".
  Deleting old hot reload file: "D:\L.Programs\Programming\Unreal\SGA_unreal\SGAUnreal\Binaries\Win64\UE4Editor-SGAUnreal-8551.dll".
  Deleting old hot reload file: "D:\L.Programs\Programming\Unreal\SGA_unreal\SGAUnreal\Binaries\Win64\UE4Editor-SGAUnreal-8551.pdb".
  Deleting old hot reload file: "D:\L.Programs\Programming\Unreal\SGA_unreal\SGAUnreal\Binaries\Win64\UE4Editor-SGAUnreal-8672.dll".
  Deleting old hot reload file: "D:\L.Programs\Programming\Unreal\SGA_unreal\SGAUnreal\Binaries\Win64\UE4Editor-SGAUnreal-8672.pdb".
  Deleting old hot reload file: "D:\L.Programs\Programming\Unreal\SGA_unreal\SGAUnreal\Binaries\Win64\UE4Editor-SGAUnreal-8925.dll".
  Deleting old hot reload file: "D:\L.Programs\Programming\Unreal\SGA_unreal\SGAUnreal\Binaries\Win64\UE4Editor-SGAUnreal-8925.pdb".
  Deleting old hot reload file: "D:\L.Programs\Programming\Unreal\SGA_unreal\SGAUnreal\Binaries\Win64\UE4Editor-SGAUnreal-9467.dll".
  Deleting old hot reload file: "D:\L.Programs\Programming\Unreal\SGA_unreal\SGAUnreal\Binaries\Win64\UE4Editor-SGAUnreal-9467.pdb".
  Deleting old hot reload file: "D:\L.Programs\Programming\Unreal\SGA_unreal\SGAUnreal\Binaries\Win64\UE4Editor-SGAUnreal-9541.dll".
  Deleting old hot reload file: "D:\L.Programs\Programming\Unreal\SGA_unreal\SGAUnreal\Binaries\Win64\UE4Editor-SGAUnreal-9541.pdb".
  Deleting old hot reload file: "D:\L.Programs\Programming\Unreal\SGA_unreal\SGAUnreal\Binaries\Win64\UE4Editor-SGAUnreal-964.dll".
  Deleting old hot reload file: "D:\L.Programs\Programming\Unreal\SGA_unreal\SGAUnreal\Binaries\Win64\UE4Editor-SGAUnreal-964.pdb".
  Deleting old hot reload file: "D:\L.Programs\Programming\Unreal\SGA_unreal\SGAUnreal\Binaries\Win64\UE4Editor-SGAUnreal-9794.dll".
  Deleting old hot reload file: "D:\L.Programs\Programming\Unreal\SGA_unreal\SGAUnreal\Binaries\Win64\UE4Editor-SGAUnreal-9794.pdb".
  Building 3 actions with 8 processes...
    [1/3] CPlayer.cpp
    [2/3] UE4Editor-SGAUnreal.lib
       D:\L.Programs\Programming\Unreal\SGA_unreal\SGAUnreal\Intermediate\Build\Win64\UE4Editor\Development\SGAUnreal\UE4Editor-SGAUnreal.lib ????귯?? ?? D:\L.Programs\Programming\Unreal\SGA_unreal\SGAUnreal\Intermediate\Build\Win64\UE4Editor\Development\SGAUnreal\UE4Editor-SGAUnreal.exp ??u?? ??????? ??????.
    [3/3] UE4Editor-SGAUnreal.dll
       D:\L.Programs\Programming\Unreal\SGA_unreal\SGAUnreal\Intermediate\Build\Win64\UE4Editor\Development\SGAUnreal\UE4Editor-SGAUnreal.suppressed.lib ????귯?? ?? D:\L.Programs\Programming\Unreal\SGA_unreal\SGAUnreal\Intermediate\Build\Win64\UE4Editor\Development\SGAUnreal\UE4Editor-SGAUnreal.suppressed.exp ??u?? ??????? ??????.
  Deploying SGAUnrealEditor Win64 Development...
  Total build time: 13.60 seconds (Parallel executor: 9.29 seconds)
